;  LST file generated by mikroListExporter - v.2.0 
; Date/Time: 30.10.2015 0:21:16
;----------------------------------------------

;Address Opcode 	ASM
0x0000	0x2833      	GOTO       51
_____DoICP:
;__Lib_System.c,6 :: 		
;__Lib_System.c,9 :: 		
0x0003	0x1283      	BCF        STATUS, 5
0x0004	0x1303      	BCF        STATUS, 6
0x0005	0x0824      	MOVF       ___DoICPAddr+1, 0
0x0006	0x008A      	MOVWF      PCLATH
;__Lib_System.c,10 :: 		
0x0007	0x0823      	MOVF       ___DoICPAddr, 0
0x0008	0x0082      	MOVWF      PCL
;__Lib_System.c,12 :: 		
L_end_____DoICP:
0x0009	0x0008      	RETURN
; end of _____DoICP
_Sound_Init:
;__Lib_Sound.c,9 :: 		
;__Lib_Sound.c,11 :: 		
0x000A	0x1283      	BCF        STATUS, 5
0x000B	0x1303      	BCF        STATUS, 6
0x000C	0x0825      	MOVF       FARG_Sound_Init_snd_port, 0
0x000D	0x00A2      	MOVWF      __Lib_Sound_soundPortAddr
;__Lib_Sound.c,13 :: 		
0x000E	0x0826      	MOVF       FARG_Sound_Init_snd_pin, 0
0x000F	0x00F1      	MOVWF      R1
0x0010	0x3001      	MOVLW      1
0x0011	0x00F0      	MOVWF      R0
0x0012	0x0871      	MOVF       R1, 0
L__Sound_Init12:
0x0013	0x1903      	BTFSC      STATUS, 2
0x0014	0x2819      	GOTO       L__Sound_Init13
0x0015	0x0DF0      	RLF        R0, 1
0x0016	0x1070      	BCF        R0, 0
0x0017	0x3EFF      	ADDLW      255
0x0018	0x2813      	GOTO       L__Sound_Init12
L__Sound_Init13:
0x0019	0x0870      	MOVF       R0, 0
0x001A	0x00A0      	MOVWF      __Lib_Sound_pinMask1
;__Lib_Sound.c,14 :: 		
0x001B	0x09F0      	COMF       R0, 1
0x001C	0x0870      	MOVF       R0, 0
0x001D	0x00A1      	MOVWF      __Lib_Sound_pinMask0
;__Lib_Sound.c,18 :: 		
0x001E	0x3080      	MOVLW      128
0x001F	0x0725      	ADDWF      FARG_Sound_Init_snd_port, 0
0x0020	0x0084      	MOVWF      FSR
;__Lib_Sound.c,19 :: 		
0x0021	0x0870      	MOVF       R0, 0
0x0022	0x0580      	ANDWF      INDF, 1
;__Lib_Sound.c,20 :: 		
0x0023	0x1384      	BCF        FSR, 7
;__Lib_Sound.c,21 :: 		
0x0024	0x0870      	MOVF       R0, 0
0x0025	0x0580      	ANDWF      INDF, 1
;__Lib_Sound.c,22 :: 		
L_end_Sound_Init:
0x0026	0x0008      	RETURN
; end of _Sound_Init
___CC2DW:
;__Lib_System.c,134 :: 		
;__Lib_System.c,137 :: 		
_CC2D_Loop1:
;__Lib_System.c,139 :: 		
0x0027	0x2003      	CALL       _____DoICP
0x0028	0x118A      	BCF        PCLATH, 3
0x0029	0x120A      	BCF        PCLATH, 4
;__Lib_System.c,141 :: 		
0x002A	0x0080      	MOVWF      INDF
;__Lib_System.c,142 :: 		
0x002B	0x0A84      	INCF       FSR, 1
;__Lib_System.c,143 :: 		
0x002C	0x0AA3      	INCF       ___DoICPAddr, 1
;__Lib_System.c,145 :: 		
0x002D	0x1903      	BTFSC      STATUS, 2
;__Lib_System.c,146 :: 		
0x002E	0x0AA4      	INCF       ___DoICPAddr+1, 1
;__Lib_System.c,147 :: 		
0x002F	0x03F0      	DECF       R0, 1
;__Lib_System.c,149 :: 		
0x0030	0x1D03      	BTFSS      STATUS, 2
;__Lib_System.c,150 :: 		
0x0031	0x2827      	GOTO       _CC2D_Loop1
;__Lib_System.c,152 :: 		
L_end___CC2DW:
0x0032	0x0008      	RETURN
; end of ___CC2DW
_main:
;button.c,1 :: 		void main() {
;button.c,3 :: 		TRISB.F3 = 0;
0x0033	0x1683      	BSF        STATUS, 5
0x0034	0x1303      	BCF        STATUS, 6
0x0035	0x1186      	BCF        TRISB, 3
;button.c,4 :: 		TRISC.F7 = 1;
0x0036	0x1787      	BSF        TRISC, 7
;button.c,6 :: 		Sound_Init(&PORTC,0);
0x0037	0x3007      	MOVLW      PORTC
0x0038	0x1283      	BCF        STATUS, 5
0x0039	0x00A5      	MOVWF      FARG_Sound_Init_snd_port
0x003A	0x01A6      	CLRF       FARG_Sound_Init_snd_pin
0x003B	0x200A      	CALL       _Sound_Init
;button.c,10 :: 		PORTB.F3 = 1;
0x003C	0x1586      	BSF        PORTB, 3
;button.c,11 :: 		while(1)
L_main0:
;button.c,13 :: 		if(PORTC.F7)PORTB.F3 = 1;
0x003D	0x1F87      	BTFSS      PORTC, 7
0x003E	0x2841      	GOTO       L_main2
0x003F	0x1586      	BSF        PORTB, 3
0x0040	0x2842      	GOTO       L_main3
L_main2:
;button.c,14 :: 		else  PORTB.F3 = 0;
0x0041	0x1186      	BCF        PORTB, 3
L_main3:
;button.c,15 :: 		}
0x0042	0x283D      	GOTO       L_main0
;button.c,18 :: 		}
L_end_main:
0x0043	0x2843      	GOTO       $+0
; end of _main
Symbol List:
//** Routines locations **
//ADDRESS    SIZE    PROCEDURE
//----------------------------------------------
0x0003       [7]    _____DoICP
0x000A      [29]    _Sound_Init
0x0027      [12]    ___CC2DW
0x0033      [17]    _main
//** Variables locations ** 
//ADDRESS    SIZE    VARIABLE
//----------------------------------------------
0x0000       [1]    INDF
0x0002       [1]    PCL
0x0003       [1]    STATUS
0x0004       [1]    FSR
0x0006       [1]    PORTB
0x0007       [1]    PORTC
0x000A       [1]    PCLATH
0x0020       [1]    __Lib_Sound_pinMask1
0x0021       [1]    __Lib_Sound_pinMask0
0x0022       [1]    __Lib_Sound_soundPortAddr
0x0023       [2]    ___DoICPAddr
0x0025       [1]    FARG_Sound_Init_snd_port
0x0026       [1]    FARG_Sound_Init_snd_pin
0x0070       [1]    R0
0x0071       [1]    R1
0x0072       [1]    R2
0x0073       [1]    R3
0x0074       [1]    R4
0x0075       [1]    R5
0x0076       [1]    R6
0x0077       [1]    R7
0x0078       [1]    R8
0x0079       [1]    R9
0x007A       [1]    R10
0x007B       [1]    R11
0x007C       [1]    R12
0x007D       [1]    R13
0x007E       [1]    R14
0x007F       [1]    R15
0x0086       [1]    TRISB
0x0087       [1]    TRISC
//** Label List: ** 
//----------------------------------------------
  L_main0
  L_main1
  L_main2
  L_main3
  L_end_main
  _main
  L_Sound_Play0
  L_Sound_Play1
  L_Sound_Play2
  L_Sound_Play3
  L_Sound_Play4
  L_Sound_Play5
  L_Sound_Play6
  L_Sound_Play7
  L_Sound_Play8
  L_Sound_Play9
  L_Sound_Play10
  L_end_Sound_Init
  _Sound_Init
  L__Sound_Init12
  L__Sound_Init13
  L_end_Sound_Play
  _Sound_Play
  L__Sound_Play15
  L__Sound_Play16
  L__Sound_Play17
  L__Sound_Play18
  L__Sound_Play19
  L__Sound_Play20
  L_loopCA2AWs
  L_CA2AWend
  _CCA2AW_Loop1
  L_loopCS2Ss
  L_CS2Send
  _CCS2S_Loop1
  L_CCS2Send
  L_loopFZinSWs
  L_FZinSend
  _CC2D_Loop1
  L_end_____DoICP
  _____DoICP
  L_end_____DoIFC
  _____DoIFC
  L_end___CA2AW
  ___CA2AW
  L_end___CCA2AW
  ___CCA2AW
  L_end___CS2S
  ___CS2S
  L_end___CCS2S
  ___CCS2S
  L_end___FZinS
  ___FZinS
  L_end___CC2DW
  ___CC2DW
  L_end_Swap
  _Swap
