;  ASM code generated by mikroVirtualMachine for PIC - V. 8.2.0.0
;  Date/Time: 4/6/2008 14:03:26
;  Info: http://www.mikroe.com


; ADDRESS	OPCODE	ASM
; ----------------------------------------------
$0000	$2804			GOTO	_main
$0004	$	_main:
;RB3_LED02.c,1 :: 		void main()
;RB3_LED02.c,3 :: 		TRISB.F3=0;              // RB3==> Output
$0004	$1303			BCF	STATUS, RP1
$0005	$1683			BSF	STATUS, RP0
$0006	$1186			BCF	TRISB, 3
;RB3_LED02.c,4 :: 		while(1)                 // Infinite Loop
$0007	$	L_main_0:
;RB3_LED02.c,6 :: 		PORTB.F3=1;         // "1" ==> RB3
$0007	$1283			BCF	STATUS, RP0
$0008	$1586			BSF	PORTB, 3
;RB3_LED02.c,7 :: 		Delay_ms(500);      // Delay
$0009	$300D			MOVLW	13
$000A	$00FC			MOVWF	STACK_12
$000B	$30FF			MOVLW	255
$000C	$00FB			MOVWF	STACK_11
$000D	$30FF			MOVLW	255
$000E	$00FA			MOVWF	STACK_10
$000F	$0BFC			DECFSZ	STACK_12, F
$0010	$2812			GOTO	$+2
$0011	$2819			GOTO	$+8
$0012	$0BFB			DECFSZ	STACK_11, F
$0013	$2815			GOTO	$+2
$0014	$2818			GOTO	$+4
$0015	$0BFA			DECFSZ	STACK_10, F
$0016	$2815			GOTO	$-1
$0017	$2812			GOTO	$-5
$0018	$280F			GOTO	$-9
$0019	$30BF			MOVLW	191
$001A	$00FB			MOVWF	STACK_11
$001B	$30FF			MOVLW	255
$001C	$00FA			MOVWF	STACK_10
$001D	$0BFB			DECFSZ	STACK_11, F
$001E	$2820			GOTO	$+2
$001F	$2823			GOTO	$+4
$0020	$0BFA			DECFSZ	STACK_10, F
$0021	$2820			GOTO	$-1
$0022	$281D			GOTO	$-5
$0023	$302B			MOVLW	43
$0024	$00FA			MOVWF	STACK_10
$0025	$0BFA			DECFSZ	STACK_10, F
$0026	$2825			GOTO	$-1
$0027	$0000			NOP
$0028	$0000			NOP
$0029	$0000			NOP
;RB3_LED02.c,8 :: 		PORTB.F3=0;         // "0" ==> RB3
$002A	$1186			BCF	PORTB, 3
;RB3_LED02.c,9 :: 		Delay_ms(500);      // Delay
$002B	$300D			MOVLW	13
$002C	$00FC			MOVWF	STACK_12
$002D	$30FF			MOVLW	255
$002E	$00FB			MOVWF	STACK_11
$002F	$30FF			MOVLW	255
$0030	$00FA			MOVWF	STACK_10
$0031	$0BFC			DECFSZ	STACK_12, F
$0032	$2834			GOTO	$+2
$0033	$283B			GOTO	$+8
$0034	$0BFB			DECFSZ	STACK_11, F
$0035	$2837			GOTO	$+2
$0036	$283A			GOTO	$+4
$0037	$0BFA			DECFSZ	STACK_10, F
$0038	$2837			GOTO	$-1
$0039	$2834			GOTO	$-5
$003A	$2831			GOTO	$-9
$003B	$30BF			MOVLW	191
$003C	$00FB			MOVWF	STACK_11
$003D	$30FF			MOVLW	255
$003E	$00FA			MOVWF	STACK_10
$003F	$0BFB			DECFSZ	STACK_11, F
$0040	$2842			GOTO	$+2
$0041	$2845			GOTO	$+4
$0042	$0BFA			DECFSZ	STACK_10, F
$0043	$2842			GOTO	$-1
$0044	$283F			GOTO	$-5
$0045	$302B			MOVLW	43
$0046	$00FA			MOVWF	STACK_10
$0047	$0BFA			DECFSZ	STACK_10, F
$0048	$2847			GOTO	$-1
$0049	$0000			NOP
$004A	$0000			NOP
$004B	$0000			NOP
;RB3_LED02.c,10 :: 		}
$004C	$2807			GOTO	L_main_0
;RB3_LED02.c,11 :: 		}
$004D	$284D			GOTO	$


//** Procedures locations **
//ADDRESS		PROCEDURE
//----------------------------------------------
$0004		main


//** Labels locations **
//ADDRESS		LABEL
//----------------------------------------------
$0004		_main:
$0007		L_main_0:


//** Variables locations **
//ADDRESS		VARIABLE
//----------------------------------------------
$0000		INDF
$0002		PCL
$0003		STATUS
$0004		FSR
$0006		PORTB
$000A		PCLATH
$0070		STACK_0
$0071		STACK_1
$0072		STACK_2
$0073		STACK_3
$0074		STACK_4
$0075		STACK_5
$0076		STACK_6
$0077		STACK_7
$0078		STACK_8
$0079		STACK_9
$007A		STACK_10
$007B		STACK_11
$007C		STACK_12
$007D		STACK_13
$007E		STACK_14
$007F		STACK_15
$0086		TRISB


