0	1	mikroCPIC1618.exe -MSF -DBG -pP16F887 -DL -O11111114 -fo20 -N"D:\robot\PIC\ForOlymp.mcppi" -SP"C:\Users\Public\Documents\Mikroelektronika\mikroC PRO for PIC\Defs\" -SP"C:\Users\Public\Documents\Mikroelektronika\mikroC PRO for PIC\Uses\P16\" -SP"D:\robot\PIC\" "ForOlymp.c" "__Lib_Math.mcl" "__Lib_MathDouble.mcl" "__Lib_System.mcl" "__Lib_Delays.mcl" "__Lib_CType.mcl" "__Lib_CString.mcl" "__Lib_CStdlib.mcl" "__Lib_CMath.mcl" "__Lib_MemManager.mcl" "__Lib_Conversions.mcl" "__Lib_Sprinti.mcl" "__Lib_Sprintl.mcl" "__Lib_Time.mcl" "__Lib_Trigonometry.mcl" "__Lib_Button.mcl" "__Lib_Keypad4x4.mcl" "__Lib_Manchester.mcl" "__Lib_OneWire.mcl" "__Lib_PS2.mcl" "__Lib_Sound.mcl" "__Lib_SoftI2C.mcl" "__Lib_SoftSPI.mcl" "__Lib_SoftUART.mcl" "__Lib_ADC_88X.mcl" "__Lib_EEPROM.mcl" "__Lib_FLASH_RW.mcl" "__Lib_I2C_c34.mcl" "__Lib_PWM_c21.mcl" "__Lib_SPI_c345.mcl" "__Lib_UART_c67.mcl" "__Lib_PortExpander.mcl" "__Lib_CANSPI.mcl" "__Lib_CF.mcl" "__Lib_GlcdFonts.mcl" "__Lib_Glcd.mcl" "__Lib_LcdConsts.mcl" "__Lib_Lcd.mcl" "__Lib_RS485.mcl" "__Lib_S1D13700.mcl" "__Lib_T6963C.mcl" "__Lib_SPIGlcd.mcl" "__Lib_SPILcd.mcl" "__Lib_SPILcd8.mcl" "__Lib_SPIT6963C.mcl" "__Lib_EthEnc28j60.mcl" "__Lib_EthEnc24j600.mcl" "__Lib_TouchPanel.mcl"	 
hint: 0	1139	Available RAM: 352 [bytes], Available ROM: 8192 [bytes]	 
hint: 17	1354	 warning: "/*" within comment       /*if (z<0) {  nput(int x,  int y, int z) {	D:\robot\PIC\ForOlymp.c
diagnostics: 0	122	Compilation Started	ForOlymp.c
hint: 72	1163	Variable 'i' has been declared, but not used	ForOlymp.c
hint: 72	1163	Variable 'adc' has been declared, but not used	ForOlymp.c
hint: 72	1163	Variable 'minw' has been declared, but not used	ForOlymp.c
hint: 72	1163	Variable 'maxw' has been declared, but not used	ForOlymp.c
hint: 72	1163	Variable 'tagw' has been declared, but not used	ForOlymp.c
hint: 72	1163	Variable 's' has been declared, but not used	ForOlymp.c
diagnostics: 198	123	Compiled Successfully	ForOlymp.c
hint: 72	1164	Variable 'dist' has been eliminated by optimizer	ForOlymp.c
hint: 73	1164	Variable 'last0' has been eliminated by optimizer	ForOlymp.c
hint: 73	1164	Variable 'last1' has been eliminated by optimizer	ForOlymp.c
hint: 74	1164	Variable 'lastvec' has been eliminated by optimizer	ForOlymp.c
diagnostics: 0	127	All files Compiled in 125 ms	 
hint: 0	1144	Used RAM (bytes): 24 (7%)  Free RAM (bytes): 328 (93%)	Used RAM (bytes): 24 (7%)  Free RAM (bytes): 328 (93%)
hint: 0	1144	Used ROM (program words): 1915 (23%)  Free ROM (program words): 6277 (77%)	Used ROM (program words): 1915 (23%)  Free ROM (program words): 6277 (77%)
diagnostics: 0	125	Project Linked Successfully	ForOlymp.mcppi
diagnostics: 0	128	Linked in 172 ms	 
diagnostics: 0	129	Project 'ForOlymp.mcppi' completed: 375 ms	 
diagnostics: 0	103	Finished successfully: 19 мар 2016, 15:18:46	ForOlymp.mcppi
