;  LST file generated by mikroListExporter - v.2.0 
; Date/Time: 30.10.2015 11:59:41
;----------------------------------------------

;Address Opcode 	ASM
0x0000	0x2B76      	GOTO       886
_Delay_50us:
;__Lib_Delays.c,19 :: 		void Delay_50us() {
;__Lib_Delays.c,20 :: 		Delay_us(50);
0x0003	0x3053      	MOVLW      83
0x0004	0x1283      	BCF        STATUS, 5
0x0005	0x1303      	BCF        STATUS, 6
0x0006	0x00FD      	MOVWF      R13
L_Delay_50us2:
0x0007	0x0BFD      	DECFSZ     R13, 1
0x0008	0x2807      	GOTO       L_Delay_50us2
;__Lib_Delays.c,21 :: 		}
L_end_Delay_50us:
0x0009	0x0008      	RETURN
; end of _Delay_50us
_Delay_1us:
;__Lib_Delays.c,7 :: 		void Delay_1us() {
;__Lib_Delays.c,8 :: 		Delay_us(1);
0x000A	0x0000      	NOP
0x000B	0x0000      	NOP
0x000C	0x0000      	NOP
0x000D	0x0000      	NOP
0x000E	0x0000      	NOP
;__Lib_Delays.c,9 :: 		}
L_end_Delay_1us:
0x000F	0x0008      	RETURN
; end of _Delay_1us
_Delay_5500us:
;__Lib_Delays.c,31 :: 		void Delay_5500us() {
;__Lib_Delays.c,32 :: 		Delay_us(5500);
0x0010	0x3024      	MOVLW      36
0x0011	0x1283      	BCF        STATUS, 5
0x0012	0x1303      	BCF        STATUS, 6
0x0013	0x00FC      	MOVWF      R12
0x0014	0x30B5      	MOVLW      181
0x0015	0x00FD      	MOVWF      R13
L_Delay_5500us5:
0x0016	0x0BFD      	DECFSZ     R13, 1
0x0017	0x2816      	GOTO       L_Delay_5500us5
0x0018	0x0BFC      	DECFSZ     R12, 1
0x0019	0x2816      	GOTO       L_Delay_5500us5
0x001A	0x0000      	NOP
0x001B	0x0000      	NOP
;__Lib_Delays.c,33 :: 		}
L_end_Delay_5500us:
0x001C	0x0008      	RETURN
; end of _Delay_5500us
_Lcd_Cmd:
;__Lib_Lcd.c,18 :: 		
;__Lib_Lcd.c,20 :: 		
0x001D	0x1283      	BCF        STATUS, 5
0x001E	0x1303      	BCF        STATUS, 6
0x001F	0x1BD2      	BTFSC      FARG_Lcd_Cmd_out_char, 7
0x0020	0x2823      	GOTO       L__Lcd_Cmd21
0x0021	0x1388      	BCF        LCD_D7, BitPos(LCD_D7+0)
0x0022	0x2824      	GOTO       L__Lcd_Cmd22
L__Lcd_Cmd21:
0x0023	0x1788      	BSF        LCD_D7, BitPos(LCD_D7+0)
L__Lcd_Cmd22:
;__Lib_Lcd.c,21 :: 		
0x0024	0x1B52      	BTFSC      FARG_Lcd_Cmd_out_char, 6
0x0025	0x2828      	GOTO       L__Lcd_Cmd23
0x0026	0x1308      	BCF        LCD_D6, BitPos(LCD_D6+0)
0x0027	0x2829      	GOTO       L__Lcd_Cmd24
L__Lcd_Cmd23:
0x0028	0x1708      	BSF        LCD_D6, BitPos(LCD_D6+0)
L__Lcd_Cmd24:
;__Lib_Lcd.c,22 :: 		
0x0029	0x1AD2      	BTFSC      FARG_Lcd_Cmd_out_char, 5
0x002A	0x282D      	GOTO       L__Lcd_Cmd25
0x002B	0x1288      	BCF        LCD_D5, BitPos(LCD_D5+0)
0x002C	0x282E      	GOTO       L__Lcd_Cmd26
L__Lcd_Cmd25:
0x002D	0x1688      	BSF        LCD_D5, BitPos(LCD_D5+0)
L__Lcd_Cmd26:
;__Lib_Lcd.c,23 :: 		
0x002E	0x1A52      	BTFSC      FARG_Lcd_Cmd_out_char, 4
0x002F	0x2832      	GOTO       L__Lcd_Cmd27
0x0030	0x1208      	BCF        LCD_D4, BitPos(LCD_D4+0)
0x0031	0x2833      	GOTO       L__Lcd_Cmd28
L__Lcd_Cmd27:
0x0032	0x1608      	BSF        LCD_D4, BitPos(LCD_D4+0)
L__Lcd_Cmd28:
;__Lib_Lcd.c,25 :: 		
0x0033	0x1838      	BTFSC      __Lib_Lcd_cmd_status, BitPos(__Lib_Lcd_cmd_status+0)
0x0034	0x2837      	GOTO       L__Lcd_Cmd29
0x0035	0x1508      	BSF        LCD_RS, BitPos(LCD_RS+0)
0x0036	0x2838      	GOTO       L__Lcd_Cmd30
L__Lcd_Cmd29:
0x0037	0x1108      	BCF        LCD_RS, BitPos(LCD_RS+0)
L__Lcd_Cmd30:
;__Lib_Lcd.c,28 :: 		
0x0038	0x1588      	BSF        LCD_EN, BitPos(LCD_EN+0)
;__Lib_Lcd.c,29 :: 		
0x0039	0x200A      	CALL       _Delay_1us
;__Lib_Lcd.c,30 :: 		
0x003A	0x1188      	BCF        LCD_EN, BitPos(LCD_EN+0)
;__Lib_Lcd.c,33 :: 		
0x003B	0x19D2      	BTFSC      FARG_Lcd_Cmd_out_char, 3
0x003C	0x283F      	GOTO       L__Lcd_Cmd31
0x003D	0x1388      	BCF        LCD_D7, BitPos(LCD_D7+0)
0x003E	0x2840      	GOTO       L__Lcd_Cmd32
L__Lcd_Cmd31:
0x003F	0x1788      	BSF        LCD_D7, BitPos(LCD_D7+0)
L__Lcd_Cmd32:
;__Lib_Lcd.c,34 :: 		
0x0040	0x1952      	BTFSC      FARG_Lcd_Cmd_out_char, 2
0x0041	0x2844      	GOTO       L__Lcd_Cmd33
0x0042	0x1308      	BCF        LCD_D6, BitPos(LCD_D6+0)
0x0043	0x2845      	GOTO       L__Lcd_Cmd34
L__Lcd_Cmd33:
0x0044	0x1708      	BSF        LCD_D6, BitPos(LCD_D6+0)
L__Lcd_Cmd34:
;__Lib_Lcd.c,35 :: 		
0x0045	0x18D2      	BTFSC      FARG_Lcd_Cmd_out_char, 1
0x0046	0x2849      	GOTO       L__Lcd_Cmd35
0x0047	0x1288      	BCF        LCD_D5, BitPos(LCD_D5+0)
0x0048	0x284A      	GOTO       L__Lcd_Cmd36
L__Lcd_Cmd35:
0x0049	0x1688      	BSF        LCD_D5, BitPos(LCD_D5+0)
L__Lcd_Cmd36:
;__Lib_Lcd.c,36 :: 		
0x004A	0x1852      	BTFSC      FARG_Lcd_Cmd_out_char, 0
0x004B	0x284E      	GOTO       L__Lcd_Cmd37
0x004C	0x1208      	BCF        LCD_D4, BitPos(LCD_D4+0)
0x004D	0x284F      	GOTO       L__Lcd_Cmd38
L__Lcd_Cmd37:
0x004E	0x1608      	BSF        LCD_D4, BitPos(LCD_D4+0)
L__Lcd_Cmd38:
;__Lib_Lcd.c,38 :: 		
0x004F	0x1838      	BTFSC      __Lib_Lcd_cmd_status, BitPos(__Lib_Lcd_cmd_status+0)
0x0050	0x2853      	GOTO       L__Lcd_Cmd39
0x0051	0x1508      	BSF        LCD_RS, BitPos(LCD_RS+0)
0x0052	0x2854      	GOTO       L__Lcd_Cmd40
L__Lcd_Cmd39:
0x0053	0x1108      	BCF        LCD_RS, BitPos(LCD_RS+0)
L__Lcd_Cmd40:
;__Lib_Lcd.c,40 :: 		
0x0054	0x1588      	BSF        LCD_EN, BitPos(LCD_EN+0)
;__Lib_Lcd.c,41 :: 		
0x0055	0x200A      	CALL       _Delay_1us
;__Lib_Lcd.c,42 :: 		
0x0056	0x1188      	BCF        LCD_EN, BitPos(LCD_EN+0)
;__Lib_Lcd.c,44 :: 		
0x0057	0x1C38      	BTFSS      __Lib_Lcd_cmd_status, BitPos(__Lib_Lcd_cmd_status+0)
0x0058	0x285B      	GOTO       L_Lcd_Cmd0
;__Lib_Lcd.c,45 :: 		
0x0059	0x2010      	CALL       _Delay_5500us
0x005A	0x285C      	GOTO       L_Lcd_Cmd1
L_Lcd_Cmd0:
;__Lib_Lcd.c,47 :: 		
0x005B	0x2003      	CALL       _Delay_50us
L_Lcd_Cmd1:
;__Lib_Lcd.c,48 :: 		
L_end_Lcd_Cmd:
0x005C	0x0008      	RETURN
; end of _Lcd_Cmd
_Div_16x16_S_L:
;__Lib_Math.c,420 :: 		
;__Lib_Math.c,426 :: 		
0x005D	0x0D71      	RLF        R1, 0
;__Lib_Math.c,427 :: 		
0x005E	0x0DF8      	RLF        R8, 1
;__Lib_Math.c,428 :: 		
0x005F	0x0DF9      	RLF        R9, 1
;__Lib_Math.c,429 :: 		
0x0060	0x0874      	MOVF       R4, 0
;__Lib_Math.c,430 :: 		
0x0061	0x02F8      	SUBWF      R8, 1
;__Lib_Math.c,431 :: 		
0x0062	0x0875      	MOVF       R5, 0
;__Lib_Math.c,432 :: 		
0x0063	0x1C03      	BTFSS      STATUS, 0
;__Lib_Math.c,433 :: 		
0x0064	0x0F75      	INCFSZ     R5, 0
;__Lib_Math.c,434 :: 		
0x0065	0x02F9      	SUBWF      R9, 1
;__Lib_Math.c,435 :: 		
0x0066	0x0DF0      	RLF        R0, 1
;__Lib_Math.c,436 :: 		
0x0067	0x0DF1      	RLF        R1, 1
;__Lib_Math.c,438 :: 		
0x0068	0x300F      	MOVLW      15
;__Lib_Math.c,439 :: 		
0x0069	0x00FC      	MOVWF      R12
;__Lib_Math.c,441 :: 		
0x006A	0x0D71      	RLF        R1, 0
;__Lib_Math.c,442 :: 		
0x006B	0x0DF8      	RLF        R8, 1
;__Lib_Math.c,443 :: 		
0x006C	0x0DF9      	RLF        R9, 1
;__Lib_Math.c,444 :: 		
0x006D	0x0874      	MOVF       R4, 0
;__Lib_Math.c,446 :: 		
0x006E	0x1C70      	BTFSS      R0, 0
;__Lib_Math.c,447 :: 		
0x006F	0x2876      	GOTO       $+7
;__Lib_Math.c,448 :: 		
0x0070	0x02F8      	SUBWF      R8, 1
;__Lib_Math.c,449 :: 		
0x0071	0x0875      	MOVF       R5, 0
;__Lib_Math.c,450 :: 		
0x0072	0x1C03      	BTFSS      STATUS, 0
;__Lib_Math.c,451 :: 		
0x0073	0x0F75      	INCFSZ     R5, 0
;__Lib_Math.c,452 :: 		
0x0074	0x02F9      	SUBWF      R9, 1
;__Lib_Math.c,453 :: 		
0x0075	0x287B      	GOTO       $+6
;__Lib_Math.c,455 :: 		
0x0076	0x07F8      	ADDWF      R8, 1
;__Lib_Math.c,456 :: 		
0x0077	0x0875      	MOVF       R5, 0
;__Lib_Math.c,457 :: 		
0x0078	0x1803      	BTFSC      STATUS, 0
;__Lib_Math.c,458 :: 		
0x0079	0x0F75      	INCFSZ     R5, 0
;__Lib_Math.c,459 :: 		
0x007A	0x07F9      	ADDWF      R9, 1
;__Lib_Math.c,461 :: 		
0x007B	0x0DF0      	RLF        R0, 1
;__Lib_Math.c,462 :: 		
0x007C	0x0DF1      	RLF        R1, 1
;__Lib_Math.c,464 :: 		
0x007D	0x0BFC      	DECFSZ     R12, 1
;__Lib_Math.c,465 :: 		
0x007E	0x286A      	GOTO       $-20
;__Lib_Math.c,467 :: 		
0x007F	0x1870      	BTFSC      R0, 0
;__Lib_Math.c,468 :: 		
0x0080	0x2887      	GOTO       $+7
;__Lib_Math.c,469 :: 		
0x0081	0x0874      	MOVF       R4, 0
;__Lib_Math.c,470 :: 		
0x0082	0x07F8      	ADDWF      R8, 1
;__Lib_Math.c,471 :: 		
0x0083	0x0875      	MOVF       R5, 0
;__Lib_Math.c,472 :: 		
0x0084	0x1803      	BTFSC      STATUS, 0
;__Lib_Math.c,473 :: 		
0x0085	0x0F75      	INCFSZ     R5, 0
;__Lib_Math.c,474 :: 		
0x0086	0x07F9      	ADDWF      R9, 1
;__Lib_Math.c,475 :: 		
0x0087	0x0000      	NOP
;__Lib_Math.c,477 :: 		
L_end_Div_16x16_S_L:
0x0088	0x0008      	RETURN
; end of _Div_16x16_S_L
_Lcd_Chr_CP:
;__Lib_Lcd.c,50 :: 		
;__Lib_Lcd.c,52 :: 		
0x0089	0x1283      	BCF        STATUS, 5
0x008A	0x1303      	BCF        STATUS, 6
0x008B	0x1038      	BCF        __Lib_Lcd_cmd_status, BitPos(__Lib_Lcd_cmd_status+0)
;__Lib_Lcd.c,53 :: 		
0x008C	0x0851      	MOVF       FARG_Lcd_Chr_CP_out_char, 0
0x008D	0x00D2      	MOVWF      FARG_Lcd_Cmd_out_char
0x008E	0x201D      	CALL       _Lcd_Cmd
;__Lib_Lcd.c,54 :: 		
0x008F	0x1438      	BSF        __Lib_Lcd_cmd_status, BitPos(__Lib_Lcd_cmd_status+0)
;__Lib_Lcd.c,55 :: 		
L_end_Lcd_Chr_CP:
0x0090	0x0008      	RETURN
; end of _Lcd_Chr_CP
_serv:
;ulra_regen2.c,36 :: 		void serv(int a, int port, int look) /// а - грады(проценты)
;ulra_regen2.c,39 :: 		if(look==1)k=1;
0x0091	0x3000      	MOVLW      0
0x0092	0x1283      	BCF        STATUS, 5
0x0093	0x1303      	BCF        STATUS, 6
0x0094	0x0650      	XORWF      FARG_serv_look+1, 0
0x0095	0x1D03      	BTFSS      STATUS, 2
0x0096	0x2899      	GOTO       L__serv50
0x0097	0x3001      	MOVLW      1
0x0098	0x064F      	XORWF      FARG_serv_look, 0
L__serv50:
0x0099	0x1D03      	BTFSS      STATUS, 2
0x009A	0x28A0      	GOTO       L_serv0
0x009B	0x3001      	MOVLW      1
0x009C	0x00F7      	MOVWF      R7
0x009D	0x3000      	MOVLW      0
0x009E	0x00F8      	MOVWF      R7+1
0x009F	0x28A4      	GOTO       L_serv1
L_serv0:
;ulra_regen2.c,40 :: 		else k=15;
0x00A0	0x300F      	MOVLW      15
0x00A1	0x00F7      	MOVWF      R7
0x00A2	0x3000      	MOVLW      0
0x00A3	0x00F8      	MOVWF      R7+1
L_serv1:
;ulra_regen2.c,41 :: 		for(i = 0; i<k; i++)
0x00A4	0x01F3      	CLRF       R3
0x00A5	0x01F4      	CLRF       R3+1
L_serv2:
0x00A6	0x3080      	MOVLW      128
0x00A7	0x0674      	XORWF      R3+1, 0
0x00A8	0x00F0      	MOVWF      R0
0x00A9	0x3080      	MOVLW      128
0x00AA	0x0678      	XORWF      R7+1, 0
0x00AB	0x0270      	SUBWF      R0, 0
0x00AC	0x1D03      	BTFSS      STATUS, 2
0x00AD	0x28B0      	GOTO       L__serv51
0x00AE	0x0877      	MOVF       R7, 0
0x00AF	0x0273      	SUBWF      R3, 0
L__serv51:
0x00B0	0x1803      	BTFSC      STATUS, 0
0x00B1	0x2960      	GOTO       L_serv3
;ulra_regen2.c,43 :: 		if(port == 0) PORTC.F6 = 1;
0x00B2	0x3000      	MOVLW      0
0x00B3	0x064E      	XORWF      FARG_serv_port+1, 0
0x00B4	0x1D03      	BTFSS      STATUS, 2
0x00B5	0x28B8      	GOTO       L__serv52
0x00B6	0x3000      	MOVLW      0
0x00B7	0x064D      	XORWF      FARG_serv_port, 0
L__serv52:
0x00B8	0x1D03      	BTFSS      STATUS, 2
0x00B9	0x28BC      	GOTO       L_serv5
0x00BA	0x1707      	BSF        PORTC, 6
0x00BB	0x28D9      	GOTO       L_serv6
L_serv5:
;ulra_regen2.c,44 :: 		else if(port == 1) PORTC.F5 = 1;
0x00BC	0x3000      	MOVLW      0
0x00BD	0x064E      	XORWF      FARG_serv_port+1, 0
0x00BE	0x1D03      	BTFSS      STATUS, 2
0x00BF	0x28C2      	GOTO       L__serv53
0x00C0	0x3001      	MOVLW      1
0x00C1	0x064D      	XORWF      FARG_serv_port, 0
L__serv53:
0x00C2	0x1D03      	BTFSS      STATUS, 2
0x00C3	0x28C6      	GOTO       L_serv7
0x00C4	0x1687      	BSF        PORTC, 5
0x00C5	0x28D9      	GOTO       L_serv8
L_serv7:
;ulra_regen2.c,45 :: 		else if(port == 2) PORTB.F4 = 1;
0x00C6	0x3000      	MOVLW      0
0x00C7	0x064E      	XORWF      FARG_serv_port+1, 0
0x00C8	0x1D03      	BTFSS      STATUS, 2
0x00C9	0x28CC      	GOTO       L__serv54
0x00CA	0x3002      	MOVLW      2
0x00CB	0x064D      	XORWF      FARG_serv_port, 0
L__serv54:
0x00CC	0x1D03      	BTFSS      STATUS, 2
0x00CD	0x28D0      	GOTO       L_serv9
0x00CE	0x1606      	BSF        PORTB, 4
0x00CF	0x28D9      	GOTO       L_serv10
L_serv9:
;ulra_regen2.c,46 :: 		else if(port == 3) PORTB.F5 = 1;
0x00D0	0x3000      	MOVLW      0
0x00D1	0x064E      	XORWF      FARG_serv_port+1, 0
0x00D2	0x1D03      	BTFSS      STATUS, 2
0x00D3	0x28D6      	GOTO       L__serv55
0x00D4	0x3003      	MOVLW      3
0x00D5	0x064D      	XORWF      FARG_serv_port, 0
L__serv55:
0x00D6	0x1D03      	BTFSS      STATUS, 2
0x00D7	0x28D9      	GOTO       L_serv11
0x00D8	0x1686      	BSF        PORTB, 5
L_serv11:
L_serv10:
L_serv8:
L_serv6:
;ulra_regen2.c,48 :: 		delay_us(450);
0x00D9	0x3003      	MOVLW      3
0x00DA	0x00FC      	MOVWF      R12
0x00DB	0x30EB      	MOVLW      235
0x00DC	0x00FD      	MOVWF      R13
L_serv12:
0x00DD	0x0BFD      	DECFSZ     R13, 1
0x00DE	0x28DD      	GOTO       L_serv12
0x00DF	0x0BFC      	DECFSZ     R12, 1
0x00E0	0x28DD      	GOTO       L_serv12
;ulra_regen2.c,49 :: 		if(a<=50)for(j = 0; j<a; j++)delay_us(14); //976/50
0x00E1	0x3080      	MOVLW      128
0x00E2	0x00F0      	MOVWF      R0
0x00E3	0x3080      	MOVLW      128
0x00E4	0x064C      	XORWF      FARG_serv_a+1, 0
0x00E5	0x0270      	SUBWF      R0, 0
0x00E6	0x1D03      	BTFSS      STATUS, 2
0x00E7	0x28EA      	GOTO       L__serv56
0x00E8	0x084B      	MOVF       FARG_serv_a, 0
0x00E9	0x3C32      	SUBLW      50
L__serv56:
0x00EA	0x1C03      	BTFSS      STATUS, 0
0x00EB	0x2903      	GOTO       L_serv13
0x00EC	0x01F5      	CLRF       R5
0x00ED	0x01F6      	CLRF       R5+1
L_serv14:
0x00EE	0x3080      	MOVLW      128
0x00EF	0x0676      	XORWF      R5+1, 0
0x00F0	0x00F0      	MOVWF      R0
0x00F1	0x3080      	MOVLW      128
0x00F2	0x064C      	XORWF      FARG_serv_a+1, 0
0x00F3	0x0270      	SUBWF      R0, 0
0x00F4	0x1D03      	BTFSS      STATUS, 2
0x00F5	0x28F8      	GOTO       L__serv57
0x00F6	0x084B      	MOVF       FARG_serv_a, 0
0x00F7	0x0275      	SUBWF      R5, 0
L__serv57:
0x00F8	0x1803      	BTFSC      STATUS, 0
0x00F9	0x2902      	GOTO       L_serv15
0x00FA	0x3017      	MOVLW      23
0x00FB	0x00FD      	MOVWF      R13
L_serv17:
0x00FC	0x0BFD      	DECFSZ     R13, 1
0x00FD	0x28FC      	GOTO       L_serv17
0x00FE	0x0AF5      	INCF       R5, 1
0x00FF	0x1903      	BTFSC      STATUS, 2
0x0100	0x0AF6      	INCF       R5+1, 1
0x0101	0x28EE      	GOTO       L_serv14
L_serv15:
0x0102	0x292B      	GOTO       L_serv18
L_serv13:
;ulra_regen2.c,52 :: 		delay_us(14*50+140);
0x0103	0x3006      	MOVLW      6
0x0104	0x00FC      	MOVWF      R12
0x0105	0x3073      	MOVLW      115
0x0106	0x00FD      	MOVWF      R13
L_serv19:
0x0107	0x0BFD      	DECFSZ     R13, 1
0x0108	0x2907      	GOTO       L_serv19
0x0109	0x0BFC      	DECFSZ     R12, 1
0x010A	0x2907      	GOTO       L_serv19
;ulra_regen2.c,53 :: 		for(j = 0; j<(a-50); j++)delay_us(15);
0x010B	0x01F5      	CLRF       R5
0x010C	0x01F6      	CLRF       R5+1
L_serv20:
0x010D	0x3032      	MOVLW      50
0x010E	0x024B      	SUBWF      FARG_serv_a, 0
0x010F	0x00F1      	MOVWF      R1
0x0110	0x3000      	MOVLW      0
0x0111	0x1C03      	BTFSS      STATUS, 0
0x0112	0x3E01      	ADDLW      1
0x0113	0x024C      	SUBWF      FARG_serv_a+1, 0
0x0114	0x00F2      	MOVWF      R1+1
0x0115	0x3080      	MOVLW      128
0x0116	0x0676      	XORWF      R5+1, 0
0x0117	0x00F0      	MOVWF      R0
0x0118	0x3080      	MOVLW      128
0x0119	0x0672      	XORWF      R1+1, 0
0x011A	0x0270      	SUBWF      R0, 0
0x011B	0x1D03      	BTFSS      STATUS, 2
0x011C	0x291F      	GOTO       L__serv58
0x011D	0x0871      	MOVF       R1, 0
0x011E	0x0275      	SUBWF      R5, 0
L__serv58:
0x011F	0x1803      	BTFSC      STATUS, 0
0x0120	0x292B      	GOTO       L_serv21
0x0121	0x3018      	MOVLW      24
0x0122	0x00FD      	MOVWF      R13
L_serv23:
0x0123	0x0BFD      	DECFSZ     R13, 1
0x0124	0x2923      	GOTO       L_serv23
0x0125	0x0000      	NOP
0x0126	0x0000      	NOP
0x0127	0x0AF5      	INCF       R5, 1
0x0128	0x1903      	BTFSC      STATUS, 2
0x0129	0x0AF6      	INCF       R5+1, 1
0x012A	0x290D      	GOTO       L_serv20
L_serv21:
;ulra_regen2.c,54 :: 		}
L_serv18:
;ulra_regen2.c,55 :: 		if(port == 0) PORTC.F6 = 0;
0x012B	0x3000      	MOVLW      0
0x012C	0x064E      	XORWF      FARG_serv_port+1, 0
0x012D	0x1D03      	BTFSS      STATUS, 2
0x012E	0x2931      	GOTO       L__serv59
0x012F	0x3000      	MOVLW      0
0x0130	0x064D      	XORWF      FARG_serv_port, 0
L__serv59:
0x0131	0x1D03      	BTFSS      STATUS, 2
0x0132	0x2935      	GOTO       L_serv24
0x0133	0x1307      	BCF        PORTC, 6
0x0134	0x2952      	GOTO       L_serv25
L_serv24:
;ulra_regen2.c,56 :: 		else if(port == 1) PORTC.F5 = 0;
0x0135	0x3000      	MOVLW      0
0x0136	0x064E      	XORWF      FARG_serv_port+1, 0
0x0137	0x1D03      	BTFSS      STATUS, 2
0x0138	0x293B      	GOTO       L__serv60
0x0139	0x3001      	MOVLW      1
0x013A	0x064D      	XORWF      FARG_serv_port, 0
L__serv60:
0x013B	0x1D03      	BTFSS      STATUS, 2
0x013C	0x293F      	GOTO       L_serv26
0x013D	0x1287      	BCF        PORTC, 5
0x013E	0x2952      	GOTO       L_serv27
L_serv26:
;ulra_regen2.c,57 :: 		else if(port == 2) PORTB.F4 = 0;
0x013F	0x3000      	MOVLW      0
0x0140	0x064E      	XORWF      FARG_serv_port+1, 0
0x0141	0x1D03      	BTFSS      STATUS, 2
0x0142	0x2945      	GOTO       L__serv61
0x0143	0x3002      	MOVLW      2
0x0144	0x064D      	XORWF      FARG_serv_port, 0
L__serv61:
0x0145	0x1D03      	BTFSS      STATUS, 2
0x0146	0x2949      	GOTO       L_serv28
0x0147	0x1206      	BCF        PORTB, 4
0x0148	0x2952      	GOTO       L_serv29
L_serv28:
;ulra_regen2.c,58 :: 		else if(port == 3) PORTB.F5 = 0;
0x0149	0x3000      	MOVLW      0
0x014A	0x064E      	XORWF      FARG_serv_port+1, 0
0x014B	0x1D03      	BTFSS      STATUS, 2
0x014C	0x294F      	GOTO       L__serv62
0x014D	0x3003      	MOVLW      3
0x014E	0x064D      	XORWF      FARG_serv_port, 0
L__serv62:
0x014F	0x1D03      	BTFSS      STATUS, 2
0x0150	0x2952      	GOTO       L_serv30
0x0151	0x1286      	BCF        PORTB, 5
L_serv30:
L_serv29:
L_serv27:
L_serv25:
;ulra_regen2.c,60 :: 		delay_ms(20);
0x0152	0x3082      	MOVLW      130
0x0153	0x00FC      	MOVWF      R12
0x0154	0x30DD      	MOVLW      221
0x0155	0x00FD      	MOVWF      R13
L_serv31:
0x0156	0x0BFD      	DECFSZ     R13, 1
0x0157	0x2956      	GOTO       L_serv31
0x0158	0x0BFC      	DECFSZ     R12, 1
0x0159	0x2956      	GOTO       L_serv31
0x015A	0x0000      	NOP
0x015B	0x0000      	NOP
;ulra_regen2.c,41 :: 		for(i = 0; i<k; i++)
0x015C	0x0AF3      	INCF       R3, 1
0x015D	0x1903      	BTFSC      STATUS, 2
0x015E	0x0AF4      	INCF       R3+1, 1
;ulra_regen2.c,61 :: 		}
0x015F	0x28A6      	GOTO       L_serv2
L_serv3:
;ulra_regen2.c,62 :: 		}
L_end_serv:
0x0160	0x0008      	RETURN
; end of _serv
_____DoICP:
;__Lib_System.c,6 :: 		
;__Lib_System.c,9 :: 		
0x0161	0x1283      	BCF        STATUS, 5
0x0162	0x1303      	BCF        STATUS, 6
0x0163	0x0837      	MOVF       ___DoICPAddr+1, 0
0x0164	0x008A      	MOVWF      PCLATH
;__Lib_System.c,10 :: 		
0x0165	0x0836      	MOVF       ___DoICPAddr, 0
0x0166	0x0082      	MOVWF      PCL
;__Lib_System.c,12 :: 		
L_end_____DoICP:
0x0167	0x0008      	RETURN
; end of _____DoICP
_Div_16x16_S:
;__Lib_Math.c,479 :: 		
;__Lib_Math.c,487 :: 		
0x0168	0x1283      	BCF        STATUS, 5
0x0169	0x1303      	BCF        STATUS, 6
0x016A	0x0874      	MOVF       R4, 0
0x016B	0x3A00      	XORLW      0
0x016C	0x1D03      	BTFSS      STATUS, 2
0x016D	0x2977      	GOTO       L_Div_16x16_S0
;__Lib_Math.c,488 :: 		
0x016E	0x0875      	MOVF       R5, 0
0x016F	0x3A00      	XORLW      0
0x0170	0x1D03      	BTFSS      STATUS, 2
0x0171	0x2977      	GOTO       L_Div_16x16_S1
;__Lib_Math.c,489 :: 		
0x0172	0x30FF      	MOVLW      255
0x0173	0x00F0      	MOVWF      R0
;__Lib_Math.c,490 :: 		
0x0174	0x307F      	MOVLW      127
0x0175	0x00F1      	MOVWF      R1
;__Lib_Math.c,491 :: 		
0x0176	0x29D0      	GOTO       L_end_Div_16x16_S
;__Lib_Math.c,492 :: 		
L_Div_16x16_S1:
L_Div_16x16_S0:
;__Lib_Math.c,495 :: 		
0x0177	0x1283      	BCF        STATUS, 5
;__Lib_Math.c,496 :: 		
0x0178	0x1303      	BCF        STATUS, 6
;__Lib_Math.c,497 :: 		
0x0179	0x01FD      	CLRF       R13
;__Lib_Math.c,498 :: 		
0x017A	0x01F9      	CLRF       R9
;__Lib_Math.c,499 :: 		
0x017B	0x01F8      	CLRF       R8
;__Lib_Math.c,500 :: 		
0x017C	0x0871      	MOVF       R1, 0
;__Lib_Math.c,501 :: 		
0x017D	0x0470      	IORWF      R0, 0
;__Lib_Math.c,502 :: 		
0x017E	0x1903      	BTFSC      STATUS, 2
;__Lib_Math.c,503 :: 		
0x017F	0x3400      	RETLW      0
;__Lib_Math.c,505 :: 		
0x0180	0x0871      	MOVF       R1, 0
;__Lib_Math.c,506 :: 		
0x0181	0x0675      	XORWF      R5, 0
;__Lib_Math.c,507 :: 		
0x0182	0x00FA      	MOVWF      R10
;__Lib_Math.c,508 :: 		
0x0183	0x1BFA      	BTFSC      R10, 7
;__Lib_Math.c,509 :: 		
0x0184	0x09FD      	COMF       R13, 1
;__Lib_Math.c,511 :: 		
0x0185	0x01FB      	CLRF       R11
;__Lib_Math.c,513 :: 		
0x0186	0x1FF5      	BTFSS      R5, 7
;__Lib_Math.c,514 :: 		
0x0187	0x298D      	GOTO       $+6
;__Lib_Math.c,516 :: 		
0x0188	0x09F4      	COMF       R4, 1
;__Lib_Math.c,517 :: 		
0x0189	0x09F5      	COMF       R5, 1
;__Lib_Math.c,518 :: 		
0x018A	0x0AF4      	INCF       R4, 1
;__Lib_Math.c,519 :: 		
0x018B	0x1903      	BTFSC      STATUS, 2
;__Lib_Math.c,520 :: 		
0x018C	0x0AF5      	INCF       R5, 1
;__Lib_Math.c,522 :: 		
0x018D	0x1FF1      	BTFSS      R1, 7
;__Lib_Math.c,523 :: 		
0x018E	0x2994      	GOTO       $+6
;__Lib_Math.c,525 :: 		
0x018F	0x09F0      	COMF       R0, 1
;__Lib_Math.c,526 :: 		
0x0190	0x09F1      	COMF       R1, 1
;__Lib_Math.c,527 :: 		
0x0191	0x0AF0      	INCF       R0, 1
;__Lib_Math.c,528 :: 		
0x0192	0x1903      	BTFSC      STATUS, 2
;__Lib_Math.c,529 :: 		
0x0193	0x0AF1      	INCF       R1, 1
;__Lib_Math.c,531 :: 		
0x0194	0x0871      	MOVF       R1, 0
;__Lib_Math.c,532 :: 		
0x0195	0x0475      	IORWF      R5, 0
;__Lib_Math.c,533 :: 		
0x0196	0x00FA      	MOVWF      R10
;__Lib_Math.c,534 :: 		
0x0197	0x1BFA      	BTFSC      R10, 7
;__Lib_Math.c,535 :: 		
0x0198	0x29A9      	GOTO       $+17
;__Lib_Math.c,537 :: 		
0x0199	0x205D      	CALL       _Div_16x16_S_L
;__Lib_Math.c,539 :: 		
0x019A	0x187B      	BTFSC      R11, 0
;__Lib_Math.c,540 :: 		
0x019B	0x29BC      	GOTO       $+33
;__Lib_Math.c,542 :: 		
0x019C	0x1FFD      	BTFSS      R13, 7
;__Lib_Math.c,543 :: 		
0x019D	0x3400      	RETLW      0
;__Lib_Math.c,545 :: 		
0x019E	0x09F0      	COMF       R0, 1
;__Lib_Math.c,546 :: 		
0x019F	0x09F1      	COMF       R1, 1
;__Lib_Math.c,547 :: 		
0x01A0	0x0AF0      	INCF       R0, 1
;__Lib_Math.c,548 :: 		
0x01A1	0x1903      	BTFSC      STATUS, 2
;__Lib_Math.c,549 :: 		
0x01A2	0x0AF1      	INCF       R1, 1
;__Lib_Math.c,551 :: 		
0x01A3	0x09F8      	COMF       R8, 1
;__Lib_Math.c,552 :: 		
0x01A4	0x09F9      	COMF       R9, 1
;__Lib_Math.c,553 :: 		
0x01A5	0x0AF8      	INCF       R8, 1
;__Lib_Math.c,554 :: 		
0x01A6	0x1903      	BTFSC      STATUS, 2
;__Lib_Math.c,555 :: 		
0x01A7	0x0AF9      	INCF       R9, 1
;__Lib_Math.c,557 :: 		
0x01A8	0x3400      	RETLW      0
;__Lib_Math.c,559 :: 		
0x01A9	0x1FF5      	BTFSS      R5, 7
;__Lib_Math.c,560 :: 		
0x01AA	0x29B8      	GOTO       $+14
;__Lib_Math.c,561 :: 		
0x01AB	0x1BF1      	BTFSC      R1, 7
;__Lib_Math.c,562 :: 		
0x01AC	0x29B4      	GOTO       $+8
;__Lib_Math.c,563 :: 		
0x01AD	0x0871      	MOVF       R1, 0
;__Lib_Math.c,564 :: 		
0x01AE	0x00F9      	MOVWF      R9
;__Lib_Math.c,565 :: 		
0x01AF	0x0870      	MOVF       R0, 0
;__Lib_Math.c,566 :: 		
0x01B0	0x00F8      	MOVWF      R8
;__Lib_Math.c,567 :: 		
0x01B1	0x01F1      	CLRF       R1
;__Lib_Math.c,568 :: 		
0x01B2	0x01F0      	CLRF       R0
;__Lib_Math.c,569 :: 		
0x01B3	0x299C      	GOTO       $-23
;__Lib_Math.c,570 :: 		
0x01B4	0x01F1      	CLRF       R1
;__Lib_Math.c,571 :: 		
0x01B5	0x01F0      	CLRF       R0
;__Lib_Math.c,572 :: 		
0x01B6	0x0AF0      	INCF       R0, 1
;__Lib_Math.c,573 :: 		
0x01B7	0x3400      	RETLW      0
;__Lib_Math.c,575 :: 		
0x01B8	0x09F1      	COMF       R1, 1
;__Lib_Math.c,576 :: 		
0x01B9	0x09F0      	COMF       R0, 1
;__Lib_Math.c,577 :: 		
0x01BA	0x0AFB      	INCF       R11, 1
;__Lib_Math.c,578 :: 		
0x01BB	0x2999      	GOTO       $-34
;__Lib_Math.c,580 :: 		
0x01BC	0x0AF8      	INCF       R8, 1
;__Lib_Math.c,581 :: 		
0x01BD	0x1903      	BTFSC      STATUS, 2
;__Lib_Math.c,582 :: 		
0x01BE	0x0AF9      	INCF       R9, 1
;__Lib_Math.c,583 :: 		
0x01BF	0x0874      	MOVF       R4, 0
;__Lib_Math.c,584 :: 		
0x01C0	0x0278      	SUBWF      R8, 0
;__Lib_Math.c,585 :: 		
0x01C1	0x1D03      	BTFSS      STATUS, 2
;__Lib_Math.c,586 :: 		
0x01C2	0x299C      	GOTO       $-38
;__Lib_Math.c,587 :: 		
0x01C3	0x0875      	MOVF       R5, 0
;__Lib_Math.c,588 :: 		
0x01C4	0x0279      	SUBWF      R9, 0
;__Lib_Math.c,589 :: 		
0x01C5	0x1D03      	BTFSS      STATUS, 2
;__Lib_Math.c,590 :: 		
0x01C6	0x299C      	GOTO       $-42
;__Lib_Math.c,591 :: 		
0x01C7	0x01F9      	CLRF       R9
;__Lib_Math.c,592 :: 		
0x01C8	0x01F8      	CLRF       R8
;__Lib_Math.c,593 :: 		
0x01C9	0x0AF0      	INCF       R0, 1
;__Lib_Math.c,594 :: 		
0x01CA	0x1903      	BTFSC      STATUS, 2
;__Lib_Math.c,595 :: 		
0x01CB	0x0AF1      	INCF       R1, 1
;__Lib_Math.c,596 :: 		
0x01CC	0x1FF1      	BTFSS      R1, 7
;__Lib_Math.c,597 :: 		
0x01CD	0x299C      	GOTO       $-49
;__Lib_Math.c,598 :: 		
0x01CE	0x0000      	NOP
;__Lib_Math.c,599 :: 		
0x01CF	0x34FF      	RETLW      255
;__Lib_Math.c,601 :: 		
L_end_Div_16x16_S:
0x01D0	0x0008      	RETURN
; end of _Div_16x16_S
_Lcd_Out:
;__Lib_Lcd.c,184 :: 		
;__Lib_Lcd.c,187 :: 		
0x01D1	0x29E3      	GOTO       L_Lcd_Out11
;__Lib_Lcd.c,188 :: 		
L_Lcd_Out13:
0x01D2	0x3080      	MOVLW      128
0x01D3	0x1283      	BCF        STATUS, 5
0x01D4	0x1303      	BCF        STATUS, 6
0x01D5	0x00CB      	MOVWF      FARG_Lcd_Out_row
0x01D6	0x29F6      	GOTO       L_Lcd_Out12
;__Lib_Lcd.c,189 :: 		
L_Lcd_Out14:
0x01D7	0x30C0      	MOVLW      192
0x01D8	0x00CB      	MOVWF      FARG_Lcd_Out_row
0x01D9	0x29F6      	GOTO       L_Lcd_Out12
;__Lib_Lcd.c,190 :: 		
L_Lcd_Out15:
0x01DA	0x3094      	MOVLW      148
0x01DB	0x00CB      	MOVWF      FARG_Lcd_Out_row
0x01DC	0x29F6      	GOTO       L_Lcd_Out12
;__Lib_Lcd.c,191 :: 		
L_Lcd_Out16:
0x01DD	0x30D4      	MOVLW      212
0x01DE	0x00CB      	MOVWF      FARG_Lcd_Out_row
0x01DF	0x29F6      	GOTO       L_Lcd_Out12
;__Lib_Lcd.c,192 :: 		
L_Lcd_Out17:
0x01E0	0x3080      	MOVLW      128
0x01E1	0x00CB      	MOVWF      FARG_Lcd_Out_row
;__Lib_Lcd.c,193 :: 		
0x01E2	0x29F6      	GOTO       L_Lcd_Out12
L_Lcd_Out11:
0x01E3	0x1283      	BCF        STATUS, 5
0x01E4	0x1303      	BCF        STATUS, 6
0x01E5	0x084B      	MOVF       FARG_Lcd_Out_row, 0
0x01E6	0x3A01      	XORLW      1
0x01E7	0x1903      	BTFSC      STATUS, 2
0x01E8	0x29D2      	GOTO       L_Lcd_Out13
0x01E9	0x084B      	MOVF       FARG_Lcd_Out_row, 0
0x01EA	0x3A02      	XORLW      2
0x01EB	0x1903      	BTFSC      STATUS, 2
0x01EC	0x29D7      	GOTO       L_Lcd_Out14
0x01ED	0x084B      	MOVF       FARG_Lcd_Out_row, 0
0x01EE	0x3A03      	XORLW      3
0x01EF	0x1903      	BTFSC      STATUS, 2
0x01F0	0x29DA      	GOTO       L_Lcd_Out15
0x01F1	0x084B      	MOVF       FARG_Lcd_Out_row, 0
0x01F2	0x3A04      	XORLW      4
0x01F3	0x1903      	BTFSC      STATUS, 2
0x01F4	0x29DD      	GOTO       L_Lcd_Out16
0x01F5	0x29E0      	GOTO       L_Lcd_Out17
L_Lcd_Out12:
;__Lib_Lcd.c,194 :: 		
0x01F6	0x034C      	DECF       FARG_Lcd_Out_column, 0
0x01F7	0x00F0      	MOVWF      R0
0x01F8	0x084B      	MOVF       FARG_Lcd_Out_row, 0
0x01F9	0x07F0      	ADDWF      R0, 1
0x01FA	0x0870      	MOVF       R0, 0
0x01FB	0x00CB      	MOVWF      FARG_Lcd_Out_row
;__Lib_Lcd.c,196 :: 		
0x01FC	0x0870      	MOVF       R0, 0
0x01FD	0x00D2      	MOVWF      FARG_Lcd_Cmd_out_char
0x01FE	0x201D      	CALL       _Lcd_Cmd
;__Lib_Lcd.c,197 :: 		
0x01FF	0x1038      	BCF        __Lib_Lcd_cmd_status, BitPos(__Lib_Lcd_cmd_status+0)
;__Lib_Lcd.c,198 :: 		
0x0200	0x01CE      	CLRF       Lcd_Out_i_L0
;__Lib_Lcd.c,199 :: 		
L_Lcd_Out18:
0x0201	0x084E      	MOVF       Lcd_Out_i_L0, 0
0x0202	0x074D      	ADDWF      FARG_Lcd_Out_text, 0
0x0203	0x0084      	MOVWF      FSR
0x0204	0x0800      	MOVF       INDF, 0
0x0205	0x1903      	BTFSC      STATUS, 2
0x0206	0x2A0F      	GOTO       L_Lcd_Out19
;__Lib_Lcd.c,200 :: 		
0x0207	0x084E      	MOVF       Lcd_Out_i_L0, 0
0x0208	0x074D      	ADDWF      FARG_Lcd_Out_text, 0
0x0209	0x0084      	MOVWF      FSR
0x020A	0x0800      	MOVF       INDF, 0
0x020B	0x00D1      	MOVWF      FARG_Lcd_Chr_CP_out_char
0x020C	0x2089      	CALL       _Lcd_Chr_CP
0x020D	0x0ACE      	INCF       Lcd_Out_i_L0, 1
0x020E	0x2A01      	GOTO       L_Lcd_Out18
L_Lcd_Out19:
;__Lib_Lcd.c,201 :: 		
0x020F	0x1438      	BSF        __Lib_Lcd_cmd_status, BitPos(__Lib_Lcd_cmd_status+0)
;__Lib_Lcd.c,202 :: 		
L_end_Lcd_Out:
0x0210	0x0008      	RETURN
; end of _Lcd_Out
_Display_Input:
;ulra_regen2.c,19 :: 		void Display_Input(int x,  int y, int z) {
;ulra_regen2.c,27 :: 		text[0] = (z/100)%10    + 48;         // Extract tens digit
0x0211	0x3064      	MOVLW      100
0x0212	0x1283      	BCF        STATUS, 5
0x0213	0x1303      	BCF        STATUS, 6
0x0214	0x00F4      	MOVWF      R4
0x0215	0x3000      	MOVLW      0
0x0216	0x00F5      	MOVWF      R4+1
0x0217	0x0848      	MOVF       FARG_Display_Input_z, 0
0x0218	0x00F0      	MOVWF      R0
0x0219	0x0849      	MOVF       FARG_Display_Input_z+1, 0
0x021A	0x00F1      	MOVWF      R0+1
0x021B	0x2168      	CALL       _Div_16x16_S
0x021C	0x300A      	MOVLW      10
0x021D	0x00F4      	MOVWF      R4
0x021E	0x3000      	MOVLW      0
0x021F	0x00F5      	MOVWF      R4+1
0x0220	0x2168      	CALL       _Div_16x16_S
0x0221	0x0878      	MOVF       R8, 0
0x0222	0x00F0      	MOVWF      R0
0x0223	0x0879      	MOVF       R8+1, 0
0x0224	0x00F1      	MOVWF      R0+1
0x0225	0x3030      	MOVLW      48
0x0226	0x07F0      	ADDWF      R0, 1
0x0227	0x0822      	MOVF       _text, 0
0x0228	0x0084      	MOVWF      FSR
0x0229	0x0870      	MOVF       R0, 0
0x022A	0x0080      	MOVWF      INDF
;ulra_regen2.c,28 :: 		text[1] = (z/10)%10     + 48;         // Extract ones digit
0x022B	0x0A22      	INCF       _text, 0
0x022C	0x00CA      	MOVWF      FLOC__Display_Input
0x022D	0x300A      	MOVLW      10
0x022E	0x00F4      	MOVWF      R4
0x022F	0x3000      	MOVLW      0
0x0230	0x00F5      	MOVWF      R4+1
0x0231	0x0848      	MOVF       FARG_Display_Input_z, 0
0x0232	0x00F0      	MOVWF      R0
0x0233	0x0849      	MOVF       FARG_Display_Input_z+1, 0
0x0234	0x00F1      	MOVWF      R0+1
0x0235	0x2168      	CALL       _Div_16x16_S
0x0236	0x300A      	MOVLW      10
0x0237	0x00F4      	MOVWF      R4
0x0238	0x3000      	MOVLW      0
0x0239	0x00F5      	MOVWF      R4+1
0x023A	0x2168      	CALL       _Div_16x16_S
0x023B	0x0878      	MOVF       R8, 0
0x023C	0x00F0      	MOVWF      R0
0x023D	0x0879      	MOVF       R8+1, 0
0x023E	0x00F1      	MOVWF      R0+1
0x023F	0x3030      	MOVLW      48
0x0240	0x07F0      	ADDWF      R0, 1
0x0241	0x084A      	MOVF       FLOC__Display_Input, 0
0x0242	0x0084      	MOVWF      FSR
0x0243	0x0870      	MOVF       R0, 0
0x0244	0x0080      	MOVWF      INDF
;ulra_regen2.c,29 :: 		text[2] =  z%10         + 48;         // Extract ones digit
0x0245	0x3002      	MOVLW      2
0x0246	0x0722      	ADDWF      _text, 0
0x0247	0x00CA      	MOVWF      FLOC__Display_Input
0x0248	0x300A      	MOVLW      10
0x0249	0x00F4      	MOVWF      R4
0x024A	0x3000      	MOVLW      0
0x024B	0x00F5      	MOVWF      R4+1
0x024C	0x0848      	MOVF       FARG_Display_Input_z, 0
0x024D	0x00F0      	MOVWF      R0
0x024E	0x0849      	MOVF       FARG_Display_Input_z+1, 0
0x024F	0x00F1      	MOVWF      R0+1
0x0250	0x2168      	CALL       _Div_16x16_S
0x0251	0x0878      	MOVF       R8, 0
0x0252	0x00F0      	MOVWF      R0
0x0253	0x0879      	MOVF       R8+1, 0
0x0254	0x00F1      	MOVWF      R0+1
0x0255	0x3030      	MOVLW      48
0x0256	0x07F0      	ADDWF      R0, 1
0x0257	0x084A      	MOVF       FLOC__Display_Input, 0
0x0258	0x0084      	MOVWF      FSR
0x0259	0x0870      	MOVF       R0, 0
0x025A	0x0080      	MOVWF      INDF
;ulra_regen2.c,31 :: 		Lcd_Out(x,y,text);
0x025B	0x0844      	MOVF       FARG_Display_Input_x, 0
0x025C	0x00CB      	MOVWF      FARG_Lcd_Out_row
0x025D	0x0846      	MOVF       FARG_Display_Input_y, 0
0x025E	0x00CC      	MOVWF      FARG_Lcd_Out_column
0x025F	0x0822      	MOVF       _text, 0
0x0260	0x00CD      	MOVWF      FARG_Lcd_Out_text
0x0261	0x21D1      	CALL       _Lcd_Out
;ulra_regen2.c,32 :: 		}
L_end_Display_Input:
0x0262	0x0008      	RETURN
; end of _Display_Input
_skan:
;ulra_regen2.c,64 :: 		int skan()
;ulra_regen2.c,66 :: 		int us = 0;
0x0263	0x1283      	BCF        STATUS, 5
0x0264	0x1303      	BCF        STATUS, 6
0x0265	0x01C4      	CLRF       skan_us_L0
0x0266	0x01C5      	CLRF       skan_us_L0+1
;ulra_regen2.c,67 :: 		PORTA.F5 = 1;
0x0267	0x1685      	BSF        PORTA, 5
;ulra_regen2.c,68 :: 		delay_us(10);
0x0268	0x3010      	MOVLW      16
0x0269	0x00FD      	MOVWF      R13
L_skan32:
0x026A	0x0BFD      	DECFSZ     R13, 1
0x026B	0x2A6A      	GOTO       L_skan32
0x026C	0x0000      	NOP
;ulra_regen2.c,69 :: 		PORTA.F5 = 0;
0x026D	0x1285      	BCF        PORTA, 5
;ulra_regen2.c,70 :: 		while(!PORTC.F7);//{PORTB.F3 = 1;delay_ms(100);PORTB.F3 = 0; delay_ms(10);  }
L_skan33:
0x026E	0x1B87      	BTFSC      PORTC, 7
0x026F	0x2A71      	GOTO       L_skan34
0x0270	0x2A6E      	GOTO       L_skan33
L_skan34:
;ulra_regen2.c,71 :: 		while(PORTC.F7 != 0){delay_us(5);us = us + 5;}
L_skan35:
0x0271	0x1F87      	BTFSS      PORTC, 7
0x0272	0x2A7C      	GOTO       L_skan36
0x0273	0x3008      	MOVLW      8
0x0274	0x00FD      	MOVWF      R13
L_skan37:
0x0275	0x0BFD      	DECFSZ     R13, 1
0x0276	0x2A75      	GOTO       L_skan37
0x0277	0x3005      	MOVLW      5
0x0278	0x07C4      	ADDWF      skan_us_L0, 1
0x0279	0x1803      	BTFSC      STATUS, 0
0x027A	0x0AC5      	INCF       skan_us_L0+1, 1
0x027B	0x2A71      	GOTO       L_skan35
L_skan36:
;ulra_regen2.c,73 :: 		return us/58;
0x027C	0x303A      	MOVLW      58
0x027D	0x00F4      	MOVWF      R4
0x027E	0x3000      	MOVLW      0
0x027F	0x00F5      	MOVWF      R4+1
0x0280	0x0844      	MOVF       skan_us_L0, 0
0x0281	0x00F0      	MOVWF      R0
0x0282	0x0845      	MOVF       skan_us_L0+1, 0
0x0283	0x00F1      	MOVWF      R0+1
0x0284	0x2168      	CALL       _Div_16x16_S
;ulra_regen2.c,74 :: 		}
L_end_skan:
0x0285	0x0008      	RETURN
; end of _skan
_init:
;ulra_regen2.c,79 :: 		void init()
;ulra_regen2.c,81 :: 		serv(50 + corr1, 1, 0);
0x0286	0x3032      	MOVLW      50
0x0287	0x1283      	BCF        STATUS, 5
0x0288	0x1303      	BCF        STATUS, 6
0x0289	0x00CB      	MOVWF      FARG_serv_a
0x028A	0x3000      	MOVLW      0
0x028B	0x00CC      	MOVWF      FARG_serv_a+1
0x028C	0x3001      	MOVLW      1
0x028D	0x00CD      	MOVWF      FARG_serv_port
0x028E	0x3000      	MOVLW      0
0x028F	0x00CE      	MOVWF      FARG_serv_port+1
0x0290	0x01CF      	CLRF       FARG_serv_look
0x0291	0x01D0      	CLRF       FARG_serv_look+1
0x0292	0x2091      	CALL       _serv
;ulra_regen2.c,82 :: 		serv(10 + corr0, 0, 0);
0x0293	0x300A      	MOVLW      10
0x0294	0x00CB      	MOVWF      FARG_serv_a
0x0295	0x3000      	MOVLW      0
0x0296	0x00CC      	MOVWF      FARG_serv_a+1
0x0297	0x01CD      	CLRF       FARG_serv_port
0x0298	0x01CE      	CLRF       FARG_serv_port+1
0x0299	0x01CF      	CLRF       FARG_serv_look
0x029A	0x01D0      	CLRF       FARG_serv_look+1
0x029B	0x2091      	CALL       _serv
;ulra_regen2.c,83 :: 		serv(50 + corr3, 3, 0);
0x029C	0x3036      	MOVLW      54
0x029D	0x00CB      	MOVWF      FARG_serv_a
0x029E	0x3000      	MOVLW      0
0x029F	0x00CC      	MOVWF      FARG_serv_a+1
0x02A0	0x3003      	MOVLW      3
0x02A1	0x00CD      	MOVWF      FARG_serv_port
0x02A2	0x3000      	MOVLW      0
0x02A3	0x00CE      	MOVWF      FARG_serv_port+1
0x02A4	0x01CF      	CLRF       FARG_serv_look
0x02A5	0x01D0      	CLRF       FARG_serv_look+1
0x02A6	0x2091      	CALL       _serv
;ulra_regen2.c,85 :: 		serv(50 + corr2, 2, 0);
0x02A7	0x3034      	MOVLW      52
0x02A8	0x00CB      	MOVWF      FARG_serv_a
0x02A9	0x3000      	MOVLW      0
0x02AA	0x00CC      	MOVWF      FARG_serv_a+1
0x02AB	0x3002      	MOVLW      2
0x02AC	0x00CD      	MOVWF      FARG_serv_port
0x02AD	0x3000      	MOVLW      0
0x02AE	0x00CE      	MOVWF      FARG_serv_port+1
0x02AF	0x01CF      	CLRF       FARG_serv_look
0x02B0	0x01D0      	CLRF       FARG_serv_look+1
0x02B1	0x2091      	CALL       _serv
;ulra_regen2.c,86 :: 		}
L_end_init:
0x02B2	0x0008      	RETURN
; end of _init
_Sound_Init:
;__Lib_Sound.c,9 :: 		
;__Lib_Sound.c,11 :: 		
0x02B3	0x1283      	BCF        STATUS, 5
0x02B4	0x1303      	BCF        STATUS, 6
0x02B5	0x0844      	MOVF       FARG_Sound_Init_snd_port, 0
0x02B6	0x00B9      	MOVWF      __Lib_Sound_soundPortAddr
;__Lib_Sound.c,13 :: 		
0x02B7	0x0845      	MOVF       FARG_Sound_Init_snd_pin, 0
0x02B8	0x00F1      	MOVWF      R1
0x02B9	0x3001      	MOVLW      1
0x02BA	0x00F0      	MOVWF      R0
0x02BB	0x0871      	MOVF       R1, 0
L__Sound_Init12:
0x02BC	0x1903      	BTFSC      STATUS, 2
0x02BD	0x2AC2      	GOTO       L__Sound_Init13
0x02BE	0x0DF0      	RLF        R0, 1
0x02BF	0x1070      	BCF        R0, 0
0x02C0	0x3EFF      	ADDLW      255
0x02C1	0x2ABC      	GOTO       L__Sound_Init12
L__Sound_Init13:
0x02C2	0x0870      	MOVF       R0, 0
0x02C3	0x00BB      	MOVWF      __Lib_Sound_pinMask1
;__Lib_Sound.c,14 :: 		
0x02C4	0x09F0      	COMF       R0, 1
0x02C5	0x0870      	MOVF       R0, 0
0x02C6	0x00BA      	MOVWF      __Lib_Sound_pinMask0
;__Lib_Sound.c,18 :: 		
0x02C7	0x3080      	MOVLW      128
0x02C8	0x0744      	ADDWF      FARG_Sound_Init_snd_port, 0
0x02C9	0x0084      	MOVWF      FSR
;__Lib_Sound.c,19 :: 		
0x02CA	0x0870      	MOVF       R0, 0
0x02CB	0x0580      	ANDWF      INDF, 1
;__Lib_Sound.c,20 :: 		
0x02CC	0x1384      	BCF        FSR, 7
;__Lib_Sound.c,21 :: 		
0x02CD	0x0870      	MOVF       R0, 0
0x02CE	0x0580      	ANDWF      INDF, 1
;__Lib_Sound.c,22 :: 		
L_end_Sound_Init:
0x02CF	0x0008      	RETURN
; end of _Sound_Init
_Lcd_Init:
;__Lib_Lcd.c,84 :: 		
;__Lib_Lcd.c,86 :: 		
0x02D0	0x1683      	BSF        STATUS, 5
0x02D1	0x1303      	BCF        STATUS, 6
0x02D2	0x1188      	BCF        LCD_EN_Direction, BitPos(LCD_EN_Direction+0)
;__Lib_Lcd.c,87 :: 		
0x02D3	0x1108      	BCF        LCD_RS_Direction, BitPos(LCD_RS_Direction+0)
;__Lib_Lcd.c,88 :: 		
0x02D4	0x1208      	BCF        LCD_D4_Direction, BitPos(LCD_D4_Direction+0)
;__Lib_Lcd.c,89 :: 		
0x02D5	0x1288      	BCF        LCD_D5_Direction, BitPos(LCD_D5_Direction+0)
;__Lib_Lcd.c,90 :: 		
0x02D6	0x1308      	BCF        LCD_D6_Direction, BitPos(LCD_D6_Direction+0)
;__Lib_Lcd.c,91 :: 		
0x02D7	0x1388      	BCF        LCD_D7_Direction, BitPos(LCD_D7_Direction+0)
;__Lib_Lcd.c,93 :: 		
0x02D8	0x1283      	BCF        STATUS, 5
0x02D9	0x1188      	BCF        LCD_EN, BitPos(LCD_EN+0)
;__Lib_Lcd.c,94 :: 		
0x02DA	0x1108      	BCF        LCD_RS, BitPos(LCD_RS+0)
;__Lib_Lcd.c,95 :: 		
0x02DB	0x1388      	BCF        LCD_D7, BitPos(LCD_D7+0)
;__Lib_Lcd.c,96 :: 		
0x02DC	0x1308      	BCF        LCD_D6, BitPos(LCD_D6+0)
;__Lib_Lcd.c,97 :: 		
0x02DD	0x1288      	BCF        LCD_D5, BitPos(LCD_D5+0)
;__Lib_Lcd.c,98 :: 		
0x02DE	0x1208      	BCF        LCD_D4, BitPos(LCD_D4+0)
;__Lib_Lcd.c,100 :: 		
0x02DF	0x2010      	CALL       _Delay_5500us
;__Lib_Lcd.c,101 :: 		
0x02E0	0x2010      	CALL       _Delay_5500us
;__Lib_Lcd.c,102 :: 		
0x02E1	0x2010      	CALL       _Delay_5500us
;__Lib_Lcd.c,105 :: 		
0x02E2	0x1688      	BSF        LCD_D5, BitPos(LCD_D5+0)
;__Lib_Lcd.c,106 :: 		
0x02E3	0x1608      	BSF        LCD_D4, BitPos(LCD_D4+0)
;__Lib_Lcd.c,107 :: 		
0x02E4	0x1588      	BSF        LCD_EN, BitPos(LCD_EN+0)
;__Lib_Lcd.c,108 :: 		
0x02E5	0x200A      	CALL       _Delay_1us
;__Lib_Lcd.c,109 :: 		
0x02E6	0x1188      	BCF        LCD_EN, BitPos(LCD_EN+0)
;__Lib_Lcd.c,110 :: 		
0x02E7	0x2010      	CALL       _Delay_5500us
;__Lib_Lcd.c,112 :: 		
0x02E8	0x1588      	BSF        LCD_EN, BitPos(LCD_EN+0)
;__Lib_Lcd.c,113 :: 		
0x02E9	0x200A      	CALL       _Delay_1us
;__Lib_Lcd.c,114 :: 		
0x02EA	0x1188      	BCF        LCD_EN, BitPos(LCD_EN+0)
;__Lib_Lcd.c,115 :: 		
0x02EB	0x2010      	CALL       _Delay_5500us
;__Lib_Lcd.c,117 :: 		
0x02EC	0x1588      	BSF        LCD_EN, BitPos(LCD_EN+0)
;__Lib_Lcd.c,118 :: 		
0x02ED	0x200A      	CALL       _Delay_1us
;__Lib_Lcd.c,119 :: 		
0x02EE	0x1188      	BCF        LCD_EN, BitPos(LCD_EN+0)
;__Lib_Lcd.c,120 :: 		
0x02EF	0x2010      	CALL       _Delay_5500us
;__Lib_Lcd.c,123 :: 		
0x02F0	0x1208      	BCF        LCD_D4, BitPos(LCD_D4+0)
;__Lib_Lcd.c,124 :: 		
0x02F1	0x1588      	BSF        LCD_EN, BitPos(LCD_EN+0)
;__Lib_Lcd.c,125 :: 		
0x02F2	0x200A      	CALL       _Delay_1us
;__Lib_Lcd.c,126 :: 		
0x02F3	0x1188      	BCF        LCD_EN, BitPos(LCD_EN+0)
;__Lib_Lcd.c,127 :: 		
0x02F4	0x2010      	CALL       _Delay_5500us
;__Lib_Lcd.c,130 :: 		
0x02F5	0x1588      	BSF        LCD_EN, BitPos(LCD_EN+0)
;__Lib_Lcd.c,131 :: 		
0x02F6	0x200A      	CALL       _Delay_1us
;__Lib_Lcd.c,132 :: 		
0x02F7	0x1188      	BCF        LCD_EN, BitPos(LCD_EN+0)
;__Lib_Lcd.c,134 :: 		
0x02F8	0x1288      	BCF        LCD_D5, BitPos(LCD_D5+0)
;__Lib_Lcd.c,135 :: 		
0x02F9	0x1788      	BSF        LCD_D7, BitPos(LCD_D7+0)
;__Lib_Lcd.c,136 :: 		
0x02FA	0x1588      	BSF        LCD_EN, BitPos(LCD_EN+0)
;__Lib_Lcd.c,137 :: 		
0x02FB	0x200A      	CALL       _Delay_1us
;__Lib_Lcd.c,138 :: 		
0x02FC	0x1188      	BCF        LCD_EN, BitPos(LCD_EN+0)
;__Lib_Lcd.c,139 :: 		
0x02FD	0x2010      	CALL       _Delay_5500us
;__Lib_Lcd.c,142 :: 		
0x02FE	0x1388      	BCF        LCD_D7, BitPos(LCD_D7+0)
;__Lib_Lcd.c,143 :: 		
0x02FF	0x1608      	BSF        LCD_D4, BitPos(LCD_D4+0)
;__Lib_Lcd.c,144 :: 		
0x0300	0x1588      	BSF        LCD_EN, BitPos(LCD_EN+0)
;__Lib_Lcd.c,145 :: 		
0x0301	0x200A      	CALL       _Delay_1us
;__Lib_Lcd.c,146 :: 		
0x0302	0x1188      	BCF        LCD_EN, BitPos(LCD_EN+0)
;__Lib_Lcd.c,148 :: 		
0x0303	0x1208      	BCF        LCD_D4, BitPos(LCD_D4+0)
;__Lib_Lcd.c,149 :: 		
0x0304	0x1588      	BSF        LCD_EN, BitPos(LCD_EN+0)
;__Lib_Lcd.c,150 :: 		
0x0305	0x200A      	CALL       _Delay_1us
;__Lib_Lcd.c,151 :: 		
0x0306	0x1188      	BCF        LCD_EN, BitPos(LCD_EN+0)
;__Lib_Lcd.c,152 :: 		
0x0307	0x2010      	CALL       _Delay_5500us
;__Lib_Lcd.c,155 :: 		
0x0308	0x1588      	BSF        LCD_EN, BitPos(LCD_EN+0)
;__Lib_Lcd.c,156 :: 		
0x0309	0x200A      	CALL       _Delay_1us
;__Lib_Lcd.c,157 :: 		
0x030A	0x1188      	BCF        LCD_EN, BitPos(LCD_EN+0)
;__Lib_Lcd.c,159 :: 		
0x030B	0x1608      	BSF        LCD_D4, BitPos(LCD_D4+0)
;__Lib_Lcd.c,160 :: 		
0x030C	0x1588      	BSF        LCD_EN, BitPos(LCD_EN+0)
;__Lib_Lcd.c,161 :: 		
0x030D	0x200A      	CALL       _Delay_1us
;__Lib_Lcd.c,162 :: 		
0x030E	0x1188      	BCF        LCD_EN, BitPos(LCD_EN+0)
;__Lib_Lcd.c,163 :: 		
0x030F	0x2010      	CALL       _Delay_5500us
;__Lib_Lcd.c,166 :: 		
0x0310	0x1208      	BCF        LCD_D4, BitPos(LCD_D4+0)
;__Lib_Lcd.c,167 :: 		
0x0311	0x1588      	BSF        LCD_EN, BitPos(LCD_EN+0)
;__Lib_Lcd.c,168 :: 		
0x0312	0x200A      	CALL       _Delay_1us
;__Lib_Lcd.c,169 :: 		
0x0313	0x1188      	BCF        LCD_EN, BitPos(LCD_EN+0)
;__Lib_Lcd.c,171 :: 		
0x0314	0x1788      	BSF        LCD_D7, BitPos(LCD_D7+0)
;__Lib_Lcd.c,172 :: 		
0x0315	0x1708      	BSF        LCD_D6, BitPos(LCD_D6+0)
;__Lib_Lcd.c,173 :: 		
0x0316	0x1688      	BSF        LCD_D5, BitPos(LCD_D5+0)
;__Lib_Lcd.c,174 :: 		
0x0317	0x1608      	BSF        LCD_D4, BitPos(LCD_D4+0)
;__Lib_Lcd.c,175 :: 		
0x0318	0x1588      	BSF        LCD_EN, BitPos(LCD_EN+0)
;__Lib_Lcd.c,176 :: 		
0x0319	0x200A      	CALL       _Delay_1us
;__Lib_Lcd.c,177 :: 		
0x031A	0x1188      	BCF        LCD_EN, BitPos(LCD_EN+0)
;__Lib_Lcd.c,179 :: 		
0x031B	0x2010      	CALL       _Delay_5500us
;__Lib_Lcd.c,181 :: 		
0x031C	0x1438      	BSF        __Lib_Lcd_cmd_status, BitPos(__Lib_Lcd_cmd_status+0)
;__Lib_Lcd.c,182 :: 		
L_end_Lcd_Init:
0x031D	0x0008      	RETURN
; end of _Lcd_Init
___CC2DW:
;__Lib_System.c,134 :: 		
;__Lib_System.c,137 :: 		
_CC2D_Loop1:
;__Lib_System.c,139 :: 		
0x031E	0x2161      	CALL       _____DoICP
0x031F	0x118A      	BCF        PCLATH, 3
0x0320	0x120A      	BCF        PCLATH, 4
;__Lib_System.c,141 :: 		
0x0321	0x0080      	MOVWF      INDF
;__Lib_System.c,142 :: 		
0x0322	0x0A84      	INCF       FSR, 1
;__Lib_System.c,143 :: 		
0x0323	0x0AB6      	INCF       ___DoICPAddr, 1
;__Lib_System.c,145 :: 		
0x0324	0x1903      	BTFSC      STATUS, 2
;__Lib_System.c,146 :: 		
0x0325	0x0AB7      	INCF       ___DoICPAddr+1, 1
;__Lib_System.c,147 :: 		
0x0326	0x03F0      	DECF       R0, 1
;__Lib_System.c,149 :: 		
0x0327	0x1D03      	BTFSS      STATUS, 2
;__Lib_System.c,150 :: 		
0x0328	0x2B1E      	GOTO       _CC2D_Loop1
;__Lib_System.c,152 :: 		
L_end___CC2DW:
0x0329	0x0008      	RETURN
; end of ___CC2DW
_aim:
;ulra_regen2.c,87 :: 		void aim(int tagw, int dist)
;ulra_regen2.c,89 :: 		serv(tagw, 3, 0);
0x032A	0x1283      	BCF        STATUS, 5
0x032B	0x1303      	BCF        STATUS, 6
0x032C	0x0844      	MOVF       FARG_aim_tagw, 0
0x032D	0x00CB      	MOVWF      FARG_serv_a
0x032E	0x0845      	MOVF       FARG_aim_tagw+1, 0
0x032F	0x00CC      	MOVWF      FARG_serv_a+1
0x0330	0x3003      	MOVLW      3
0x0331	0x00CD      	MOVWF      FARG_serv_port
0x0332	0x3000      	MOVLW      0
0x0333	0x00CE      	MOVWF      FARG_serv_port+1
0x0334	0x01CF      	CLRF       FARG_serv_look
0x0335	0x01D0      	CLRF       FARG_serv_look+1
0x0336	0x2091      	CALL       _serv
;ulra_regen2.c,90 :: 		serv(50 + corr0, 0, 0);
0x0337	0x3032      	MOVLW      50
0x0338	0x00CB      	MOVWF      FARG_serv_a
0x0339	0x3000      	MOVLW      0
0x033A	0x00CC      	MOVWF      FARG_serv_a+1
0x033B	0x01CD      	CLRF       FARG_serv_port
0x033C	0x01CE      	CLRF       FARG_serv_port+1
0x033D	0x01CF      	CLRF       FARG_serv_look
0x033E	0x01D0      	CLRF       FARG_serv_look+1
0x033F	0x2091      	CALL       _serv
;ulra_regen2.c,91 :: 		serv(10 + corr1, 1, 0);
0x0340	0x300A      	MOVLW      10
0x0341	0x00CB      	MOVWF      FARG_serv_a
0x0342	0x3000      	MOVLW      0
0x0343	0x00CC      	MOVWF      FARG_serv_a+1
0x0344	0x3001      	MOVLW      1
0x0345	0x00CD      	MOVWF      FARG_serv_port
0x0346	0x3000      	MOVLW      0
0x0347	0x00CE      	MOVWF      FARG_serv_port+1
0x0348	0x01CF      	CLRF       FARG_serv_look
0x0349	0x01D0      	CLRF       FARG_serv_look+1
0x034A	0x2091      	CALL       _serv
;ulra_regen2.c,92 :: 		serv(90 + corr1, 1, 0);
0x034B	0x305A      	MOVLW      90
0x034C	0x00CB      	MOVWF      FARG_serv_a
0x034D	0x3000      	MOVLW      0
0x034E	0x00CC      	MOVWF      FARG_serv_a+1
0x034F	0x3001      	MOVLW      1
0x0350	0x00CD      	MOVWF      FARG_serv_port
0x0351	0x3000      	MOVLW      0
0x0352	0x00CE      	MOVWF      FARG_serv_port+1
0x0353	0x01CF      	CLRF       FARG_serv_look
0x0354	0x01D0      	CLRF       FARG_serv_look+1
0x0355	0x2091      	CALL       _serv
;ulra_regen2.c,93 :: 		serv(50 + corr1, 1, 0);
0x0356	0x3032      	MOVLW      50
0x0357	0x00CB      	MOVWF      FARG_serv_a
0x0358	0x3000      	MOVLW      0
0x0359	0x00CC      	MOVWF      FARG_serv_a+1
0x035A	0x3001      	MOVLW      1
0x035B	0x00CD      	MOVWF      FARG_serv_port
0x035C	0x3000      	MOVLW      0
0x035D	0x00CE      	MOVWF      FARG_serv_port+1
0x035E	0x01CF      	CLRF       FARG_serv_look
0x035F	0x01D0      	CLRF       FARG_serv_look+1
0x0360	0x2091      	CALL       _serv
;ulra_regen2.c,94 :: 		serv(10 + corr0, 0, 0);
0x0361	0x300A      	MOVLW      10
0x0362	0x00CB      	MOVWF      FARG_serv_a
0x0363	0x3000      	MOVLW      0
0x0364	0x00CC      	MOVWF      FARG_serv_a+1
0x0365	0x01CD      	CLRF       FARG_serv_port
0x0366	0x01CE      	CLRF       FARG_serv_port+1
0x0367	0x01CF      	CLRF       FARG_serv_look
0x0368	0x01D0      	CLRF       FARG_serv_look+1
0x0369	0x2091      	CALL       _serv
;ulra_regen2.c,95 :: 		serv(50 + corr3, 3, 0);
0x036A	0x3036      	MOVLW      54
0x036B	0x00CB      	MOVWF      FARG_serv_a
0x036C	0x3000      	MOVLW      0
0x036D	0x00CC      	MOVWF      FARG_serv_a+1
0x036E	0x3003      	MOVLW      3
0x036F	0x00CD      	MOVWF      FARG_serv_port
0x0370	0x3000      	MOVLW      0
0x0371	0x00CE      	MOVWF      FARG_serv_port+1
0x0372	0x01CF      	CLRF       FARG_serv_look
0x0373	0x01D0      	CLRF       FARG_serv_look+1
0x0374	0x2091      	CALL       _serv
;ulra_regen2.c,97 :: 		}
L_end_aim:
0x0375	0x0008      	RETURN
; end of _aim
_main:
0x0376	0x3027      	MOVLW      39
0x0377	0x1283      	BCF        STATUS, 5
0x0378	0x1303      	BCF        STATUS, 6
0x0379	0x00A0      	MOVWF      ?lstr5_ulra_regen2
0x037A	0x01A1      	CLRF       33
0x037B	0x3032      	MOVLW      50
0x037C	0x00A2      	MOVWF      _text
0x037D	0x3043      	MOVLW      67
0x037E	0x00A3      	MOVWF      ?lstr2_ulra_regen2
0x037F	0x3075      	MOVLW      117
0x0380	0x00A4      	MOVWF      36
0x0381	0x3072      	MOVLW      114
0x0382	0x00A5      	MOVWF      37
0x0383	0x303A      	MOVLW      58
0x0384	0x00A6      	MOVWF      38
0x0385	0x01A7      	CLRF       39
0x0386	0x3054      	MOVLW      84
0x0387	0x00A8      	MOVWF      ?lstr4_ulra_regen2
0x0388	0x3061      	MOVLW      97
0x0389	0x00A9      	MOVWF      41
0x038A	0x3067      	MOVLW      103
0x038B	0x00AA      	MOVWF      42
0x038C	0x303A      	MOVLW      58
0x038D	0x00AB      	MOVWF      43
0x038E	0x01AC      	CLRF       44
0x038F	0x304D      	MOVLW      77
0x0390	0x00AD      	MOVWF      ?lstr3_ulra_regen2
0x0391	0x3069      	MOVLW      105
0x0392	0x00AE      	MOVWF      46
0x0393	0x306E      	MOVLW      110
0x0394	0x00AF      	MOVWF      47
0x0395	0x303A      	MOVLW      58
0x0396	0x00B0      	MOVWF      48
0x0397	0x01B1      	CLRF       49
0x0398	0x3030      	MOVLW      48
0x0399	0x00B2      	MOVWF      ?lstr1_ulra_regen2
0x039A	0x3030      	MOVLW      48
0x039B	0x00B3      	MOVWF      51
0x039C	0x3030      	MOVLW      48
0x039D	0x00B4      	MOVWF      52
0x039E	0x01B5      	CLRF       53
;ulra_regen2.c,98 :: 		void main() {
;ulra_regen2.c,100 :: 		int i, minw, maxw, tagw, s, dist=300;
0x039F	0x302C      	MOVLW      44
0x03A0	0x00C2      	MOVWF      main_dist_L0
0x03A1	0x3001      	MOVLW      1
0x03A2	0x00C3      	MOVWF      main_dist_L0+1
;ulra_regen2.c,101 :: 		Lcd_Init();                        // Initialize LCD
0x03A3	0x22D0      	CALL       _Lcd_Init
;ulra_regen2.c,102 :: 		Lcd_Cmd(_LCD_CLEAR);               // Clear display
0x03A4	0x3001      	MOVLW      1
0x03A5	0x00D2      	MOVWF      FARG_Lcd_Cmd_out_char
0x03A6	0x201D      	CALL       _Lcd_Cmd
;ulra_regen2.c,103 :: 		Lcd_Cmd(_LCD_CURSOR_OFF);          // Cursor off
0x03A7	0x300C      	MOVLW      12
0x03A8	0x00D2      	MOVWF      FARG_Lcd_Cmd_out_char
0x03A9	0x201D      	CALL       _Lcd_Cmd
;ulra_regen2.c,106 :: 		ANSELH.F4 = 0;
0x03AA	0x1683      	BSF        STATUS, 5
0x03AB	0x1703      	BSF        STATUS, 6
0x03AC	0x1209      	BCF        ANSELH, 4
;ulra_regen2.c,107 :: 		TRISB = 0;
0x03AD	0x0186      	CLRF       TRISB
;ulra_regen2.c,108 :: 		TRISA.F4 = 1;
0x03AE	0x1303      	BCF        STATUS, 6
0x03AF	0x1605      	BSF        TRISA, 4
;ulra_regen2.c,109 :: 		TRISA.F5 = 0;
0x03B0	0x1285      	BCF        TRISA, 5
;ulra_regen2.c,110 :: 		TRISE.F1 = 1;
0x03B1	0x1489      	BSF        TRISE, 1
;ulra_regen2.c,111 :: 		TRISC = 0;
0x03B2	0x0187      	CLRF       TRISC
;ulra_regen2.c,112 :: 		TRISC.F7 = 1;
0x03B3	0x1787      	BSF        TRISC, 7
;ulra_regen2.c,114 :: 		Sound_Init(&PORTC,0);
0x03B4	0x3007      	MOVLW      PORTC
0x03B5	0x1283      	BCF        STATUS, 5
0x03B6	0x00C4      	MOVWF      FARG_Sound_Init_snd_port
0x03B7	0x01C5      	CLRF       FARG_Sound_Init_snd_pin
0x03B8	0x22B3      	CALL       _Sound_Init
;ulra_regen2.c,118 :: 		init();
0x03B9	0x2286      	CALL       _init
;ulra_regen2.c,128 :: 		while(1)
L_main38:
;ulra_regen2.c,130 :: 		while(PORTA.F4);
L_main40:
0x03BA	0x1E05      	BTFSS      PORTA, 4
0x03BB	0x2BBD      	GOTO       L_main41
0x03BC	0x2BBA      	GOTO       L_main40
L_main41:
;ulra_regen2.c,131 :: 		dist = 900;
0x03BD	0x3084      	MOVLW      132
0x03BE	0x00C2      	MOVWF      main_dist_L0
0x03BF	0x3003      	MOVLW      3
0x03C0	0x00C3      	MOVWF      main_dist_L0+1
;ulra_regen2.c,135 :: 		lcd_out(1,1,"Cur:");
0x03C1	0x3001      	MOVLW      1
0x03C2	0x00CB      	MOVWF      FARG_Lcd_Out_row
0x03C3	0x3001      	MOVLW      1
0x03C4	0x00CC      	MOVWF      FARG_Lcd_Out_column
0x03C5	0x3023      	MOVLW      ?lstr2_ulra_regen2
0x03C6	0x00CD      	MOVWF      FARG_Lcd_Out_text
0x03C7	0x21D1      	CALL       _Lcd_Out
;ulra_regen2.c,136 :: 		lcd_out(1,9,"Min:");
0x03C8	0x3001      	MOVLW      1
0x03C9	0x00CB      	MOVWF      FARG_Lcd_Out_row
0x03CA	0x3009      	MOVLW      9
0x03CB	0x00CC      	MOVWF      FARG_Lcd_Out_column
0x03CC	0x302D      	MOVLW      ?lstr3_ulra_regen2
0x03CD	0x00CD      	MOVWF      FARG_Lcd_Out_text
0x03CE	0x21D1      	CALL       _Lcd_Out
;ulra_regen2.c,137 :: 		lcd_out(2,9,"Tag:");
0x03CF	0x3002      	MOVLW      2
0x03D0	0x00CB      	MOVWF      FARG_Lcd_Out_row
0x03D1	0x3009      	MOVLW      9
0x03D2	0x00CC      	MOVWF      FARG_Lcd_Out_column
0x03D3	0x3028      	MOVLW      ?lstr4_ulra_regen2
0x03D4	0x00CD      	MOVWF      FARG_Lcd_Out_text
0x03D5	0x21D1      	CALL       _Lcd_Out
;ulra_regen2.c,139 :: 		serv(10+corr2, 2, 0);
0x03D6	0x300C      	MOVLW      12
0x03D7	0x00CB      	MOVWF      FARG_serv_a
0x03D8	0x3000      	MOVLW      0
0x03D9	0x00CC      	MOVWF      FARG_serv_a+1
0x03DA	0x3002      	MOVLW      2
0x03DB	0x00CD      	MOVWF      FARG_serv_port
0x03DC	0x3000      	MOVLW      0
0x03DD	0x00CE      	MOVWF      FARG_serv_port+1
0x03DE	0x01CF      	CLRF       FARG_serv_look
0x03DF	0x01D0      	CLRF       FARG_serv_look+1
0x03E0	0x2091      	CALL       _serv
;ulra_regen2.c,140 :: 		for(i = 10; i<90; i++)
0x03E1	0x300A      	MOVLW      10
0x03E2	0x00BC      	MOVWF      main_i_L0
0x03E3	0x3000      	MOVLW      0
0x03E4	0x00BD      	MOVWF      main_i_L0+1
L_main42:
0x03E5	0x3080      	MOVLW      128
0x03E6	0x063D      	XORWF      main_i_L0+1, 0
0x03E7	0x00F0      	MOVWF      R0
0x03E8	0x3080      	MOVLW      128
0x03E9	0x0270      	SUBWF      R0, 0
0x03EA	0x1D03      	BTFSS      STATUS, 2
0x03EB	0x2BEE      	GOTO       L__main67
0x03EC	0x305A      	MOVLW      90
0x03ED	0x023C      	SUBWF      main_i_L0, 0
L__main67:
0x03EE	0x1803      	BTFSC      STATUS, 0
0x03EF	0x2C56      	GOTO       L_main43
;ulra_regen2.c,142 :: 		serv(i+corr2, 2, 1);
0x03F0	0x3002      	MOVLW      2
0x03F1	0x073C      	ADDWF      main_i_L0, 0
0x03F2	0x00CB      	MOVWF      FARG_serv_a
0x03F3	0x083D      	MOVF       main_i_L0+1, 0
0x03F4	0x1803      	BTFSC      STATUS, 0
0x03F5	0x3E01      	ADDLW      1
0x03F6	0x3E00      	ADDLW      0
0x03F7	0x00CC      	MOVWF      FARG_serv_a+1
0x03F8	0x3002      	MOVLW      2
0x03F9	0x00CD      	MOVWF      FARG_serv_port
0x03FA	0x3000      	MOVLW      0
0x03FB	0x00CE      	MOVWF      FARG_serv_port+1
0x03FC	0x3001      	MOVLW      1
0x03FD	0x00CF      	MOVWF      FARG_serv_look
0x03FE	0x3000      	MOVLW      0
0x03FF	0x00D0      	MOVWF      FARG_serv_look+1
0x0400	0x2091      	CALL       _serv
;ulra_regen2.c,144 :: 		s = skan();
0x0401	0x2263      	CALL       _skan
0x0402	0x0870      	MOVF       R0, 0
0x0403	0x00C0      	MOVWF      main_s_L0
0x0404	0x0871      	MOVF       R0+1, 0
0x0405	0x00C1      	MOVWF      main_s_L0+1
;ulra_regen2.c,145 :: 		if(s<0) s = 255;
0x0406	0x3080      	MOVLW      128
0x0407	0x0671      	XORWF      R0+1, 0
0x0408	0x00F2      	MOVWF      R2
0x0409	0x3080      	MOVLW      128
0x040A	0x0272      	SUBWF      R2, 0
0x040B	0x1D03      	BTFSS      STATUS, 2
0x040C	0x2C0F      	GOTO       L__main68
0x040D	0x3000      	MOVLW      0
0x040E	0x0270      	SUBWF      R0, 0
L__main68:
0x040F	0x1803      	BTFSC      STATUS, 0
0x0410	0x2C14      	GOTO       L_main45
0x0411	0x30FF      	MOVLW      255
0x0412	0x00C0      	MOVWF      main_s_L0
0x0413	0x01C1      	CLRF       main_s_L0+1
L_main45:
;ulra_regen2.c,146 :: 		if(s<dist-7){dist = s; tagw = i; Display_Input(1,13,s);}
0x0414	0x3007      	MOVLW      7
0x0415	0x0242      	SUBWF      main_dist_L0, 0
0x0416	0x00F1      	MOVWF      R1
0x0417	0x3000      	MOVLW      0
0x0418	0x1C03      	BTFSS      STATUS, 0
0x0419	0x3E01      	ADDLW      1
0x041A	0x0243      	SUBWF      main_dist_L0+1, 0
0x041B	0x00F2      	MOVWF      R1+1
0x041C	0x3080      	MOVLW      128
0x041D	0x0641      	XORWF      main_s_L0+1, 0
0x041E	0x00F0      	MOVWF      R0
0x041F	0x3080      	MOVLW      128
0x0420	0x0672      	XORWF      R1+1, 0
0x0421	0x0270      	SUBWF      R0, 0
0x0422	0x1D03      	BTFSS      STATUS, 2
0x0423	0x2C26      	GOTO       L__main69
0x0424	0x0871      	MOVF       R1, 0
0x0425	0x0240      	SUBWF      main_s_L0, 0
L__main69:
0x0426	0x1803      	BTFSC      STATUS, 0
0x0427	0x2C3D      	GOTO       L_main46
0x0428	0x0840      	MOVF       main_s_L0, 0
0x0429	0x00C2      	MOVWF      main_dist_L0
0x042A	0x0841      	MOVF       main_s_L0+1, 0
0x042B	0x00C3      	MOVWF      main_dist_L0+1
0x042C	0x083C      	MOVF       main_i_L0, 0
0x042D	0x00BE      	MOVWF      main_tagw_L0
0x042E	0x083D      	MOVF       main_i_L0+1, 0
0x042F	0x00BF      	MOVWF      main_tagw_L0+1
0x0430	0x3001      	MOVLW      1
0x0431	0x00C4      	MOVWF      FARG_Display_Input_x
0x0432	0x3000      	MOVLW      0
0x0433	0x00C5      	MOVWF      FARG_Display_Input_x+1
0x0434	0x300D      	MOVLW      13
0x0435	0x00C6      	MOVWF      FARG_Display_Input_y
0x0436	0x3000      	MOVLW      0
0x0437	0x00C7      	MOVWF      FARG_Display_Input_y+1
0x0438	0x0840      	MOVF       main_s_L0, 0
0x0439	0x00C8      	MOVWF      FARG_Display_Input_z
0x043A	0x0841      	MOVF       main_s_L0+1, 0
0x043B	0x00C9      	MOVWF      FARG_Display_Input_z+1
0x043C	0x2211      	CALL       _Display_Input
L_main46:
;ulra_regen2.c,148 :: 		Display_Input(1,5,s);
0x043D	0x3001      	MOVLW      1
0x043E	0x00C4      	MOVWF      FARG_Display_Input_x
0x043F	0x3000      	MOVLW      0
0x0440	0x00C5      	MOVWF      FARG_Display_Input_x+1
0x0441	0x3005      	MOVLW      5
0x0442	0x00C6      	MOVWF      FARG_Display_Input_y
0x0443	0x3000      	MOVLW      0
0x0444	0x00C7      	MOVWF      FARG_Display_Input_y+1
0x0445	0x0840      	MOVF       main_s_L0, 0
0x0446	0x00C8      	MOVWF      FARG_Display_Input_z
0x0447	0x0841      	MOVF       main_s_L0+1, 0
0x0448	0x00C9      	MOVWF      FARG_Display_Input_z+1
0x0449	0x2211      	CALL       _Display_Input
;ulra_regen2.c,150 :: 		delay_ms(25);
0x044A	0x30A3      	MOVLW      163
0x044B	0x00FC      	MOVWF      R12
0x044C	0x3055      	MOVLW      85
0x044D	0x00FD      	MOVWF      R13
L_main47:
0x044E	0x0BFD      	DECFSZ     R13, 1
0x044F	0x2C4E      	GOTO       L_main47
0x0450	0x0BFC      	DECFSZ     R12, 1
0x0451	0x2C4E      	GOTO       L_main47
;ulra_regen2.c,140 :: 		for(i = 10; i<90; i++)
0x0452	0x0ABC      	INCF       main_i_L0, 1
0x0453	0x1903      	BTFSC      STATUS, 2
0x0454	0x0ABD      	INCF       main_i_L0+1, 1
;ulra_regen2.c,151 :: 		}
0x0455	0x2BE5      	GOTO       L_main42
L_main43:
;ulra_regen2.c,153 :: 		tagw = 50;
0x0456	0x3032      	MOVLW      50
0x0457	0x00BE      	MOVWF      main_tagw_L0
0x0458	0x3000      	MOVLW      0
0x0459	0x00BF      	MOVWF      main_tagw_L0+1
;ulra_regen2.c,154 :: 		Display_Input(2,13,tagw);
0x045A	0x3002      	MOVLW      2
0x045B	0x00C4      	MOVWF      FARG_Display_Input_x
0x045C	0x3000      	MOVLW      0
0x045D	0x00C5      	MOVWF      FARG_Display_Input_x+1
0x045E	0x300D      	MOVLW      13
0x045F	0x00C6      	MOVWF      FARG_Display_Input_y
0x0460	0x3000      	MOVLW      0
0x0461	0x00C7      	MOVWF      FARG_Display_Input_y+1
0x0462	0x3032      	MOVLW      50
0x0463	0x00C8      	MOVWF      FARG_Display_Input_z
0x0464	0x3000      	MOVLW      0
0x0465	0x00C9      	MOVWF      FARG_Display_Input_z+1
0x0466	0x2211      	CALL       _Display_Input
;ulra_regen2.c,155 :: 		lcd_out(2, 16, "'");
0x0467	0x3002      	MOVLW      2
0x0468	0x00CB      	MOVWF      FARG_Lcd_Out_row
0x0469	0x3010      	MOVLW      16
0x046A	0x00CC      	MOVWF      FARG_Lcd_Out_column
0x046B	0x3020      	MOVLW      ?lstr5_ulra_regen2
0x046C	0x00CD      	MOVWF      FARG_Lcd_Out_text
0x046D	0x21D1      	CALL       _Lcd_Out
;ulra_regen2.c,156 :: 		serv(tagw+corr2, 2, 0);
0x046E	0x3002      	MOVLW      2
0x046F	0x073E      	ADDWF      main_tagw_L0, 0
0x0470	0x00CB      	MOVWF      FARG_serv_a
0x0471	0x083F      	MOVF       main_tagw_L0+1, 0
0x0472	0x1803      	BTFSC      STATUS, 0
0x0473	0x3E01      	ADDLW      1
0x0474	0x3E00      	ADDLW      0
0x0475	0x00CC      	MOVWF      FARG_serv_a+1
0x0476	0x3002      	MOVLW      2
0x0477	0x00CD      	MOVWF      FARG_serv_port
0x0478	0x3000      	MOVLW      0
0x0479	0x00CE      	MOVWF      FARG_serv_port+1
0x047A	0x01CF      	CLRF       FARG_serv_look
0x047B	0x01D0      	CLRF       FARG_serv_look+1
0x047C	0x2091      	CALL       _serv
;ulra_regen2.c,158 :: 		s = skan();
0x047D	0x2263      	CALL       _skan
0x047E	0x0870      	MOVF       R0, 0
0x047F	0x00C0      	MOVWF      main_s_L0
0x0480	0x0871      	MOVF       R0+1, 0
0x0481	0x00C1      	MOVWF      main_s_L0+1
;ulra_regen2.c,166 :: 		aim(tagw+4,dist);
0x0482	0x3004      	MOVLW      4
0x0483	0x073E      	ADDWF      main_tagw_L0, 0
0x0484	0x00C4      	MOVWF      FARG_aim_tagw
0x0485	0x083F      	MOVF       main_tagw_L0+1, 0
0x0486	0x1803      	BTFSC      STATUS, 0
0x0487	0x3E01      	ADDLW      1
0x0488	0x00C5      	MOVWF      FARG_aim_tagw+1
0x0489	0x0842      	MOVF       main_dist_L0, 0
0x048A	0x00C6      	MOVWF      FARG_aim_dist
0x048B	0x0843      	MOVF       main_dist_L0+1, 0
0x048C	0x00C7      	MOVWF      FARG_aim_dist+1
0x048D	0x232A      	CALL       _aim
;ulra_regen2.c,167 :: 		init();
0x048E	0x2286      	CALL       _init
;ulra_regen2.c,169 :: 		}
0x048F	0x2BBA      	GOTO       L_main38
;ulra_regen2.c,180 :: 		}
L_end_main:
0x0490	0x2C90      	GOTO       $+0
; end of _main
Symbol List:
//** Routines locations **
//ADDRESS    SIZE    PROCEDURE
//----------------------------------------------
0x0003       [7]    _Delay_50us
0x000A       [6]    _Delay_1us
0x0010      [13]    _Delay_5500us
0x001D      [64]    _Lcd_Cmd
0x005D      [44]    _Div_16x16_S_L
0x0089       [8]    _Lcd_Chr_CP
0x0091     [208]    _serv
0x0161       [7]    _____DoICP
0x0168     [105]    _Div_16x16_S
0x01D1      [64]    _Lcd_Out
0x0211      [82]    _Display_Input
0x0263      [35]    _skan
0x0286      [45]    _init
0x02B3      [29]    _Sound_Init
0x02D0      [78]    _Lcd_Init
0x031E      [12]    ___CC2DW
0x032A      [76]    _aim
0x0376     [283]    _main
//** Variables locations ** 
//ADDRESS    SIZE    VARIABLE
//----------------------------------------------
0x0000       [1]    INDF
0x0002       [1]    PCL
0x0003       [1]    STATUS
0x0004       [1]    FSR
0x0005       [1]    PORTA
0x0006       [1]    PORTB
0x0007       [1]    PORTC
0x0008       [0]    LCD_D6
0x0008       [0]    LCD_D5
0x0008       [0]    LCD_D4
0x0008       [0]    LCD_RS
0x0008       [0]    LCD_EN
0x0008       [0]    LCD_D7
0x0008       [0]    RD4_bit
0x0008       [0]    RD3_bit
0x0008       [0]    RD5_bit
0x0008       [0]    RD7_bit
0x0008       [0]    RD6_bit
0x0008       [0]    RD2_bit
0x000A       [1]    PCLATH
0x0020       [2]    ?lstr5_ulra_regen2
0x0022       [1]    _text
0x0023       [5]    ?lstr2_ulra_regen2
0x0028       [5]    ?lstr4_ulra_regen2
0x002D       [5]    ?lstr3_ulra_regen2
0x0032       [4]    ?lstr1_ulra_regen2
0x0036       [2]    ___DoICPAddr
0x0038       [0]    __Lib_Lcd_cmd_status
0x0039       [1]    __Lib_Sound_soundPortAddr
0x003A       [1]    __Lib_Sound_pinMask0
0x003B       [1]    __Lib_Sound_pinMask1
0x003C       [2]    main_i_L0
0x003E       [2]    main_tagw_L0
0x0040       [2]    main_s_L0
0x0042       [2]    main_dist_L0
0x0044       [1]    FARG_Sound_Init_snd_port
0x0044       [2]    skan_us_L0
0x0044       [2]    FARG_aim_tagw
0x0044       [2]    FARG_Display_Input_x
0x0045       [1]    FARG_Sound_Init_snd_pin
0x0046       [2]    FARG_Display_Input_y
0x0046       [2]    FARG_aim_dist
0x0048       [2]    FARG_Display_Input_z
0x004A       [1]    FLOC__Display_Input
0x004B       [1]    FARG_Lcd_Out_row
0x004B       [2]    FARG_serv_a
0x004C       [1]    FARG_Lcd_Out_column
0x004D       [1]    FARG_Lcd_Out_text
0x004D       [2]    FARG_serv_port
0x004E       [1]    Lcd_Out_i_L0
0x004F       [2]    FARG_serv_look
0x0051       [1]    FARG_Lcd_Chr_CP_out_char
0x0052       [1]    FARG_Lcd_Cmd_out_char
0x0070       [1]    R0
0x0071       [1]    R1
0x0072       [1]    R2
0x0073       [1]    R3
0x0074       [1]    R4
0x0075       [1]    R5
0x0076       [1]    R6
0x0077       [1]    R7
0x0078       [1]    R8
0x0079       [1]    R9
0x007A       [1]    R10
0x007B       [1]    R11
0x007C       [1]    R12
0x007D       [1]    R13
0x007E       [1]    R14
0x007F       [1]    R15
0x0085       [1]    TRISA
0x0086       [1]    TRISB
0x0087       [1]    TRISC
0x0088       [0]    LCD_RS_Direction
0x0088       [0]    LCD_D4_Direction
0x0088       [0]    LCD_EN_Direction
0x0088       [0]    TRISD2_bit
0x0088       [0]    TRISD3_bit
0x0088       [0]    LCD_D5_Direction
0x0088       [0]    TRISD7_bit
0x0088       [0]    LCD_D7_Direction
0x0088       [0]    TRISD6_bit
0x0088       [0]    LCD_D6_Direction
0x0088       [0]    TRISD4_bit
0x0088       [0]    TRISD5_bit
0x0089       [1]    TRISE
0x0189       [1]    ANSELH
//** Label List: ** 
//----------------------------------------------
  L_serv0
  L_serv1
  L_serv2
  L_serv3
  L_serv4
  L_serv5
  L_serv6
  L_serv7
  L_serv8
  L_serv9
  L_serv10
  L_serv11
  L_serv12
  L_serv13
  L_serv14
  L_serv15
  L_serv16
  L_serv17
  L_serv18
  L_serv19
  L_serv20
  L_serv21
  L_serv22
  L_serv23
  L_serv24
  L_serv25
  L_serv26
  L_serv27
  L_serv28
  L_serv29
  L_serv30
  L_serv31
  L_skan32
  L_skan33
  L_skan34
  L_skan35
  L_skan36
  L_skan37
  L_main38
  L_main39
  L_main40
  L_main41
  L_main42
  L_main43
  L_main44
  L_main45
  L_main46
  L_main47
  L_end_Display_Input
  _Display_Input
  L_end_serv
  _serv
  L__serv50
  L__serv51
  L__serv52
  L__serv53
  L__serv54
  L__serv55
  L__serv56
  L__serv57
  L__serv58
  L__serv59
  L__serv60
  L__serv61
  L__serv62
  L_end_skan
  _skan
  L_end_init
  _init
  L_end_aim
  _aim
  L_end_main
  _main
  L__main67
  L__main68
  L__main69
  L_Delay_10us0
  L_Delay_22us1
  L_Delay_50us2
  L_Delay_80us3
  L_Delay_500us4
  L_Delay_5500us5
  L_Delay_1ms6
  L_Delay_5ms7
  L_Delay_8ms8
  L_Delay_10ms9
  L_Delay_100ms10
  L_Delay_1sec11
  L_boot16_Delay_5ms12
  L_Delay_Cyc13
  L_Delay_Cyc14
  L_VDelay_ms15
  L_VDelay_ms16
  L_VDelay_ms17
  L_VDelay_Advanced_ms18
  L_VDelay_Advanced_ms19
  L_VDelay_Advanced_ms20
  L_end_Get_Fosc_kHz
  _Get_Fosc_kHz
  L_end_Delay_1us
  _Delay_1us
  L_end_Delay_10us
  _Delay_10us
  L_end_Delay_22us
  _Delay_22us
  L_end_Delay_50us
  _Delay_50us
  L_end_Delay_80us
  _Delay_80us
  L_end_Delay_500us
  _Delay_500us
  L_end_Delay_5500us
  _Delay_5500us
  L_end_Delay_1ms
  _Delay_1ms
  L_end_Delay_5ms
  _Delay_5ms
  L_end_Delay_8ms
  _Delay_8ms
  L_end_Delay_10ms
  _Delay_10ms
  L_end_Delay_100ms
  _Delay_100ms
  L_end_Delay_1sec
  _Delay_1sec
  L_end_boot16_Delay_5ms
  _boot16_Delay_5ms
  L_end_Delay_Cyc
  _Delay_Cyc
  L_end_VDelay_ms
  _VDelay_ms
  L__VDelay_ms38
  L__VDelay_ms39
  L__VDelay_ms40
  L_end_VDelay_Advanced_ms
  _VDelay_Advanced_ms
  L__VDelay_Advanced_ms42
  L__VDelay_Advanced_ms43
  L__VDelay_Advanced_ms44
  L_Lcd_Cmd0
  L_Lcd_Cmd1
  L_Lcd_Out_CP2
  L_Lcd_Out_CP3
  L_Lcd_Chr4
  L_Lcd_Chr5
  L_Lcd_Chr6
  L_Lcd_Chr7
  L_Lcd_Chr8
  L_Lcd_Chr9
  L_Lcd_Chr10
  L_Lcd_Out11
  L_Lcd_Out12
  L_Lcd_Out13
  L_Lcd_Out14
  L_Lcd_Out15
  L_Lcd_Out16
  L_Lcd_Out17
  L_Lcd_Out18
  L_Lcd_Out19
  L_end_Lcd_Cmd
  _Lcd_Cmd
  L__Lcd_Cmd21
  L__Lcd_Cmd22
  L__Lcd_Cmd23
  L__Lcd_Cmd24
  L__Lcd_Cmd25
  L__Lcd_Cmd26
  L__Lcd_Cmd27
  L__Lcd_Cmd28
  L__Lcd_Cmd29
  L__Lcd_Cmd30
  L__Lcd_Cmd31
  L__Lcd_Cmd32
  L__Lcd_Cmd33
  L__Lcd_Cmd34
  L__Lcd_Cmd35
  L__Lcd_Cmd36
  L__Lcd_Cmd37
  L__Lcd_Cmd38
  L__Lcd_Cmd39
  L__Lcd_Cmd40
  L_end_Lcd_Chr_CP
  _Lcd_Chr_CP
  L_end_Lcd_Out_CP
  _Lcd_Out_CP
  L_end_Lcd_Chr
  _Lcd_Chr
  L_end_Lcd_Init
  _Lcd_Init
  L_end_Lcd_Out
  _Lcd_Out
  L_Div_16x16_S0
  L_Div_16x16_S1
  LOOPS3232A
  SADD22LA
  SOK22LA
  SADD22L8
  SOK22L8
  LOOPS3232B
  SADD22LB
  SOK22LB
  SADD22L16
  SOK22L16
  LOOPS3232C
  SADD22LC
  SOK22LC
  SADD22L24
  SOK22L24
  LOOPS3232D
  SADD22LD
  SOK22LD
  SOK22L
  L_Div_32x32_S6
  L_Div_32x32_S7
  L_Div_32x32_S8
  L_Div_32x32_S9
  FXD3232S
  END_ALL
  CA3232S
  C3232SX
  C3232SX1
  C3232S
  C3232S2
  C3232SX4
  C3232SOK
  C3232SX3
  C3232SX2
  avoid_comfrem
  LOOPU3232A
  UADD22LA
  UOK22LA
  UADD22L8
  UOK22L8
  LOOPU3232B
  UADD22LB
  UOK22LB
  UADD22L16
  UOK22L16
  LOOPU3232C
  UADD22LC
  UOK22LC
  UADD22L24
  UOK22L24
  LOOPU3232D
  UADD22LD
  UOK22LD
  UOK22L
  _NEXT
  _EXIT2
  _LOOP
  _EXIT1
  _IF_FIRST
  _IF_SECOND
  _INVERCE_FIRST
  _MULT
  _INBERSE_SECOND
  _EXIT
  L_end_Mul_8X8_U
  _Mul_8X8_U
  L_end_Mul_16X16_U
  _Mul_16X16_U
  L_end_Div_8X8_U
  _Div_8X8_U
  L_end_Div_16X16_U
  _Div_16X16_U
  L_end_Mul_8X8_S
  _Mul_8X8_S
  L_end_Mul_16X16_S
  _Mul_16X16_S
  L_end_Div_16x16_S_L
  _Div_16x16_S_L
  L_end_Div_16x16_S
  _Div_16x16_S
  L_end_Div_8X8_S
  _Div_8X8_S
  L_end_SDIV3232L
  _SDIV3232L
  L_end_COMFREM
  _COMFREM
  L_end_Div_32x32_S
  _Div_32x32_S
  L_end_Div_32x32_U
  _Div_32x32_U
  L_end_Mul_32x32_U
  _Mul_32x32_U
  L_end_Mul_32x32_S
  _Mul_32x32_S
  L_Sound_Play0
  L_Sound_Play1
  L_Sound_Play2
  L_Sound_Play3
  L_Sound_Play4
  L_Sound_Play5
  L_Sound_Play6
  L_Sound_Play7
  L_Sound_Play8
  L_Sound_Play9
  L_Sound_Play10
  L_end_Sound_Init
  _Sound_Init
  L__Sound_Init12
  L__Sound_Init13
  L_end_Sound_Play
  _Sound_Play
  L__Sound_Play15
  L__Sound_Play16
  L__Sound_Play17
  L__Sound_Play18
  L__Sound_Play19
  L__Sound_Play20
  L_loopCA2AWs
  L_CA2AWend
  _CCA2AW_Loop1
  L_loopCS2Ss
  L_CS2Send
  _CCS2S_Loop1
  L_CCS2Send
  L_loopFZinSWs
  L_FZinSend
  _CC2D_Loop1
  L_end_____DoICP
  _____DoICP
  L_end_____DoIFC
  _____DoIFC
  L_end___CA2AW
  ___CA2AW
  L_end___CCA2AW
  ___CCA2AW
  L_end___CS2S
  ___CS2S
  L_end___CCS2S
  ___CCS2S
  L_end___FZinS
  ___FZinS
  L_end___CC2DW
  ___CC2DW
  L_end_Swap
  _Swap
