;  ASM code generated by mikroVirtualMachine for PIC - V. 8.2.0.0
;  Date/Time: 4/6/2008 14:57:21
;  Info: http://www.mikroe.com


; ADDRESS	OPCODE	ASM
; ----------------------------------------------
$0000	$2804			GOTO	_main
$0862	$	_Delay_1us:
;delays.c,7 :: 		void Delay_1us() {
;delays.c,8 :: 		Delay_us(1);
$0862	$3001			MOVLW	1
$0863	$1303			BCF	STATUS, RP1
$0864	$1283			BCF	STATUS, RP0
$0865	$00FA			MOVWF	STACK_10
$0866	$0BFA			DECFSZ	STACK_10, F
$0867	$2866			GOTO	$-1
$0868	$0000			NOP
;delays.c,9 :: 		}
$0869	$0008			RETURN
$0816	$	_Delay_5500us:
;delays.c,31 :: 		void Delay_5500us() {
;delays.c,32 :: 		Delay_us(5500);
$0816	$3024			MOVLW	36
$0817	$1303			BCF	STATUS, RP1
$0818	$1283			BCF	STATUS, RP0
$0819	$00FB			MOVWF	STACK_11
$081A	$30FF			MOVLW	255
$081B	$00FA			MOVWF	STACK_10
$081C	$0BFB			DECFSZ	STACK_11, F
$081D	$281F			GOTO	$+2
$081E	$2822			GOTO	$+4
$081F	$0BFA			DECFSZ	STACK_10, F
$0820	$281F			GOTO	$-1
$0821	$281C			GOTO	$-5
$0822	$309E			MOVLW	158
$0823	$00FA			MOVWF	STACK_10
$0824	$0BFA			DECFSZ	STACK_10, F
$0825	$2824			GOTO	$-1
;delays.c,33 :: 		}
$0826	$0008			RETURN
$088A	$	_Delay_50us:
;delays.c,19 :: 		void Delay_50us() {
;delays.c,20 :: 		Delay_us(50);
$088A	$3053			MOVLW	83
$088B	$1303			BCF	STATUS, RP1
$088C	$1283			BCF	STATUS, RP0
$088D	$00FA			MOVWF	STACK_10
$088E	$0BFA			DECFSZ	STACK_10, F
$088F	$288E			GOTO	$-1
;delays.c,21 :: 		}
$0890	$0008			RETURN
$058F	$	_Mul_16x16_S:
$058F	$1303			BCF	STATUS, RP1
$0590	$1283			BCF	STATUS, RP0
$0591	$01FB			CLRF	STACK_11
$0592	$01FA			CLRF	STACK_10
$0593	$01F9			CLRF	STACK_9
$0594	$3080			MOVLW	128
$0595	$00F8			MOVWF	STACK_8
$0596	$01FD			CLRF	STACK_13
$0597	$1FF1			BTFSS	STACK_1, 7
$0598	$2D9F			GOTO	$+7
$0599	$09F1			COMF	STACK_1, F
$059A	$09F0			COMF	STACK_0, F
$059B	$0AF0			INCF	STACK_0, F
$059C	$1903			BTFSC	STATUS, Z
$059D	$0AF1			INCF	STACK_1, F
$059E	$0AFD			INCF	STACK_13, F
$059F	$1FF5			BTFSS	STACK_5, 7
$05A0	$2DA7			GOTO	$+7
$05A1	$09F5			COMF	STACK_5, F
$05A2	$09F4			COMF	STACK_4, F
$05A3	$0AF4			INCF	STACK_4, F
$05A4	$1903			BTFSC	STATUS, Z
$05A5	$0AF5			INCF	STACK_5, F
$05A6	$0AFD			INCF	STACK_13, F
$05A7	$0CF1			RRF	STACK_1, F
$05A8	$0CF0			RRF	STACK_0, F
$05A9	$1C03			BTFSS	STATUS, C
$05AA	$2DB4			GOTO	$+10
$05AB	$0874			MOVF	STACK_4, W
$05AC	$07F9			ADDWF	STACK_9, F
$05AD	$0875			MOVF	STACK_5, W
$05AE	$1803			BTFSC	STATUS, C
$05AF	$0F75			INCFSZ	STACK_5, W
$05B0	$07FA			ADDWF	STACK_10, F
$05B1	$1803			BTFSC	STATUS, C
$05B2	$0AFB			INCF	STACK_11, F
$05B3	$1003			BCF	STATUS, C
$05B4	$1FF0			BTFSS	STACK_0, 7
$05B5	$2DBC			GOTO	$+7
$05B6	$0874			MOVF	STACK_4, W
$05B7	$07FA			ADDWF	STACK_10, F
$05B8	$1803			BTFSC	STATUS, C
$05B9	$0AFB			INCF	STACK_11, F
$05BA	$0875			MOVF	STACK_5, W
$05BB	$07FB			ADDWF	STACK_11, F
$05BC	$0CFB			RRF	STACK_11, F
$05BD	$0CFA			RRF	STACK_10, F
$05BE	$0CF9			RRF	STACK_9, F
$05BF	$0CF8			RRF	STACK_8, F
$05C0	$1C03			BTFSS	STATUS, C
$05C1	$2DA7			GOTO	$-26
$05C2	$1C7D			BTFSS	STACK_13, 0
$05C3	$2DCF			GOTO	$+12
$05C4	$09FB			COMF	STACK_11, F
$05C5	$09FA			COMF	STACK_10, F
$05C6	$09F9			COMF	STACK_9, F
$05C7	$09F8			COMF	STACK_8, F
$05C8	$0AF8			INCF	STACK_8, F
$05C9	$1903			BTFSC	STATUS, Z
$05CA	$0AF9			INCF	STACK_9, F
$05CB	$1903			BTFSC	STATUS, Z
$05CC	$0AFA			INCF	STACK_10, F
$05CD	$1903			BTFSC	STATUS, Z
$05CE	$0AFB			INCF	STACK_11, F
$05CF	$087B			MOVF	STACK_11, W
$05D0	$00F3			MOVWF	STACK_3
$05D1	$087A			MOVF	STACK_10, W
$05D2	$00F2			MOVWF	STACK_2
$05D3	$0879			MOVF	STACK_9, W
$05D4	$00F1			MOVWF	STACK_1
$05D5	$0878			MOVF	STACK_8, W
$05D6	$00F0			MOVWF	STACK_0
$05D7	$0000			NOP
$05D8	$0008			RETURN
$0504	$	_Lcd_Cmd:
$0504	$1303			BCF	STATUS, RP1
$0505	$1283			BCF	STATUS, RP0
$0506	$0821			MOVF	LCD_port_address, 0
$0507	$0084			MOVWF	FSR
$0508	$0843			MOVF	FARG_Lcd_Cmd+0, 0
$0509	$1903			BTFSC	STATUS, Z
$050A	$2D0B			GOTO	L_Lcd_Cmd_0
$050B	$	L_Lcd_Cmd_0:
$050B	$1180			BCF	INDF, ___ENABLE
$050C	$1100			BCF	INDF, ___RS
$050D	$1380			BCF	INDF, ___DB7
$050E	$1300			BCF	INDF, ___DB6
$050F	$1280			BCF	INDF, ___DB5
$0510	$1200			BCF	INDF, ___DB4
$0511	$1BC3			BTFSC	FARG_Lcd_Cmd+0, 7
$0512	$1780			BSF	INDF, ___DB7
$0513	$1B43			BTFSC	FARG_Lcd_Cmd+0, 6
$0514	$1700			BSF	INDF, ___DB6
$0515	$1AC3			BTFSC	FARG_Lcd_Cmd+0, 5
$0516	$1680			BSF	INDF, ___DB5
$0517	$1A43			BTFSC	FARG_Lcd_Cmd+0, 4
$0518	$1600			BSF	INDF, ___DB4
$0519	$0822			MOVF	LCD_cmd_status, 0
$051A	$1903			BTFSC	STATUS, Z
$051B	$2D1E			GOTO	L_Lcd_Cmd_1
$051C	$1100			BCF	INDF, ___RS
$051D	$2D1F			GOTO	L_Lcd_Cmd_2
$051E	$	L_Lcd_Cmd_1:
$051E	$1500			BSF	INDF, ___RS
$051F	$	L_Lcd_Cmd_2:
$051F	$1580			BSF	INDF, ___ENABLE
$0520	$158A			BSF	PCLATH, 3
$0521	$2062			CALL	_Delay_1us
$0522	$118A			BCF	PCLATH, 3
$0523	$0843			MOVF	FARG_Lcd_Cmd+0, 0
$0524	$1903			BTFSC	STATUS, Z
$0525	$2D26			GOTO	L_Lcd_Cmd_3
$0526	$	L_Lcd_Cmd_3:
$0526	$1180			BCF	INDF, ___ENABLE
$0527	$1100			BCF	INDF, ___RS
$0528	$1380			BCF	INDF, ___DB7
$0529	$1300			BCF	INDF, ___DB6
$052A	$1280			BCF	INDF, ___DB5
$052B	$1200			BCF	INDF, ___DB4
$052C	$19C3			BTFSC	FARG_Lcd_Cmd+0, 3
$052D	$1780			BSF	INDF, ___DB7
$052E	$1943			BTFSC	FARG_Lcd_Cmd+0, 2
$052F	$1700			BSF	INDF, ___DB6
$0530	$18C3			BTFSC	FARG_Lcd_Cmd+0, 1
$0531	$1680			BSF	INDF, ___DB5
$0532	$1843			BTFSC	FARG_Lcd_Cmd+0, 0
$0533	$1600			BSF	INDF, ___DB4
$0534	$0822			MOVF	LCD_cmd_status, 0
$0535	$1903			BTFSC	STATUS, Z
$0536	$2D39			GOTO	L_Lcd_Cmd_4
$0537	$1100			BCF	INDF, ___RS
$0538	$2D3A			GOTO	L_Lcd_Cmd_5
$0539	$	L_Lcd_Cmd_4:
$0539	$1500			BSF	INDF, ___RS
$053A	$	L_Lcd_Cmd_5:
$053A	$1580			BSF	INDF, ___ENABLE
$053B	$158A			BSF	PCLATH, 3
$053C	$2062			CALL	_Delay_1us
$053D	$118A			BCF	PCLATH, 3
$053E	$1180			BCF	INDF, ___ENABLE
$053F	$0822			MOVF	LCD_cmd_status, 0
$0540	$1903			BTFSC	STATUS, Z
$0541	$2D46			GOTO	L_Lcd_Cmd_6
$0542	$158A			BSF	PCLATH, 3
$0543	$2016			CALL	_Delay_5500us
$0544	$118A			BCF	PCLATH, 3
$0545	$2D49			GOTO	L_Lcd_Cmd_7
$0546	$	L_Lcd_Cmd_6:
$0546	$158A			BSF	PCLATH, 3
$0547	$208A			CALL	_Delay_50us
$0548	$118A			BCF	PCLATH, 3
$0549	$	L_Lcd_Cmd_7:
$0549	$0008			RETURN
$0897	$	_PWM1_Init:
$0897	$1303			BCF	STATUS, RP1
$0898	$1283			BCF	STATUS, RP0
$0899	$0195			CLRF	CCPR1L, 1
$089A	$1217			BCF	CCP1CON, 4
$089B	$1297			BCF	CCP1CON, 5
$089C	$0008			RETURN
$0891	$	_PWM2_Init:
$0891	$1303			BCF	STATUS, RP1
$0892	$1283			BCF	STATUS, RP0
$0893	$019B			CLRF	CCPR2L, 1
$0894	$121D			BCF	CCP2CON, 4
$0895	$129D			BCF	CCP2CON, 5
$0896	$0008			RETURN
$0612	$	_PWM1_Change_Duty:
$0612	$1303			BCF	STATUS, RP1
$0613	$1683			BSF	STATUS, RP0
$0614	$0812			MOVF	PR2, 0
$0615	$3F01			ADDLW	1
$0616	$00F0			MOVWF	STACK_0
$0617	$01F1			CLRF	STACK_0+1
$0618	$1803			BTFSC	STATUS, C
$0619	$0AF1			INCF	STACK_0+1, 1
$061A	$1283			BCF	STATUS, RP0
$061B	$0843			MOVF	FARG_PWM1_Change_Duty+0, 0
$061C	$00F4			MOVWF	STACK_4
$061D	$01F5			CLRF	STACK_4+1
$061E	$258F			CALL	_mul_16x16_s
$061F	$3006			MOVLW	6
$0620	$00F2			MOVWF	STACK_2
$0621	$0870			MOVF	STACK_0, 0
$0622	$00F4			MOVWF	STACK_4
$0623	$0871			MOVF	STACK_0+1, 0
$0624	$00F5			MOVWF	STACK_4+1
$0625	$0872			MOVF	STACK_2, 0
$0626	$	L_PWM1_Change_Duty_2:
$0626	$1903			BTFSC	STATUS, Z
$0627	$2E2D			GOTO	L_PWM1_Change_Duty_3
$0628	$0CF5			RRF	STACK_4+1, 1
$0629	$0CF4			RRF	STACK_4, 1
$062A	$13F5			BCF	STACK_4+1, 7
$062B	$3FFF			ADDLW	255
$062C	$2E26			GOTO	L_PWM1_Change_Duty_2
$062D	$	L_PWM1_Change_Duty_3:
$062D	$0874			MOVF	STACK_4, 0
$062E	$00F0			MOVWF	STACK_0
$062F	$0DF0			RLF	STACK_0, 1
$0630	$1070			BCF	STACK_0, 0
$0631	$0DF0			RLF	STACK_0, 1
$0632	$1070			BCF	STACK_0, 0
$0633	$0DF0			RLF	STACK_0, 1
$0634	$1070			BCF	STACK_0, 0
$0635	$0DF0			RLF	STACK_0, 1
$0636	$1070			BCF	STACK_0, 0
$0637	$3030			MOVLW	48
$0638	$0570			ANDWF	STACK_0, 0
$0639	$00F3			MOVWF	STACK_3
$063A	$0874			MOVF	STACK_4, 0
$063B	$00F0			MOVWF	STACK_0
$063C	$0875			MOVF	STACK_4+1, 0
$063D	$00F1			MOVWF	STACK_0+1
$063E	$0CF1			RRF	STACK_0+1, 1
$063F	$0CF0			RRF	STACK_0, 1
$0640	$13F1			BCF	STACK_0+1, 7
$0641	$0CF1			RRF	STACK_0+1, 1
$0642	$0CF0			RRF	STACK_0, 1
$0643	$13F1			BCF	STACK_0+1, 7
$0644	$0870			MOVF	STACK_0, 0
$0645	$0095			MOVWF	CCPR1L
$0646	$300F			MOVLW	15
$0647	$0597			ANDWF	CCP1CON, 1
$0648	$0873			MOVF	STACK_3, 0
$0649	$0497			IORWF	CCP1CON, 1
$064A	$0008			RETURN
$05D9	$	_PWM2_Change_Duty:
$05D9	$1303			BCF	STATUS, RP1
$05DA	$1683			BSF	STATUS, RP0
$05DB	$0812			MOVF	PR2, 0
$05DC	$3F01			ADDLW	1
$05DD	$00F0			MOVWF	STACK_0
$05DE	$01F1			CLRF	STACK_0+1
$05DF	$1803			BTFSC	STATUS, C
$05E0	$0AF1			INCF	STACK_0+1, 1
$05E1	$1283			BCF	STATUS, RP0
$05E2	$0843			MOVF	FARG_PWM2_Change_Duty+0, 0
$05E3	$00F4			MOVWF	STACK_4
$05E4	$01F5			CLRF	STACK_4+1
$05E5	$258F			CALL	_mul_16x16_s
$05E6	$3006			MOVLW	6
$05E7	$00F2			MOVWF	STACK_2
$05E8	$0870			MOVF	STACK_0, 0
$05E9	$00F4			MOVWF	STACK_4
$05EA	$0871			MOVF	STACK_0+1, 0
$05EB	$00F5			MOVWF	STACK_4+1
$05EC	$0872			MOVF	STACK_2, 0
$05ED	$	L_PWM2_Change_Duty_0:
$05ED	$1903			BTFSC	STATUS, Z
$05EE	$2DF4			GOTO	L_PWM2_Change_Duty_1
$05EF	$0CF5			RRF	STACK_4+1, 1
$05F0	$0CF4			RRF	STACK_4, 1
$05F1	$13F5			BCF	STACK_4+1, 7
$05F2	$3FFF			ADDLW	255
$05F3	$2DED			GOTO	L_PWM2_Change_Duty_0
$05F4	$	L_PWM2_Change_Duty_1:
$05F4	$0874			MOVF	STACK_4, 0
$05F5	$00F0			MOVWF	STACK_0
$05F6	$0DF0			RLF	STACK_0, 1
$05F7	$1070			BCF	STACK_0, 0
$05F8	$0DF0			RLF	STACK_0, 1
$05F9	$1070			BCF	STACK_0, 0
$05FA	$0DF0			RLF	STACK_0, 1
$05FB	$1070			BCF	STACK_0, 0
$05FC	$0DF0			RLF	STACK_0, 1
$05FD	$1070			BCF	STACK_0, 0
$05FE	$3030			MOVLW	48
$05FF	$0570			ANDWF	STACK_0, 0
$0600	$00F3			MOVWF	STACK_3
$0601	$0874			MOVF	STACK_4, 0
$0602	$00F0			MOVWF	STACK_0
$0603	$0875			MOVF	STACK_4+1, 0
$0604	$00F1			MOVWF	STACK_0+1
$0605	$0CF1			RRF	STACK_0+1, 1
$0606	$0CF0			RRF	STACK_0, 1
$0607	$13F1			BCF	STACK_0+1, 7
$0608	$0CF1			RRF	STACK_0+1, 1
$0609	$0CF0			RRF	STACK_0, 1
$060A	$13F1			BCF	STACK_0+1, 7
$060B	$0870			MOVF	STACK_0, 0
$060C	$009B			MOVWF	CCPR2L
$060D	$300F			MOVLW	15
$060E	$059D			ANDWF	CCP2CON, 1
$060F	$0873			MOVF	STACK_3, 0
$0610	$049D			IORWF	CCP2CON, 1
$0611	$0008			RETURN
$0872	$	_PWM1_Start:
$0872	$1303			BCF	STATUS, RP1
$0873	$1683			BSF	STATUS, RP0
$0874	$1107			BCF	TRISC, 2
$0875	$1283			BCF	STATUS, RP0
$0876	$1512			BSF	T2CON, 2
$0877	$300C			MOVLW	12
$0878	$0497			IORWF	CCP1CON, 1
$0879	$0008			RETURN
$087A	$	_PWM2_Start:
$087A	$1303			BCF	STATUS, RP1
$087B	$1683			BSF	STATUS, RP0
$087C	$1087			BCF	TRISC, 1
$087D	$1283			BCF	STATUS, RP0
$087E	$1512			BSF	T2CON, 2
$087F	$300C			MOVLW	12
$0880	$049D			IORWF	CCP2CON, 1
$0881	$0008			RETURN
$00F7	$	_SDIV3232L:
$00F7	$1303			BCF	STATUS, RP1
$00F8	$1283			BCF	STATUS, RP0
$00F9	$0874			MOVF	STACK_4, W
$00FA	$02F8			SUBWF	STACK_8, F
$00FB	$0875			MOVF	STACK_5, W
$00FC	$1C03			BTFSS	STATUS, C
$00FD	$0F75			INCFSZ	STACK_5, W
$00FE	$02F9			SUBWF	STACK_9, F
$00FF	$0876			MOVF	STACK_6, W
$0100	$1C03			BTFSS	STATUS, C
$0101	$0F76			INCFSZ	STACK_6, W
$0102	$02FA			SUBWF	STACK_10, F
$0103	$0877			MOVF	STACK_7, W
$0104	$1C03			BTFSS	STATUS, C
$0105	$0F77			INCFSZ	STACK_7, W
$0106	$02FB			SUBWF	STACK_11, F
$0107	$0DF3			RLF	STACK_3, F
$0108	$3007			MOVLW	7
$0109	$00FC			MOVWF	STACK_12
$010A	$	LOOPS3232A:
$010A	$0D73			RLF	STACK_3, W
$010B	$0DF8			RLF	STACK_8, F
$010C	$0DF9			RLF	STACK_9, F
$010D	$0DFA			RLF	STACK_10, F
$010E	$0DFB			RLF	STACK_11, F
$010F	$0874			MOVF	STACK_4, W
$0110	$1C73			BTFSS	STACK_3, 0
$0111	$2920			GOTO	SADD22LA
$0112	$02F8			SUBWF	STACK_8, F
$0113	$0875			MOVF	STACK_5, W
$0114	$1C03			BTFSS	STATUS, C
$0115	$0F75			INCFSZ	STACK_5, W
$0116	$02F9			SUBWF	STACK_9, F
$0117	$0876			MOVF	STACK_6, W
$0118	$1C03			BTFSS	STATUS, C
$0119	$0F76			INCFSZ	STACK_6, W
$011A	$02FA			SUBWF	STACK_10, F
$011B	$0877			MOVF	STACK_7, W
$011C	$1C03			BTFSS	STATUS, C
$011D	$0F77			INCFSZ	STACK_7, W
$011E	$02FB			SUBWF	STACK_11, F
$011F	$292D			GOTO	SOK22LA
$0120	$	SADD22LA:
$0120	$07F8			ADDWF	STACK_8, F
$0121	$0875			MOVF	STACK_5, W
$0122	$1803			BTFSC	STATUS, C
$0123	$0F75			INCFSZ	STACK_5, W
$0124	$07F9			ADDWF	STACK_9, F
$0125	$0876			MOVF	STACK_6, W
$0126	$1803			BTFSC	STATUS, C
$0127	$0F76			INCFSZ	STACK_6, W
$0128	$07FA			ADDWF	STACK_10, F
$0129	$0877			MOVF	STACK_7, W
$012A	$1803			BTFSC	STATUS, C
$012B	$0F77			INCFSZ	STACK_7, W
$012C	$07FB			ADDWF	STACK_11, F
$012D	$	SOK22LA:
$012D	$0DF3			RLF	STACK_3, F
$012E	$0BFC			DECFSZ	STACK_12, F
$012F	$290A			GOTO	LOOPS3232A
$0130	$0D72			RLF	STACK_2, W
$0131	$0DF8			RLF	STACK_8, F
$0132	$0DF9			RLF	STACK_9, F
$0133	$0DFA			RLF	STACK_10, F
$0134	$0DFB			RLF	STACK_11, F
$0135	$0874			MOVF	STACK_4, W
$0136	$1C73			BTFSS	STACK_3, 0
$0137	$2946			GOTO	SADD22L8
$0138	$02F8			SUBWF	STACK_8, F
$0139	$0875			MOVF	STACK_5, W
$013A	$1C03			BTFSS	STATUS, C
$013B	$0F75			INCFSZ	STACK_5, W
$013C	$02F9			SUBWF	STACK_9, F
$013D	$0876			MOVF	STACK_6, W
$013E	$1C03			BTFSS	STATUS, C
$013F	$0F76			INCFSZ	STACK_6, W
$0140	$02FA			SUBWF	STACK_10, F
$0141	$0877			MOVF	STACK_7, W
$0142	$1C03			BTFSS	STATUS, C
$0143	$0F77			INCFSZ	STACK_7, W
$0144	$02FB			SUBWF	STACK_11, F
$0145	$2953			GOTO	SOK22L8
$0146	$	SADD22L8:
$0146	$07F8			ADDWF	STACK_8, F
$0147	$0875			MOVF	STACK_5, W
$0148	$1803			BTFSC	STATUS, C
$0149	$0F75			INCFSZ	STACK_5, W
$014A	$07F9			ADDWF	STACK_9, F
$014B	$0876			MOVF	STACK_6, W
$014C	$1803			BTFSC	STATUS, C
$014D	$0F76			INCFSZ	STACK_6, W
$014E	$07FA			ADDWF	STACK_10, F
$014F	$0877			MOVF	STACK_7, W
$0150	$1803			BTFSC	STATUS, C
$0151	$0F77			INCFSZ	STACK_7, W
$0152	$07FB			ADDWF	STACK_11, F
$0153	$	SOK22L8:
$0153	$0DF2			RLF	STACK_2, F
$0154	$3007			MOVLW	7
$0155	$00FC			MOVWF	STACK_12
$0156	$	LOOPS3232B:
$0156	$0D72			RLF	STACK_2, W
$0157	$0DF8			RLF	STACK_8, F
$0158	$0DF9			RLF	STACK_9, F
$0159	$0DFA			RLF	STACK_10, F
$015A	$0DFB			RLF	STACK_11, F
$015B	$0874			MOVF	STACK_4, W
$015C	$1C72			BTFSS	STACK_2, 0
$015D	$296C			GOTO	SADD22LB
$015E	$02F8			SUBWF	STACK_8, F
$015F	$0875			MOVF	STACK_5, W
$0160	$1C03			BTFSS	STATUS, C
$0161	$0F75			INCFSZ	STACK_5, W
$0162	$02F9			SUBWF	STACK_9, F
$0163	$0876			MOVF	STACK_6, W
$0164	$1C03			BTFSS	STATUS, C
$0165	$0F76			INCFSZ	STACK_6, W
$0166	$02FA			SUBWF	STACK_10, F
$0167	$0877			MOVF	STACK_7, W
$0168	$1C03			BTFSS	STATUS, C
$0169	$0F77			INCFSZ	STACK_7, W
$016A	$02FB			SUBWF	STACK_11, F
$016B	$2979			GOTO	SOK22LB
$016C	$	SADD22LB:
$016C	$07F8			ADDWF	STACK_8, F
$016D	$0875			MOVF	STACK_5, W
$016E	$1803			BTFSC	STATUS, C
$016F	$0F75			INCFSZ	STACK_5, W
$0170	$07F9			ADDWF	STACK_9, F
$0171	$0876			MOVF	STACK_6, W
$0172	$1803			BTFSC	STATUS, C
$0173	$0F76			INCFSZ	STACK_6, W
$0174	$07FA			ADDWF	STACK_10, F
$0175	$0877			MOVF	STACK_7, W
$0176	$1803			BTFSC	STATUS, C
$0177	$0F77			INCFSZ	STACK_7, W
$0178	$07FB			ADDWF	STACK_11, F
$0179	$	SOK22LB:
$0179	$0DF2			RLF	STACK_2, F
$017A	$0BFC			DECFSZ	STACK_12, F
$017B	$2956			GOTO	LOOPS3232B
$017C	$0D71			RLF	STACK_1, W
$017D	$0DF8			RLF	STACK_8, F
$017E	$0DF9			RLF	STACK_9, F
$017F	$0DFA			RLF	STACK_10, F
$0180	$0DFB			RLF	STACK_11, F
$0181	$0874			MOVF	STACK_4, W
$0182	$1C72			BTFSS	STACK_2, 0
$0183	$2992			GOTO	SADD22L16
$0184	$02F8			SUBWF	STACK_8, F
$0185	$0875			MOVF	STACK_5, W
$0186	$1C03			BTFSS	STATUS, C
$0187	$0F75			INCFSZ	STACK_5, W
$0188	$02F9			SUBWF	STACK_9, F
$0189	$0876			MOVF	STACK_6, W
$018A	$1C03			BTFSS	STATUS, C
$018B	$0F76			INCFSZ	STACK_6, W
$018C	$02FA			SUBWF	STACK_10, F
$018D	$0877			MOVF	STACK_7, W
$018E	$1C03			BTFSS	STATUS, C
$018F	$0F77			INCFSZ	STACK_7, W
$0190	$02FB			SUBWF	STACK_11, F
$0191	$299F			GOTO	SOK22L16
$0192	$	SADD22L16:
$0192	$07F8			ADDWF	STACK_8, F
$0193	$0875			MOVF	STACK_5, W
$0194	$1803			BTFSC	STATUS, C
$0195	$0F75			INCFSZ	STACK_5, W
$0196	$07F9			ADDWF	STACK_9, F
$0197	$0876			MOVF	STACK_6, W
$0198	$1803			BTFSC	STATUS, C
$0199	$0F76			INCFSZ	STACK_6, W
$019A	$07FA			ADDWF	STACK_10, F
$019B	$0877			MOVF	STACK_7, W
$019C	$1803			BTFSC	STATUS, C
$019D	$0F77			INCFSZ	STACK_7, W
$019E	$07FB			ADDWF	STACK_11, F
$019F	$	SOK22L16:
$019F	$0DF1			RLF	STACK_1, F
$01A0	$3007			MOVLW	7
$01A1	$00FC			MOVWF	STACK_12
$01A2	$	LOOPS3232C:
$01A2	$0D71			RLF	STACK_1, W
$01A3	$0DF8			RLF	STACK_8, F
$01A4	$0DF9			RLF	STACK_9, F
$01A5	$0DFA			RLF	STACK_10, F
$01A6	$0DFB			RLF	STACK_11, F
$01A7	$0874			MOVF	STACK_4, W
$01A8	$1C71			BTFSS	STACK_1, 0
$01A9	$29B8			GOTO	SADD22LC
$01AA	$02F8			SUBWF	STACK_8, F
$01AB	$0875			MOVF	STACK_5, W
$01AC	$1C03			BTFSS	STATUS, C
$01AD	$0F75			INCFSZ	STACK_5, W
$01AE	$02F9			SUBWF	STACK_9, F
$01AF	$0876			MOVF	STACK_6, W
$01B0	$1C03			BTFSS	STATUS, C
$01B1	$0F76			INCFSZ	STACK_6, W
$01B2	$02FA			SUBWF	STACK_10, F
$01B3	$0877			MOVF	STACK_7, W
$01B4	$1C03			BTFSS	STATUS, C
$01B5	$0F77			INCFSZ	STACK_7, W
$01B6	$02FB			SUBWF	STACK_11, F
$01B7	$29C5			GOTO	SOK22LC
$01B8	$	SADD22LC:
$01B8	$07F8			ADDWF	STACK_8, F
$01B9	$0875			MOVF	STACK_5, W
$01BA	$1803			BTFSC	STATUS, C
$01BB	$0F75			INCFSZ	STACK_5, W
$01BC	$07F9			ADDWF	STACK_9, F
$01BD	$0876			MOVF	STACK_6, W
$01BE	$1803			BTFSC	STATUS, C
$01BF	$0F76			INCFSZ	STACK_6, W
$01C0	$07FA			ADDWF	STACK_10, F
$01C1	$0877			MOVF	STACK_7, W
$01C2	$1803			BTFSC	STATUS, C
$01C3	$0F77			INCFSZ	STACK_7, W
$01C4	$07FB			ADDWF	STACK_11, F
$01C5	$	SOK22LC:
$01C5	$0DF1			RLF	STACK_1, F
$01C6	$0BFC			DECFSZ	STACK_12, F
$01C7	$29A2			GOTO	LOOPS3232C
$01C8	$0D70			RLF	STACK_0, W
$01C9	$0DF8			RLF	STACK_8, F
$01CA	$0DF9			RLF	STACK_9, F
$01CB	$0DFA			RLF	STACK_10, F
$01CC	$0DFB			RLF	STACK_11, F
$01CD	$0874			MOVF	STACK_4, W
$01CE	$1C71			BTFSS	STACK_1, 0
$01CF	$29DE			GOTO	SADD22L24
$01D0	$02F8			SUBWF	STACK_8, F
$01D1	$0875			MOVF	STACK_5, W
$01D2	$1C03			BTFSS	STATUS, C
$01D3	$0F75			INCFSZ	STACK_5, W
$01D4	$02F9			SUBWF	STACK_9, F
$01D5	$0876			MOVF	STACK_6, W
$01D6	$1C03			BTFSS	STATUS, C
$01D7	$0F76			INCFSZ	STACK_6, W
$01D8	$02FA			SUBWF	STACK_10, F
$01D9	$0877			MOVF	STACK_7, W
$01DA	$1C03			BTFSS	STATUS, C
$01DB	$0F77			INCFSZ	STACK_7, W
$01DC	$02FB			SUBWF	STACK_11, F
$01DD	$29EB			GOTO	SOK22L24
$01DE	$	SADD22L24:
$01DE	$07F8			ADDWF	STACK_8, F
$01DF	$0875			MOVF	STACK_5, W
$01E0	$1803			BTFSC	STATUS, C
$01E1	$0F75			INCFSZ	STACK_5, W
$01E2	$07F9			ADDWF	STACK_9, F
$01E3	$0876			MOVF	STACK_6, W
$01E4	$1803			BTFSC	STATUS, C
$01E5	$0F76			INCFSZ	STACK_6, W
$01E6	$07FA			ADDWF	STACK_10, F
$01E7	$0877			MOVF	STACK_7, W
$01E8	$1803			BTFSC	STATUS, C
$01E9	$0F77			INCFSZ	STACK_7, W
$01EA	$07FB			ADDWF	STACK_11, F
$01EB	$	SOK22L24:
$01EB	$0DF0			RLF	STACK_0, F
$01EC	$3007			MOVLW	7
$01ED	$00FC			MOVWF	STACK_12
$01EE	$	LOOPS3232D:
$01EE	$0D70			RLF	STACK_0, W
$01EF	$0DF8			RLF	STACK_8, F
$01F0	$0DF9			RLF	STACK_9, F
$01F1	$0DFA			RLF	STACK_10, F
$01F2	$0DFB			RLF	STACK_11, F
$01F3	$0874			MOVF	STACK_4, W
$01F4	$1C70			BTFSS	STACK_0, 0
$01F5	$2A04			GOTO	SADD22LD
$01F6	$02F8			SUBWF	STACK_8, F
$01F7	$0875			MOVF	STACK_5, W
$01F8	$1C03			BTFSS	STATUS, C
$01F9	$0F75			INCFSZ	STACK_5, W
$01FA	$02F9			SUBWF	STACK_9, F
$01FB	$0876			MOVF	STACK_6, W
$01FC	$1C03			BTFSS	STATUS, C
$01FD	$0F76			INCFSZ	STACK_6, W
$01FE	$02FA			SUBWF	STACK_10, F
$01FF	$0877			MOVF	STACK_7, W
$0200	$1C03			BTFSS	STATUS, C
$0201	$0F77			INCFSZ	STACK_7, W
$0202	$02FB			SUBWF	STACK_11, F
$0203	$2A11			GOTO	SOK22LD
$0204	$	SADD22LD:
$0204	$07F8			ADDWF	STACK_8, F
$0205	$0875			MOVF	STACK_5, W
$0206	$1803			BTFSC	STATUS, C
$0207	$0F75			INCFSZ	STACK_5, W
$0208	$07F9			ADDWF	STACK_9, F
$0209	$0876			MOVF	STACK_6, W
$020A	$1803			BTFSC	STATUS, C
$020B	$0F76			INCFSZ	STACK_6, W
$020C	$07FA			ADDWF	STACK_10, F
$020D	$0877			MOVF	STACK_7, W
$020E	$1803			BTFSC	STATUS, C
$020F	$0F77			INCFSZ	STACK_7, W
$0210	$07FB			ADDWF	STACK_11, F
$0211	$	SOK22LD:
$0211	$0DF0			RLF	STACK_0, F
$0212	$0BFC			DECFSZ	STACK_12, F
$0213	$29EE			GOTO	LOOPS3232D
$0214	$1870			BTFSC	STACK_0, 0
$0215	$2A24			GOTO	SOK22L
$0216	$0874			MOVF	STACK_4, W
$0217	$07F8			ADDWF	STACK_8, F
$0218	$0875			MOVF	STACK_5, W
$0219	$1803			BTFSC	STATUS, C
$021A	$0F75			INCFSZ	STACK_5, W
$021B	$07F9			ADDWF	STACK_9, F
$021C	$0876			MOVF	STACK_6, W
$021D	$1803			BTFSC	STATUS, C
$021E	$0F76			INCFSZ	STACK_6, W
$021F	$07FA			ADDWF	STACK_10, F
$0220	$0877			MOVF	STACK_7, W
$0221	$1803			BTFSC	STATUS, C
$0222	$0F77			INCFSZ	STACK_7, W
$0223	$07FB			ADDWF	STACK_11, F
$0224	$	SOK22L:
$0224	$0008			RETURN
$0849	$	_COMFREM:
$0849	$1303			BCF	STATUS, RP1
$084A	$1283			BCF	STATUS, RP0
$084B	$09FB			COMF	STACK_11, F
$084C	$09FA			COMF	STACK_10, F
$084D	$09F9			COMF	STACK_9, F
$084E	$09F8			COMF	STACK_8, F
$084F	$0AF8			INCF	STACK_8, F
$0850	$1903			BTFSC	STATUS, Z
$0851	$0AF9			INCF	STACK_9, F
$0852	$1903			BTFSC	STATUS, Z
$0853	$0AFA			INCF	STACK_10, F
$0854	$1903			BTFSC	STATUS, Z
$0855	$0AFB			INCF	STACK_11, F
$0856	$0008			RETURN
$06D5	$	_Div_16x16_U:
$06D5	$1303			BCF	STATUS, RP1
$06D6	$1283			BCF	STATUS, RP0
$06D7	$01F8			CLRF	STACK_8
$06D8	$01F9			CLRF	STACK_9
$06D9	$3010			MOVLW	16
$06DA	$00FC			MOVWF	STACK_12
$06DB	$0D71			RLF	STACK_1, W
$06DC	$0DF8			RLF	STACK_8, F
$06DD	$0DF9			RLF	STACK_9, F
$06DE	$0874			MOVF	STACK_4, W
$06DF	$02F8			SUBWF	STACK_8, F
$06E0	$0875			MOVF	STACK_5, W
$06E1	$1C03			BTFSS	STATUS, C
$06E2	$0F75			INCFSZ	STACK_5, W
$06E3	$02F9			SUBWF	STACK_9, F
$06E4	$1803			BTFSC	STATUS, C
$06E5	$2EED			GOTO	$+8
$06E6	$0874			MOVF	STACK_4, W
$06E7	$07F8			ADDWF	STACK_8, F
$06E8	$0875			MOVF	STACK_5, W
$06E9	$1803			BTFSC	STATUS, C
$06EA	$0F75			INCFSZ	STACK_5, W
$06EB	$07F9			ADDWF	STACK_9, F
$06EC	$1003			BCF	STATUS, C
$06ED	$0DF0			RLF	STACK_0, F
$06EE	$0DF1			RLF	STACK_1, F
$06EF	$0BFC			DECFSZ	STACK_12, F
$06F0	$2EDB			GOTO	$-21
$06F1	$0008			RETURN
$0857	$	_Lcd_Chr_CP:
$0857	$1303			BCF	STATUS, RP1
$0858	$1283			BCF	STATUS, RP0
$0859	$01A2			CLRF	LCD_cmd_status, 1
$085A	$0842			MOVF	FARG_Lcd_Chr_CP+0, 0
$085B	$00C3			MOVWF	FARG_Lcd_Cmd+0
$085C	$118A			BCF	PCLATH, 3
$085D	$2504			CALL	_Lcd_Cmd
$085E	$158A			BSF	PCLATH, 3
$085F	$3001			MOVLW	1
$0860	$00A2			MOVWF	LCD_cmd_status
$0861	$0008			RETURN
$06B0	$	_Motor_Init:
;motor.h,17 :: 		
;motor.h,19 :: 		
$06B0	$1303			BCF	STATUS, RP1
$06B1	$1283			BCF	STATUS, RP0
$06B2	$0823			MOVF	_motor_init_, 0
$06B3	$3A00			XORLW	0
$06B4	$1D03			BTFSS	STATUS, Z
$06B5	$2ED4			GOTO	L_Motor_Init_11
;motor.h,21 :: 		
$06B6	$3001			MOVLW	1
$06B7	$00A3			MOVWF	_motor_init_
;motor.h,22 :: 		
$06B8	$1703			BSF	STATUS, RP1
$06B9	$1683			BSF	STATUS, RP0
$06BA	$1009			BCF	ANSELH, 0
;motor.h,23 :: 		
$06BB	$1109			BCF	ANSELH, 2
;motor.h,24 :: 		
$06BC	$1303			BCF	STATUS, RP1
$06BD	$1086			BCF	TRISB, 1
;motor.h,25 :: 		
$06BE	$1106			BCF	TRISB, 2
;motor.h,26 :: 		
$06BF	$1008			BCF	TRISD, 0
;motor.h,27 :: 		
$06C0	$1088			BCF	TRISD, 1
;motor.h,28 :: 		
$06C1	$1283			BCF	STATUS, RP0
$06C2	$1012			BCF	T2CON, T2CKPS0
$06C3	$1092			BCF	T2CON, T2CKPS1
$06C4	$1412			BSF	T2CON, T2CKPS0
$06C5	$30F9			MOVLW	249
$06C6	$1683			BSF	STATUS, RP0
$06C7	$0092			MOVWF	PR2
$06C8	$158A			BSF	PCLATH, 3
$06C9	$2097			CALL	_PWM1_Init
$06CA	$118A			BCF	PCLATH, 3
;motor.h,29 :: 		
$06CB	$1012			BCF	T2CON, T2CKPS0
$06CC	$1092			BCF	T2CON, T2CKPS1
$06CD	$1412			BSF	T2CON, T2CKPS0
$06CE	$30F9			MOVLW	249
$06CF	$1683			BSF	STATUS, RP0
$06D0	$0092			MOVWF	PR2
$06D1	$158A			BSF	PCLATH, 3
$06D2	$2091			CALL	_PWM2_Init
$06D3	$118A			BCF	PCLATH, 3
;motor.h,30 :: 		
$06D4	$	L_Motor_Init_11:
;motor.h,31 :: 		
$06D4	$0008			RETURN
$0719	$	_Change_Duty:
;motor.h,37 :: 		
;motor.h,39 :: 		
$0719	$1303			BCF	STATUS, RP1
$071A	$1283			BCF	STATUS, RP0
$071B	$0842			MOVF	FARG_Change_Duty+0, 0
$071C	$0624			XORWF	_motor_duty_, 0
$071D	$1903			BTFSC	STATUS, Z
$071E	$2F27			GOTO	L_Change_Duty_12
;motor.h,41 :: 		
$071F	$0842			MOVF	FARG_Change_Duty+0, 0
$0720	$00A4			MOVWF	_motor_duty_
;motor.h,42 :: 		
$0721	$0842			MOVF	FARG_Change_Duty+0, 0
$0722	$00C3			MOVWF	FARG_PWM1_Change_Duty+0
$0723	$2612			CALL	_PWM1_Change_Duty
;motor.h,43 :: 		
$0724	$0842			MOVF	FARG_Change_Duty+0, 0
$0725	$00C3			MOVWF	FARG_PWM2_Change_Duty+0
$0726	$25D9			CALL	_PWM2_Change_Duty
;motor.h,44 :: 		
$0727	$	L_Change_Duty_12:
;motor.h,45 :: 		
$0727	$0008			RETURN
$0886	$	_Motor_A_BWD:
;motor.h,67 :: 		
;motor.h,69 :: 		
$0886	$2072			CALL	_PWM1_Start
;motor.h,70 :: 		
$0887	$1408			BSF	PORTD, 0
;motor.h,71 :: 		
$0888	$1088			BCF	PORTD, 1
;motor.h,72 :: 		
$0889	$0008			RETURN
$0882	$	_Motor_B_BWD:
;motor.h,76 :: 		
;motor.h,78 :: 		
$0882	$207A			CALL	_PWM2_Start
;motor.h,79 :: 		
$0883	$1486			BSF	PORTB, 1
;motor.h,80 :: 		
$0884	$1106			BCF	PORTB, 2
;motor.h,81 :: 		
$0885	$0008			RETURN
$0733	$	_Get_Fosc_kHz:
;delays.c,1 :: 		unsigned long Get_Fosc_kHz(){
;delays.c,3 :: 		return Clock_kHz();
$0733	$3020			MOVLW	32
$0734	$1303			BCF	STATUS, RP1
$0735	$1283			BCF	STATUS, RP0
$0736	$00F0			MOVWF	STACK_0
$0737	$304E			MOVLW	78
$0738	$00F1			MOVWF	STACK_0+1
$0739	$01F2			CLRF	STACK_0+2
$073A	$01F3			CLRF	STACK_0+3
;delays.c,5 :: 		}
$073B	$0008			RETURN
$0838	$	_Delay_Cyc:
;delays.c,53 :: 		void Delay_Cyc(char cycles_div_by_10)  { // Cycles_div_by_10: min 3, max 255
;delays.c,55 :: 		--cycles_div_by_10;
$0838	$1303			BCF	STATUS, RP1
$0839	$1283			BCF	STATUS, RP0
$083A	$03C2			DECF	FARG_Delay_Cyc+0, 1
;delays.c,56 :: 		--cycles_div_by_10;
$083B	$03C2			DECF	FARG_Delay_Cyc+0, 1
;delays.c,57 :: 		while (cycles_div_by_10 > 0) {
$083C	$	L_Delay_Cyc_0:
$083C	$0842			MOVF	FARG_Delay_Cyc+0, 0
$083D	$3C00			SUBLW	0
$083E	$1803			BTFSC	STATUS, C
$083F	$2845			GOTO	L_Delay_Cyc_1
;delays.c,58 :: 		--cycles_div_by_10;
$0840	$03C2			DECF	FARG_Delay_Cyc+0, 1
;delays.c,59 :: 		asm nop;
$0841	$0000			NOP
;delays.c,60 :: 		asm nop;
$0842	$0000			NOP
;delays.c,61 :: 		asm nop;
$0843	$0000			NOP
;delays.c,62 :: 		}
$0844	$283C			GOTO	L_Delay_Cyc_0
$0845	$	L_Delay_Cyc_1:
;delays.c,63 :: 		asm nop;
$0845	$0000			NOP
;delays.c,64 :: 		asm nop;
$0846	$0000			NOP
;delays.c,65 :: 		asm nop;
$0847	$0000			NOP
;delays.c,66 :: 		}
$0848	$0008			RETURN
$064B	$	_Mul_32x32_U:
$064B	$1303			BCF	STATUS, RP1
$064C	$1283			BCF	STATUS, RP0
$064D	$3022			MOVLW	34
$064E	$00FC			MOVWF	STACK_12
$064F	$01F8			CLRF	STACK_8
$0650	$01F9			CLRF	STACK_9
$0651	$01FA			CLRF	STACK_10
$0652	$01FB			CLRF	STACK_11
$0653	$	_NEXT:
$0653	$03FC			DECF	STACK_12, F
$0654	$1903			BTFSC	STATUS, Z
$0655	$2E81			GOTO	_EXIT2
$0656	$1003			BCF	STATUS, C
$0657	$	_LOOP:
$0657	$0CFB			RRF	STACK_11, F
$0658	$0CFA			RRF	STACK_10, F
$0659	$0CF9			RRF	STACK_9, F
$065A	$0CF8			RRF	STACK_8, F
$065B	$0CF3			RRF	STACK_3, F
$065C	$0CF2			RRF	STACK_2, F
$065D	$0CF1			RRF	STACK_1, F
$065E	$0CF0			RRF	STACK_0, F
$065F	$1C03			BTFSS	STATUS, C
$0660	$2E53			GOTO	_NEXT
$0661	$03FC			DECF	STACK_12, F
$0662	$1903			BTFSC	STATUS, Z
$0663	$2E73			GOTO	_EXIT1
$0664	$0874			MOVF	STACK_4, W
$0665	$07F8			ADDWF	STACK_8, F
$0666	$0875			MOVF	STACK_5, W
$0667	$1803			BTFSC	STATUS, C
$0668	$0F75			INCFSZ	STACK_5, W
$0669	$07F9			ADDWF	STACK_9, F
$066A	$0876			MOVF	STACK_6, W
$066B	$1803			BTFSC	STATUS, C
$066C	$0F76			INCFSZ	STACK_6, W
$066D	$07FA			ADDWF	STACK_10, F
$066E	$0877			MOVF	STACK_7, W
$066F	$1803			BTFSC	STATUS, C
$0670	$0F77			INCFSZ	STACK_7, W
$0671	$07FB			ADDWF	STACK_11, F
$0672	$2E57			GOTO	_LOOP
$0673	$	_EXIT1:
$0673	$0874			MOVF	STACK_4, W
$0674	$07F8			ADDWF	STACK_8, F
$0675	$0875			MOVF	STACK_5, W
$0676	$1803			BTFSC	STATUS, C
$0677	$0F75			INCFSZ	STACK_5, W
$0678	$07F9			ADDWF	STACK_9, F
$0679	$0876			MOVF	STACK_6, W
$067A	$1803			BTFSC	STATUS, C
$067B	$0F76			INCFSZ	STACK_6, W
$067C	$07FA			ADDWF	STACK_10, F
$067D	$0877			MOVF	STACK_7, W
$067E	$1803			BTFSC	STATUS, C
$067F	$0F77			INCFSZ	STACK_7, W
$0680	$07FB			ADDWF	STACK_11, F
$0681	$	_EXIT2:
$0681	$0008			RETURN
$02CF	$	_Div_32x32_S:
$02CF	$1303			BCF	STATUS, RP1
$02D0	$1283			BCF	STATUS, RP0
$02D1	$	FXD3232S:
$02D1	$01FC			CLRF	STACK_12
$02D2	$1BF7			BTFSC	STACK_7, 7
$02D3	$0AFC			INCF	STACK_12, F
$02D4	$01FD			CLRF	STACK_13
$02D5	$01FB			CLRF	STACK_11
$02D6	$01FA			CLRF	STACK_10
$02D7	$01F9			CLRF	STACK_9
$02D8	$01F8			CLRF	STACK_8
$02D9	$0873			MOVF	STACK_3, W
$02DA	$0472			IORWF	STACK_2, W
$02DB	$0471			IORWF	STACK_1, W
$02DC	$0470			IORWF	STACK_0, W
$02DD	$1903			BTFSC	STATUS, Z
$02DE	$2B63			GOTO	END_ALL
$02DF	$0873			MOVF	STACK_3, W
$02E0	$0677			XORWF	STACK_7, W
$02E1	$00A0			MOVWF	___math_tempb
$02E2	$1BA0			BTFSC	___math_tempb, 7
$02E3	$09FD			COMF	STACK_13, F
$02E4	$1FF7			BTFSS	STACK_7, 7
$02E5	$2AF1			GOTO	CA3232S
$02E6	$09F4			COMF	STACK_4, F
$02E7	$09F5			COMF	STACK_5, F
$02E8	$09F6			COMF	STACK_6, F
$02E9	$09F7			COMF	STACK_7, F
$02EA	$0AF4			INCF	STACK_4, F
$02EB	$1903			BTFSC	STATUS, Z
$02EC	$0AF5			INCF	STACK_5, F
$02ED	$1903			BTFSC	STATUS, Z
$02EE	$0AF6			INCF	STACK_6, F
$02EF	$1903			BTFSC	STATUS, Z
$02F0	$0AF7			INCF	STACK_7, F
$02F1	$	CA3232S:
$02F1	$1FF3			BTFSS	STACK_3, 7
$02F2	$2AFE			GOTO	C3232SX
$02F3	$09F0			COMF	STACK_0, F
$02F4	$09F1			COMF	STACK_1, F
$02F5	$09F2			COMF	STACK_2, F
$02F6	$09F3			COMF	STACK_3, F
$02F7	$0AF0			INCF	STACK_0, F
$02F8	$1903			BTFSC	STATUS, Z
$02F9	$0AF1			INCF	STACK_1, F
$02FA	$1903			BTFSC	STATUS, Z
$02FB	$0AF2			INCF	STACK_2, F
$02FC	$1903			BTFSC	STATUS, Z
$02FD	$0AF3			INCF	STACK_3, F
$02FE	$	C3232SX:
$02FE	$0873			MOVF	STACK_3, W
$02FF	$0477			IORWF	STACK_7, W
$0300	$00A0			MOVWF	___math_tempb
$0301	$1BA0			BTFSC	___math_tempb, 7
$0302	$2B1F			GOTO	C3232SX1
$0303	$	C3232S:
$0303	$20F7			CALL	_SDIV3232L
$0304	$	C3232S2:
$0304	$1BFC			BTFSC	STACK_12, 7
$0305	$2B3C			GOTO	C3232SX4
$0306	$	C3232SOK:
$0306	$1FFD			BTFSS	STACK_13, 7
$0307	$2B63			GOTO	END_ALL
$0308	$09F0			COMF	STACK_0, F
$0309	$09F1			COMF	STACK_1, F
$030A	$09F2			COMF	STACK_2, F
$030B	$09F3			COMF	STACK_3, F
$030C	$0AF0			INCF	STACK_0, F
$030D	$1903			BTFSC	STATUS, Z
$030E	$0AF1			INCF	STACK_1, F
$030F	$1903			BTFSC	STATUS, Z
$0310	$0AF2			INCF	STACK_2, F
$0311	$1903			BTFSC	STATUS, Z
$0312	$0AF3			INCF	STACK_3, F
$0313	$09F8			COMF	STACK_8, F
$0314	$09F9			COMF	STACK_9, F
$0315	$09FA			COMF	STACK_10, F
$0316	$09FB			COMF	STACK_11, F
$0317	$0AF8			INCF	STACK_8, F
$0318	$1903			BTFSC	STATUS, Z
$0319	$0AF9			INCF	STACK_9, F
$031A	$1903			BTFSC	STATUS, Z
$031B	$0AFA			INCF	STACK_10, F
$031C	$1903			BTFSC	STATUS, Z
$031D	$0AFB			INCF	STACK_11, F
$031E	$2B63			GOTO	END_ALL
$031F	$	C3232SX1:
$031F	$1FF7			BTFSS	STACK_7, 7
$0320	$2B36			GOTO	C3232SX3
$0321	$1BF3			BTFSC	STACK_3, 7
$0322	$2B30			GOTO	C3232SX2
$0323	$0873			MOVF	STACK_3, W
$0324	$00FB			MOVWF	STACK_11
$0325	$0872			MOVF	STACK_2, W
$0326	$00FA			MOVWF	STACK_10
$0327	$0871			MOVF	STACK_1, W
$0328	$00F9			MOVWF	STACK_9
$0329	$0870			MOVF	STACK_0, W
$032A	$00F8			MOVWF	STACK_8
$032B	$01F3			CLRF	STACK_3
$032C	$01F2			CLRF	STACK_2
$032D	$01F1			CLRF	STACK_1
$032E	$01F0			CLRF	STACK_0
$032F	$2B06			GOTO	C3232SOK
$0330	$	C3232SX2:
$0330	$01F3			CLRF	STACK_3
$0331	$01F2			CLRF	STACK_2
$0332	$01F1			CLRF	STACK_1
$0333	$01F0			CLRF	STACK_0
$0334	$0AF0			INCF	STACK_0, F
$0335	$3400			RETLW	0x00
$0336	$	C3232SX3:
$0336	$09F3			COMF	STACK_3, F
$0337	$09F2			COMF	STACK_2, F
$0338	$09F1			COMF	STACK_1, F
$0339	$09F0			COMF	STACK_0, F
$033A	$17FC			BSF	STACK_12, 7
$033B	$2B03			GOTO	C3232S
$033C	$	C3232SX4:
$033C	$0AF8			INCF	STACK_8, F
$033D	$1903			BTFSC	STATUS, Z
$033E	$0AF9			INCF	STACK_9, F
$033F	$1903			BTFSC	STATUS, Z
$0340	$0AFA			INCF	STACK_10, F
$0341	$1903			BTFSC	STATUS, Z
$0342	$0AFB			INCF	STACK_11, F
$0343	$0874			MOVF	STACK_4, W
$0344	$0278			SUBWF	STACK_8, W
$0345	$1D03			BTFSS	STATUS, Z
$0346	$2B06			GOTO	C3232SOK
$0347	$0875			MOVF	STACK_5, W
$0348	$0279			SUBWF	STACK_9, W
$0349	$1D03			BTFSS	STATUS, Z
$034A	$2B06			GOTO	C3232SOK
$034B	$0876			MOVF	STACK_6, W
$034C	$027A			SUBWF	STACK_10, W
$034D	$1D03			BTFSS	STATUS, Z
$034E	$2B06			GOTO	C3232SOK
$034F	$0877			MOVF	STACK_7, W
$0350	$027B			SUBWF	STACK_11, W
$0351	$1D03			BTFSS	STATUS, Z
$0352	$2B06			GOTO	C3232SOK
$0353	$01FB			CLRF	STACK_11
$0354	$01FA			CLRF	STACK_10
$0355	$01F9			CLRF	STACK_9
$0356	$01F8			CLRF	STACK_8
$0357	$0AF0			INCF	STACK_0, F
$0358	$1903			BTFSC	STATUS, Z
$0359	$0AF1			INCF	STACK_1, F
$035A	$1903			BTFSC	STATUS, Z
$035B	$0AF2			INCF	STACK_2, F
$035C	$1903			BTFSC	STATUS, Z
$035D	$0AF3			INCF	STACK_3, F
$035E	$1FF3			BTFSS	STACK_3, 7
$035F	$2B06			GOTO	C3232SOK
$0360	$01A0			CLRF	___math_tempb
$0361	$1620			BSF	___math_tempb, 4
$0362	$34FF			RETLW	0xFF
$0363	$	END_ALL:
$0363	$01A0			CLRF	___math_tempb
$0364	$1C7C			BTFSS	STACK_12, 0
$0365	$2B69			GOTO	avoid_comfrem
$0366	$158A			BSF	PCLATH, 3
$0367	$2049			CALL	_COMFREM
$0368	$118A			BCF	PCLATH, 3
$0369	$	avoid_comfrem:
$0369	$3F00			ADDLW	0x00
$036A	$0008			RETURN
$086E	$	_Motor_A_FWD:
;motor.h,49 :: 		
;motor.h,51 :: 		
$086E	$2072			CALL	_PWM1_Start
;motor.h,52 :: 		
$086F	$1008			BCF	PORTD, 0
;motor.h,53 :: 		
$0870	$1488			BSF	PORTD, 1
;motor.h,54 :: 		
$0871	$0008			RETURN
$086A	$	_Motor_B_FWD:
;motor.h,58 :: 		
;motor.h,60 :: 		
$086A	$207A			CALL	_PWM2_Start
;motor.h,61 :: 		
$086B	$1086			BCF	PORTB, 1
;motor.h,62 :: 		
$086C	$1506			BSF	PORTB, 2
;motor.h,63 :: 		
$086D	$0008			RETURN
$0682	$	_Div_16x16_S_L:
$0682	$1303			BCF	STATUS, RP1
$0683	$1283			BCF	STATUS, RP0
$0684	$0D71			RLF	STACK_1, W
$0685	$0DF8			RLF	STACK_8, F
$0686	$0DF9			RLF	STACK_9, F
$0687	$0874			MOVF	STACK_4, W
$0688	$02F8			SUBWF	STACK_8, F
$0689	$0875			MOVF	STACK_5, W
$068A	$1C03			BTFSS	STATUS, C
$068B	$0F75			INCFSZ	STACK_5, W
$068C	$02F9			SUBWF	STACK_9, F
$068D	$0DF0			RLF	STACK_0, F
$068E	$0DF1			RLF	STACK_1, F
$068F	$300F			MOVLW	15
$0690	$00FC			MOVWF	STACK_12
$0691	$0D71			RLF	STACK_1, W
$0692	$0DF8			RLF	STACK_8, F
$0693	$0DF9			RLF	STACK_9, F
$0694	$0874			MOVF	STACK_4, W
$0695	$1C70			BTFSS	STACK_0, 0
$0696	$2E9D			GOTO	$+7
$0697	$02F8			SUBWF	STACK_8, F
$0698	$0875			MOVF	STACK_5, W
$0699	$1C03			BTFSS	STATUS, C
$069A	$0F75			INCFSZ	STACK_5, W
$069B	$02F9			SUBWF	STACK_9, F
$069C	$2EA2			GOTO	$+6
$069D	$07F8			ADDWF	STACK_8, F
$069E	$0875			MOVF	STACK_5, W
$069F	$1803			BTFSC	STATUS, C
$06A0	$0F75			INCFSZ	STACK_5, W
$06A1	$07F9			ADDWF	STACK_9, F
$06A2	$0DF0			RLF	STACK_0, F
$06A3	$0DF1			RLF	STACK_1, F
$06A4	$0BFC			DECFSZ	STACK_12, F
$06A5	$2E91			GOTO	$-20
$06A6	$1870			BTFSC	STACK_0, 0
$06A7	$2EAE			GOTO	$+7
$06A8	$0874			MOVF	STACK_4, W
$06A9	$07F8			ADDWF	STACK_8, F
$06AA	$0875			MOVF	STACK_5, W
$06AB	$1803			BTFSC	STATUS, C
$06AC	$0F75			INCFSZ	STACK_5, W
$06AD	$07F9			ADDWF	STACK_9, F
$06AE	$0000			NOP
$06AF	$0008			RETURN
$06F2	$	_Sound_Init:
$06F2	$1303			BCF	STATUS, RP1
$06F3	$1283			BCF	STATUS, RP0
$06F4	$0834			MOVF	FARG_Sound_Init+0, 0
$06F5	$00A5			MOVWF	Sound_soundPortAddr
$06F6	$0835			MOVF	FARG_Sound_Init+1, 0
$06F7	$00F1			MOVWF	STACK_1
$06F8	$3001			MOVLW	1
$06F9	$00F0			MOVWF	STACK_0
$06FA	$0871			MOVF	STACK_1, 0
$06FB	$	L_Sound_Init_3:
$06FB	$1903			BTFSC	STATUS, Z
$06FC	$2F01			GOTO	L_Sound_Init_4
$06FD	$0DF0			RLF	STACK_0, 1
$06FE	$1070			BCF	STACK_0, 0
$06FF	$3FFF			ADDLW	255
$0700	$2EFB			GOTO	L_Sound_Init_3
$0701	$	L_Sound_Init_4:
$0701	$0870			MOVF	STACK_0, 0
$0702	$00A6			MOVWF	Sound_pinMask1
$0703	$09F0			COMF	STACK_0, F
$0704	$0870			MOVF	STACK_0, 0
$0705	$00A7			MOVWF	Sound_pinMask0
$0706	$0834			MOVF	FARG_Sound_Init+0, 0
$0707	$0084			MOVWF	FSR
$0708	$0870			MOVF	STACK_0, 0
$0709	$0580			ANDWF	INDF, 1
$070A	$1784			BSF	FSR, 7
$070B	$0870			MOVF	STACK_0, 0
$070C	$0580			ANDWF	INDF, 1
$070D	$0008			RETURN
$03F3	$	_Lcd_Init:
$03F3	$158A			BSF	PCLATH, 3
$03F4	$2016			CALL	_Delay_5500us
$03F5	$118A			BCF	PCLATH, 3
$03F6	$158A			BSF	PCLATH, 3
$03F7	$2016			CALL	_Delay_5500us
$03F8	$118A			BCF	PCLATH, 3
$03F9	$158A			BSF	PCLATH, 3
$03FA	$2016			CALL	_Delay_5500us
$03FB	$118A			BCF	PCLATH, 3
$03FC	$0834			MOVF	FARG_Lcd_Init+0, 0
$03FD	$00A1			MOVWF	LCD_port_address
$03FE	$0834			MOVF	FARG_Lcd_Init+0, 0
$03FF	$0084			MOVWF	FSR
$0400	$1784			BSF	FSR, 7
$0401	$1180			BCF	INDF, ___ENABLE
$0402	$1100			BCF	INDF, ___RS
$0403	$1000			BCF	INDF, ___RW
$0404	$1380			BCF	INDF, ___DB7
$0405	$1300			BCF	INDF, ___DB6
$0406	$1280			BCF	INDF, ___DB5
$0407	$1200			BCF	INDF, ___DB4
$0408	$1384			BCF	FSR, 7
$0409	$1180			BCF	INDF, ___ENABLE
$040A	$1100			BCF	INDF, ___RS
$040B	$1000			BCF	INDF, ___RW
$040C	$1380			BCF	INDF, ___DB7
$040D	$1300			BCF	INDF, ___DB6
$040E	$1280			BCF	INDF, ___DB5
$040F	$1200			BCF	INDF, ___DB4
$0410	$1680			BSF	INDF, ___DB5
$0411	$1600			BSF	INDF, ___DB4
$0412	$1580			BSF	INDF, ___ENABLE
$0413	$1180			BCF	INDF, ___ENABLE
$0414	$158A			BSF	PCLATH, 3
$0415	$2016			CALL	_Delay_5500us
$0416	$118A			BCF	PCLATH, 3
$0417	$1580			BSF	INDF, ___ENABLE
$0418	$1180			BCF	INDF, ___ENABLE
$0419	$158A			BSF	PCLATH, 3
$041A	$2016			CALL	_Delay_5500us
$041B	$118A			BCF	PCLATH, 3
$041C	$1580			BSF	INDF, ___ENABLE
$041D	$1180			BCF	INDF, ___ENABLE
$041E	$158A			BSF	PCLATH, 3
$041F	$2016			CALL	_Delay_5500us
$0420	$118A			BCF	PCLATH, 3
$0421	$1680			BSF	INDF, ___DB5
$0422	$1200			BCF	INDF, ___DB4
$0423	$1580			BSF	INDF, ___ENABLE
$0424	$1180			BCF	INDF, ___ENABLE
$0425	$158A			BSF	PCLATH, 3
$0426	$2016			CALL	_Delay_5500us
$0427	$118A			BCF	PCLATH, 3
$0428	$0180			CLRF	INDF
$0429	$1680			BSF	INDF, ___DB5
$042A	$1580			BSF	INDF, ___ENABLE
$042B	$1180			BCF	INDF, ___ENABLE
$042C	$0180			CLRF	INDF
$042D	$1780			BSF	INDF, ___DB7
$042E	$1580			BSF	INDF, ___ENABLE
$042F	$1180			BCF	INDF, ___ENABLE
$0430	$158A			BSF	PCLATH, 3
$0431	$2016			CALL	_Delay_5500us
$0432	$118A			BCF	PCLATH, 3
$0433	$0180			CLRF	INDF
$0434	$1600			BSF	INDF, ___DB4
$0435	$1580			BSF	INDF, ___ENABLE
$0436	$1180			BCF	INDF, ___ENABLE
$0437	$0180			CLRF	INDF
$0438	$1580			BSF	INDF, ___ENABLE
$0439	$1180			BCF	INDF, ___ENABLE
$043A	$158A			BSF	PCLATH, 3
$043B	$2016			CALL	_Delay_5500us
$043C	$118A			BCF	PCLATH, 3
$043D	$0180			CLRF	INDF
$043E	$1580			BSF	INDF, ___ENABLE
$043F	$1180			BCF	INDF, ___ENABLE
$0440	$1600			BSF	INDF, ___DB4
$0441	$1580			BSF	INDF, ___ENABLE
$0442	$1180			BCF	INDF, ___ENABLE
$0443	$158A			BSF	PCLATH, 3
$0444	$2016			CALL	_Delay_5500us
$0445	$118A			BCF	PCLATH, 3
$0446	$0180			CLRF	INDF
$0447	$1580			BSF	INDF, ___ENABLE
$0448	$1180			BCF	INDF, ___ENABLE
$0449	$1600			BSF	INDF, ___DB4
$044A	$1680			BSF	INDF, ___DB5
$044B	$1700			BSF	INDF, ___DB6
$044C	$1780			BSF	INDF, ___DB7
$044D	$1580			BSF	INDF, ___ENABLE
$044E	$1180			BCF	INDF, ___ENABLE
$044F	$158A			BSF	PCLATH, 3
$0450	$2016			CALL	_Delay_5500us
$0451	$118A			BCF	PCLATH, 3
$0452	$3001			MOVLW	1
$0453	$00A2			MOVWF	LCD_cmd_status
$0454	$0008			RETURN
$036B	$	_Adc_Rd:
;adc.h,1 :: 		
;adc.h,4 :: 		
$036B	$3000			MOVLW	0
$036C	$1303			BCF	STATUS, RP1
$036D	$1283			BCF	STATUS, RP0
$036E	$0234			SUBWF	FARG_Adc_Rd+0, 0
$036F	$1C03			BTFSS	STATUS, C
$0370	$2B84			GOTO	L_Adc_Rd_2
$0371	$0834			MOVF	FARG_Adc_Rd+0, 0
$0372	$3C03			SUBLW	3
$0373	$1C03			BTFSS	STATUS, C
$0374	$2B84			GOTO	L_Adc_Rd_2
$0375	$	L10_ex_L_Adc_Rd_2:
;adc.h,5 :: 		
$0375	$0834			MOVF	FARG_Adc_Rd+0, 0
$0376	$00F2			MOVWF	STACK_2
$0377	$3001			MOVLW	1
$0378	$00F0			MOVWF	STACK_0
$0379	$0872			MOVF	STACK_2, 0
$037A	$	L_Adc_Rd_24:
$037A	$1903			BTFSC	STATUS, Z
$037B	$2B80			GOTO	L_Adc_Rd_25
$037C	$0DF0			RLF	STACK_0, 1
$037D	$1070			BCF	STACK_0, 0
$037E	$3FFF			ADDLW	255
$037F	$2B7A			GOTO	L_Adc_Rd_24
$0380	$	L_Adc_Rd_25:
$0380	$0870			MOVF	STACK_0, 0
$0381	$1683			BSF	STATUS, RP0
$0382	$0485			IORWF	TRISA, 1
$0383	$2BA6			GOTO	L_Adc_Rd_3
$0384	$	L_Adc_Rd_2:
;adc.h,6 :: 		
$0384	$1283			BCF	STATUS, RP0
$0385	$0834			MOVF	FARG_Adc_Rd+0, 0
$0386	$3A04			XORLW	4
$0387	$1D03			BTFSS	STATUS, Z
$0388	$2B8C			GOTO	L_Adc_Rd_4
;adc.h,7 :: 		
$0389	$1683			BSF	STATUS, RP0
$038A	$1685			BSF	TRISA, 5
$038B	$2BA6			GOTO	L_Adc_Rd_5
$038C	$	L_Adc_Rd_4:
;adc.h,8 :: 		
$038C	$3005			MOVLW	5
$038D	$1283			BCF	STATUS, RP0
$038E	$0234			SUBWF	FARG_Adc_Rd+0, 0
$038F	$1C03			BTFSS	STATUS, C
$0390	$2BA6			GOTO	L_Adc_Rd_8
$0391	$0834			MOVF	FARG_Adc_Rd+0, 0
$0392	$3C07			SUBLW	7
$0393	$1C03			BTFSS	STATUS, C
$0394	$2BA6			GOTO	L_Adc_Rd_8
$0395	$	L33_ex_L_Adc_Rd_8:
;adc.h,9 :: 		
$0395	$3005			MOVLW	5
$0396	$0234			SUBWF	FARG_Adc_Rd+0, 0
$0397	$00F0			MOVWF	STACK_0
$0398	$0870			MOVF	STACK_0, 0
$0399	$00F2			MOVWF	STACK_2
$039A	$3001			MOVLW	1
$039B	$00F0			MOVWF	STACK_0
$039C	$0872			MOVF	STACK_2, 0
$039D	$	L_Adc_Rd_26:
$039D	$1903			BTFSC	STATUS, Z
$039E	$2BA3			GOTO	L_Adc_Rd_27
$039F	$0DF0			RLF	STACK_0, 1
$03A0	$1070			BCF	STACK_0, 0
$03A1	$3FFF			ADDLW	255
$03A2	$2B9D			GOTO	L_Adc_Rd_26
$03A3	$	L_Adc_Rd_27:
$03A3	$0870			MOVF	STACK_0, 0
$03A4	$1683			BSF	STATUS, RP0
$03A5	$0489			IORWF	TRISE, 1
$03A6	$	L_Adc_Rd_8:
$03A6	$	L_Adc_Rd_5:
$03A6	$	L_Adc_Rd_3:
;adc.h,10 :: 		
$03A6	$1303			BCF	STATUS, RP1
$03A7	$1683			BSF	STATUS, RP0
$03A8	$1283			BCF	STATUS, RP0
$03A9	$0834			MOVF	FARG_Adc_Rd+0, 0
$03AA	$00F2			MOVWF	STACK_2
$03AB	$3001			MOVLW	1
$03AC	$00F0			MOVWF	STACK_0
$03AD	$0872			MOVF	STACK_2, 0
$03AE	$	L_Adc_Rd_28:
$03AE	$1903			BTFSC	STATUS, Z
$03AF	$2BB4			GOTO	L_Adc_Rd_29
$03B0	$0DF0			RLF	STACK_0, 1
$03B1	$1070			BCF	STACK_0, 0
$03B2	$3FFF			ADDLW	255
$03B3	$2BAE			GOTO	L_Adc_Rd_28
$03B4	$	L_Adc_Rd_29:
$03B4	$0870			MOVF	STACK_0, 0
$03B5	$1703			BSF	STATUS, RP1
$03B6	$1683			BSF	STATUS, RP0
$03B7	$0488			IORWF	ANSEL, 1
;adc.h,11 :: 		
$03B8	$3002			MOVLW	2
$03B9	$00F4			MOVWF	STACK_4
$03BA	$1303			BCF	STATUS, RP1
$03BB	$1283			BCF	STATUS, RP0
$03BC	$0834			MOVF	FARG_Adc_Rd+0, 0
$03BD	$00F0			MOVWF	STACK_0
$03BE	$0874			MOVF	STACK_4, 0
$03BF	$	L_Adc_Rd_30:
$03BF	$1903			BTFSC	STATUS, Z
$03C0	$2BC5			GOTO	L_Adc_Rd_31
$03C1	$0DF0			RLF	STACK_0, 1
$03C2	$1070			BCF	STACK_0, 0
$03C3	$3FFF			ADDLW	255
$03C4	$2BBF			GOTO	L_Adc_Rd_30
$03C5	$	L_Adc_Rd_31:
$03C5	$0870			MOVF	STACK_0, 0
$03C6	$3FC1			ADDLW	193
$03C7	$009F			MOVWF	ADCON0
;adc.h,12 :: 		
$03C8	$3010			MOVLW	16
$03C9	$00FA			MOVWF	STACK_10
$03CA	$0BFA			DECFSZ	STACK_10, F
$03CB	$2BCA			GOTO	$-1
$03CC	$0000			NOP
;adc.h,13 :: 		
$03CD	$149F			BSF	ADCON0, 1
;adc.h,14 :: 		
$03CE	$	L_Adc_Rd_9:
$03CE	$189F			BTFSC	ADCON0, 1
$03CF	$2BCE			GOTO	L_Adc_Rd_9
$03D0	$	L_Adc_Rd_10:
;adc.h,15 :: 		
$03D0	$3002			MOVLW	2
$03D1	$00F4			MOVWF	STACK_4
$03D2	$081E			MOVF	ADRESH, 0
$03D3	$00B5			MOVWF	FLOC_Adc_Rd+0
$03D4	$01B6			CLRF	FLOC_Adc_Rd+1
$03D5	$0874			MOVF	STACK_4, 0
$03D6	$	L_Adc_Rd_32:
$03D6	$1903			BTFSC	STATUS, Z
$03D7	$2BDD			GOTO	L_Adc_Rd_33
$03D8	$0DB5			RLF	FLOC_Adc_Rd+0, 1
$03D9	$0DB6			RLF	FLOC_Adc_Rd+1, 1
$03DA	$1035			BCF	FLOC_Adc_Rd+0, 0
$03DB	$3FFF			ADDLW	255
$03DC	$2BD6			GOTO	L_Adc_Rd_32
$03DD	$	L_Adc_Rd_33:
$03DD	$3006			MOVLW	6
$03DE	$00F4			MOVWF	STACK_4
$03DF	$1683			BSF	STATUS, RP0
$03E0	$081E			MOVF	ADRESL, 0
$03E1	$00F0			MOVWF	STACK_0
$03E2	$0874			MOVF	STACK_4, 0
$03E3	$	L_Adc_Rd_34:
$03E3	$1903			BTFSC	STATUS, Z
$03E4	$2BE9			GOTO	L_Adc_Rd_35
$03E5	$0CF0			RRF	STACK_0, 1
$03E6	$13F0			BCF	STACK_0, 7
$03E7	$3FFF			ADDLW	255
$03E8	$2BE3			GOTO	L_Adc_Rd_34
$03E9	$	L_Adc_Rd_35:
$03E9	$3000			MOVLW	0
$03EA	$00F1			MOVWF	STACK_0+1
$03EB	$1283			BCF	STATUS, RP0
$03EC	$0835			MOVF	FLOC_Adc_Rd+0, 0
$03ED	$07F0			ADDWF	STACK_0, 1
$03EE	$0836			MOVF	FLOC_Adc_Rd+1, 0
$03EF	$1803			BTFSC	STATUS, C
$03F0	$3F01			ADDLW	1
$03F1	$07F1			ADDWF	STACK_0+1, 1
;adc.h,16 :: 		
;adc.h,17 :: 		
$03F2	$0008			RETURN
$04AF	$	_WordToStr:
$04AF	$1303			BCF	STATUS, RP1
$04B0	$1283			BCF	STATUS, RP0
$04B1	$0836			MOVF	FARG_WordToStr+2, 0
$04B2	$0084			MOVWF	FSR
$04B3	$3020			MOVLW	32
$04B4	$0080			MOVWF	INDF
$04B5	$0A36			INCF	FARG_WordToStr+2, 0
$04B6	$00F0			MOVWF	STACK_0
$04B7	$0870			MOVF	STACK_0, 0
$04B8	$0084			MOVWF	FSR
$04B9	$3020			MOVLW	32
$04BA	$0080			MOVWF	INDF
$04BB	$3002			MOVLW	2
$04BC	$0736			ADDWF	FARG_WordToStr+2, 0
$04BD	$00F0			MOVWF	STACK_0
$04BE	$0870			MOVF	STACK_0, 0
$04BF	$0084			MOVWF	FSR
$04C0	$3020			MOVLW	32
$04C1	$0080			MOVWF	INDF
$04C2	$3003			MOVLW	3
$04C3	$0736			ADDWF	FARG_WordToStr+2, 0
$04C4	$00F0			MOVWF	STACK_0
$04C5	$0870			MOVF	STACK_0, 0
$04C6	$0084			MOVWF	FSR
$04C7	$3020			MOVLW	32
$04C8	$0080			MOVWF	INDF
$04C9	$3004			MOVLW	4
$04CA	$0736			ADDWF	FARG_WordToStr+2, 0
$04CB	$00F0			MOVWF	STACK_0
$04CC	$0870			MOVF	STACK_0, 0
$04CD	$0084			MOVWF	FSR
$04CE	$3030			MOVLW	48
$04CF	$0080			MOVWF	INDF
$04D0	$3005			MOVLW	5
$04D1	$0736			ADDWF	FARG_WordToStr+2, 0
$04D2	$00F0			MOVWF	STACK_0
$04D3	$0870			MOVF	STACK_0, 0
$04D4	$0084			MOVWF	FSR
$04D5	$0180			CLRF	INDF, 1
$04D6	$3004			MOVLW	4
$04D7	$00B7			MOVWF	WordToStr_pos_L0
$04D8	$	L_WordToStr_4:
$04D8	$0835			MOVF	FARG_WordToStr+1, 0
$04D9	$3C00			SUBLW	0
$04DA	$1D03			BTFSS	STATUS, Z
$04DB	$2CDE			GOTO	L_WordToStr_51
$04DC	$0834			MOVF	FARG_WordToStr+0, 0
$04DD	$3C00			SUBLW	0
$04DE	$	L_WordToStr_51:
$04DE	$1803			BTFSC	STATUS, C
$04DF	$2D03			GOTO	L_WordToStr_5
$04E0	$0837			MOVF	WordToStr_pos_L0, 0
$04E1	$0736			ADDWF	FARG_WordToStr+2, 0
$04E2	$00B8			MOVWF	FLOC_WordToStr+1
$04E3	$300A			MOVLW	10
$04E4	$00F4			MOVWF	STACK_4
$04E5	$01F5			CLRF	STACK_4+1
$04E6	$0834			MOVF	FARG_WordToStr+0, 0
$04E7	$00F0			MOVWF	STACK_0
$04E8	$0835			MOVF	FARG_WordToStr+1, 0
$04E9	$00F1			MOVWF	STACK_0+1
$04EA	$26D5			CALL	_div_16x16_u
$04EB	$0878			MOVF	STACK_8, 0
$04EC	$00F0			MOVWF	STACK_0
$04ED	$0879			MOVF	STACK_9, 0
$04EE	$00F1			MOVWF	STACK_1
$04EF	$3030			MOVLW	48
$04F0	$07F0			ADDWF	STACK_0, 1
$04F1	$0838			MOVF	FLOC_WordToStr+1, 0
$04F2	$0084			MOVWF	FSR
$04F3	$0870			MOVF	STACK_0, 0
$04F4	$0080			MOVWF	INDF
$04F5	$300A			MOVLW	10
$04F6	$00F4			MOVWF	STACK_4
$04F7	$01F5			CLRF	STACK_4+1
$04F8	$0834			MOVF	FARG_WordToStr+0, 0
$04F9	$00F0			MOVWF	STACK_0
$04FA	$0835			MOVF	FARG_WordToStr+1, 0
$04FB	$00F1			MOVWF	STACK_0+1
$04FC	$26D5			CALL	_div_16x16_u
$04FD	$0870			MOVF	STACK_0, 0
$04FE	$00B4			MOVWF	FARG_WordToStr+0
$04FF	$0871			MOVF	STACK_0+1, 0
$0500	$00B5			MOVWF	FARG_WordToStr+1
$0501	$03B7			DECF	WordToStr_pos_L0, 1
$0502	$2CD8			GOTO	L_WordToStr_4
$0503	$	L_WordToStr_5:
$0503	$0008			RETURN
$054A	$	_LCD_Out:
$054A	$2D5C			GOTO	L_LCD_Out_17
$054B	$	L_LCD_Out_19:
$054B	$3080			MOVLW	128
$054C	$1303			BCF	STATUS, RP1
$054D	$1283			BCF	STATUS, RP0
$054E	$00B4			MOVWF	FARG_LCD_Out+0
$054F	$2D6F			GOTO	L_LCD_Out_18
$0550	$	L_LCD_Out_20:
$0550	$30C0			MOVLW	192
$0551	$00B4			MOVWF	FARG_LCD_Out+0
$0552	$2D6F			GOTO	L_LCD_Out_18
$0553	$	L_LCD_Out_21:
$0553	$3094			MOVLW	148
$0554	$00B4			MOVWF	FARG_LCD_Out+0
$0555	$2D6F			GOTO	L_LCD_Out_18
$0556	$	L_LCD_Out_22:
$0556	$30D4			MOVLW	212
$0557	$00B4			MOVWF	FARG_LCD_Out+0
$0558	$2D6F			GOTO	L_LCD_Out_18
$0559	$	L_LCD_Out_23:
$0559	$3080			MOVLW	128
$055A	$00B4			MOVWF	FARG_LCD_Out+0
$055B	$2D6F			GOTO	L_LCD_Out_18
$055C	$	L_LCD_Out_17:
$055C	$1303			BCF	STATUS, RP1
$055D	$1283			BCF	STATUS, RP0
$055E	$0834			MOVF	FARG_LCD_Out+0, 0
$055F	$3A01			XORLW	1
$0560	$1903			BTFSC	STATUS, Z
$0561	$2D4B			GOTO	L_LCD_Out_19
$0562	$0834			MOVF	FARG_LCD_Out+0, 0
$0563	$3A02			XORLW	2
$0564	$1903			BTFSC	STATUS, Z
$0565	$2D50			GOTO	L_LCD_Out_20
$0566	$0834			MOVF	FARG_LCD_Out+0, 0
$0567	$3A03			XORLW	3
$0568	$1903			BTFSC	STATUS, Z
$0569	$2D53			GOTO	L_LCD_Out_21
$056A	$0834			MOVF	FARG_LCD_Out+0, 0
$056B	$3A04			XORLW	4
$056C	$1903			BTFSC	STATUS, Z
$056D	$2D56			GOTO	L_LCD_Out_22
$056E	$2D59			GOTO	L_LCD_Out_23
$056F	$	L_LCD_Out_18:
$056F	$0335			DECF	FARG_LCD_Out+1, 0
$0570	$00F0			MOVWF	STACK_0
$0571	$0834			MOVF	FARG_LCD_Out+0, 0
$0572	$07F0			ADDWF	STACK_0, 1
$0573	$0870			MOVF	STACK_0, 0
$0574	$00B4			MOVWF	FARG_LCD_Out+0
$0575	$0870			MOVF	STACK_0, 0
$0576	$00C3			MOVWF	FARG_Lcd_Cmd+0
$0577	$2504			CALL	_Lcd_Cmd
$0578	$01A2			CLRF	LCD_cmd_status, 1
$0579	$01B7			CLRF	LCD_Out_i_L0, 1
$057A	$	L_LCD_Out_24:
$057A	$0837			MOVF	LCD_Out_i_L0, 0
$057B	$0736			ADDWF	FARG_LCD_Out+2, 0
$057C	$0084			MOVWF	FSR
$057D	$0800			MOVF	INDF, 0
$057E	$00F0			MOVWF	STACK_0
$057F	$0870			MOVF	STACK_0, 0
$0580	$1903			BTFSC	STATUS, Z
$0581	$2D8C			GOTO	L_LCD_Out_25
$0582	$0837			MOVF	LCD_Out_i_L0, 0
$0583	$0736			ADDWF	FARG_LCD_Out+2, 0
$0584	$0084			MOVWF	FSR
$0585	$0800			MOVF	INDF, 0
$0586	$00C2			MOVWF	FARG_Lcd_Chr_CP+0
$0587	$158A			BSF	PCLATH, 3
$0588	$2057			CALL	_Lcd_Chr_CP
$0589	$118A			BCF	PCLATH, 3
$058A	$0AB7			INCF	LCD_Out_i_L0, 1
$058B	$2D7A			GOTO	L_LCD_Out_24
$058C	$	L_LCD_Out_25:
$058C	$3001			MOVLW	1
$058D	$00A2			MOVWF	LCD_cmd_status
$058E	$0008			RETURN
$0728	$	_Backward:
;motor.h,95 :: 		
;motor.h,97 :: 		
$0728	$26B0			CALL	_Motor_Init
;motor.h,98 :: 		
$0729	$0834			MOVF	FARG_Backward+0, 0
$072A	$00C2			MOVWF	FARG_Change_Duty+0
$072B	$2719			CALL	_Change_Duty
;motor.h,99 :: 		
$072C	$158A			BSF	PCLATH, 3
$072D	$2086			CALL	_Motor_A_BWD
$072E	$118A			BCF	PCLATH, 3
;motor.h,100 :: 		
$072F	$158A			BSF	PCLATH, 3
$0730	$2082			CALL	_Motor_B_BWD
$0731	$118A			BCF	PCLATH, 3
;motor.h,101 :: 		
$0732	$0008			RETURN
$0225	$	_Sound_Play:
$0225	$2733			CALL	_Get_Fosc_kHz
$0226	$30E8			MOVLW	232
$0227	$00F4			MOVWF	STACK_4
$0228	$3003			MOVLW	3
$0229	$00F5			MOVWF	STACK_4+1
$022A	$01F6			CLRF	STACK_4+2
$022B	$01F7			CLRF	STACK_4+3
$022C	$264B			CALL	_mul_32x32_u
$022D	$0870			MOVF	STACK_0, 0
$022E	$00BA			MOVWF	Sound_Play_per_nc_L0
$022F	$0871			MOVF	STACK_0+1, 0
$0230	$00BB			MOVWF	Sound_Play_per_nc_L0+1
$0231	$0872			MOVF	STACK_0+2, 0
$0232	$00BC			MOVWF	Sound_Play_per_nc_L0+2
$0233	$0873			MOVF	STACK_0+3, 0
$0234	$00BD			MOVWF	Sound_Play_per_nc_L0+3
$0235	$0834			MOVF	FARG_Sound_Play+0, 0
$0236	$00F4			MOVWF	STACK_4
$0237	$0835			MOVF	FARG_Sound_Play+1, 0
$0238	$00F5			MOVWF	STACK_4+1
$0239	$01F6			CLRF	STACK_4+2
$023A	$01F7			CLRF	STACK_4+3
$023B	$22CF			CALL	_div_32x32_s
$023C	$0870			MOVF	STACK_0, 0
$023D	$00BA			MOVWF	Sound_Play_per_nc_L0
$023E	$0871			MOVF	STACK_0+1, 0
$023F	$00BB			MOVWF	Sound_Play_per_nc_L0+1
$0240	$0872			MOVF	STACK_0+2, 0
$0241	$00BC			MOVWF	Sound_Play_per_nc_L0+2
$0242	$0873			MOVF	STACK_0+3, 0
$0243	$00BD			MOVWF	Sound_Play_per_nc_L0+3
$0244	$3003			MOVLW	3
$0245	$00F4			MOVWF	STACK_4
$0246	$0874			MOVF	STACK_4, 0
$0247	$	L_Sound_Play_5:
$0247	$1903			BTFSC	STATUS, Z
$0248	$2A50			GOTO	L_Sound_Play_6
$0249	$0CF3			RRF	STACK_0+3, 1
$024A	$0CF2			RRF	STACK_0+2, 1
$024B	$0CF1			RRF	STACK_0+1, 1
$024C	$0CF0			RRF	STACK_0, 1
$024D	$13F3			BCF	STACK_0+3, 7
$024E	$3FFF			ADDLW	255
$024F	$2A47			GOTO	L_Sound_Play_5
$0250	$	L_Sound_Play_6:
$0250	$0870			MOVF	STACK_0, 0
$0251	$00B8			MOVWF	Sound_Play_nc_L0
$0252	$0871			MOVF	STACK_0+1, 0
$0253	$00B9			MOVWF	Sound_Play_nc_L0+1
$0254	$2733			CALL	_Get_Fosc_kHz
$0255	$0836			MOVF	FARG_Sound_Play+2, 0
$0256	$00F4			MOVWF	STACK_4
$0257	$0837			MOVF	FARG_Sound_Play+3, 0
$0258	$00F5			MOVWF	STACK_4+1
$0259	$01F6			CLRF	STACK_4+2
$025A	$01F7			CLRF	STACK_4+3
$025B	$264B			CALL	_mul_32x32_u
$025C	$0870			MOVF	STACK_0, 0
$025D	$00BE			MOVWF	FLOC_Sound_Play+6
$025E	$0871			MOVF	STACK_0+1, 0
$025F	$00BF			MOVWF	FLOC_Sound_Play+7
$0260	$0872			MOVF	STACK_0+2, 0
$0261	$00C0			MOVWF	FLOC_Sound_Play+8
$0262	$0873			MOVF	STACK_0+3, 0
$0263	$00C1			MOVWF	FLOC_Sound_Play+9
$0264	$0838			MOVF	Sound_Play_nc_L0, 0
$0265	$00F0			MOVWF	STACK_0
$0266	$0839			MOVF	Sound_Play_nc_L0+1, 0
$0267	$00F1			MOVWF	STACK_0+1
$0268	$01F2			CLRF	STACK_0+2
$0269	$01F3			CLRF	STACK_0+3
$026A	$3003			MOVLW	3
$026B	$00F4			MOVWF	STACK_4
$026C	$0874			MOVF	STACK_4, 0
$026D	$	L_Sound_Play_7:
$026D	$1903			BTFSC	STATUS, Z
$026E	$2A76			GOTO	L_Sound_Play_8
$026F	$0DF0			RLF	STACK_0, 1
$0270	$0DF1			RLF	STACK_0+1, 1
$0271	$0DF2			RLF	STACK_0+2, 1
$0272	$0DF3			RLF	STACK_0+3, 1
$0273	$1070			BCF	STACK_0, 0
$0274	$3FFF			ADDLW	255
$0275	$2A6D			GOTO	L_Sound_Play_7
$0276	$	L_Sound_Play_8:
$0276	$0870			MOVF	STACK_0, 0
$0277	$00F4			MOVWF	STACK_4
$0278	$0871			MOVF	STACK_0+1, 0
$0279	$00F5			MOVWF	STACK_4+1
$027A	$0872			MOVF	STACK_0+2, 0
$027B	$00F6			MOVWF	STACK_4+2
$027C	$0873			MOVF	STACK_0+3, 0
$027D	$00F7			MOVWF	STACK_4+3
$027E	$083E			MOVF	FLOC_Sound_Play+6, 0
$027F	$00F0			MOVWF	STACK_0
$0280	$083F			MOVF	FLOC_Sound_Play+7, 0
$0281	$00F1			MOVWF	STACK_0+1
$0282	$0840			MOVF	FLOC_Sound_Play+8, 0
$0283	$00F2			MOVWF	STACK_0+2
$0284	$0841			MOVF	FLOC_Sound_Play+9, 0
$0285	$00F3			MOVWF	STACK_0+3
$0286	$22CF			CALL	_div_32x32_s
$0287	$0870			MOVF	STACK_0, 0
$0288	$00BA			MOVWF	Sound_Play_per_nc_L0
$0289	$0871			MOVF	STACK_0+1, 0
$028A	$00BB			MOVWF	Sound_Play_per_nc_L0+1
$028B	$0872			MOVF	STACK_0+2, 0
$028C	$00BC			MOVWF	Sound_Play_per_nc_L0+2
$028D	$0873			MOVF	STACK_0+3, 0
$028E	$00BD			MOVWF	Sound_Play_per_nc_L0+3
$028F	$300A			MOVLW	10
$0290	$00F4			MOVWF	STACK_4
$0291	$3000			MOVLW	0
$0292	$00F5			MOVWF	STACK_4+1
$0293	$0838			MOVF	Sound_Play_nc_L0, 0
$0294	$00F0			MOVWF	STACK_0
$0295	$0839			MOVF	Sound_Play_nc_L0+1, 0
$0296	$00F1			MOVWF	STACK_0+1
$0297	$26D5			CALL	_div_16x16_u
$0298	$0870			MOVF	STACK_0, 0
$0299	$00B8			MOVWF	Sound_Play_nc_L0
$029A	$0871			MOVF	STACK_0+1, 0
$029B	$00B9			MOVWF	Sound_Play_nc_L0+1
$029C	$3000			MOVLW	0
$029D	$0271			SUBWF	STACK_0+1, 0
$029E	$1D03			BTFSS	STATUS, Z
$029F	$2AA2			GOTO	L_Sound_Play_9
$02A0	$3003			MOVLW	3
$02A1	$0270			SUBWF	STACK_0, 0
$02A2	$	L_Sound_Play_9:
$02A2	$1803			BTFSC	STATUS, C
$02A3	$2AA5			GOTO	L_Sound_Play_0
$02A4	$0008			RETURN
$02A5	$	L_Sound_Play_0:
$02A5	$0825			MOVF	Sound_soundPortAddr, 0
$02A6	$0084			MOVWF	FSR
$02A7	$	L_Sound_Play_1:
$02A7	$083A			MOVF	Sound_Play_per_nc_L0, 0
$02A8	$00F0			MOVWF	STACK_0
$02A9	$083B			MOVF	Sound_Play_per_nc_L0+1, 0
$02AA	$00F1			MOVWF	STACK_0+1
$02AB	$083C			MOVF	Sound_Play_per_nc_L0+2, 0
$02AC	$00F2			MOVWF	STACK_0+2
$02AD	$083D			MOVF	Sound_Play_per_nc_L0+3, 0
$02AE	$00F3			MOVWF	STACK_0+3
$02AF	$3001			MOVLW	1
$02B0	$02BA			SUBWF	Sound_Play_per_nc_L0, 1
$02B1	$1C03			BTFSS	STATUS, C
$02B2	$02BB			SUBWF	Sound_Play_per_nc_L0+1, 1
$02B3	$1C03			BTFSS	STATUS, C
$02B4	$02BC			SUBWF	Sound_Play_per_nc_L0+2, 1
$02B5	$1C03			BTFSS	STATUS, C
$02B6	$02BD			SUBWF	Sound_Play_per_nc_L0+3, 1
$02B7	$0870			MOVF	STACK_0, 0
$02B8	$0471			IORWF	STACK_0+1, 0
$02B9	$0472			IORWF	STACK_0+2, 0
$02BA	$0473			IORWF	STACK_0+3, 0
$02BB	$1903			BTFSC	STATUS, Z
$02BC	$2ACC			GOTO	L_Sound_Play_2
$02BD	$0826			MOVF	Sound_pinMask1, 0
$02BE	$0480			IORWF	INDF, 1
$02BF	$0838			MOVF	Sound_Play_nc_L0, 0
$02C0	$00C2			MOVWF	FARG_Delay_Cyc+0
$02C1	$158A			BSF	PCLATH, 3
$02C2	$2038			CALL	_Delay_Cyc
$02C3	$118A			BCF	PCLATH, 3
$02C4	$0827			MOVF	Sound_pinMask0, 0
$02C5	$0580			ANDWF	INDF, 1
$02C6	$0838			MOVF	Sound_Play_nc_L0, 0
$02C7	$00C2			MOVWF	FARG_Delay_Cyc+0
$02C8	$158A			BSF	PCLATH, 3
$02C9	$2038			CALL	_Delay_Cyc
$02CA	$118A			BCF	PCLATH, 3
$02CB	$2AA7			GOTO	L_Sound_Play_1
$02CC	$	L_Sound_Play_2:
$02CC	$0827			MOVF	Sound_pinMask0, 0
$02CD	$0580			ANDWF	INDF, 1
$02CE	$0008			RETURN
$070E	$	_S_Right:
;motor.h,105 :: 		
;motor.h,107 :: 		
$070E	$26B0			CALL	_Motor_Init
;motor.h,108 :: 		
$070F	$0834			MOVF	FARG_S_Right+0, 0
$0710	$00C2			MOVWF	FARG_Change_Duty+0
$0711	$2719			CALL	_Change_Duty
;motor.h,109 :: 		
$0712	$158A			BSF	PCLATH, 3
$0713	$206E			CALL	_Motor_A_FWD
$0714	$118A			BCF	PCLATH, 3
;motor.h,110 :: 		
$0715	$158A			BSF	PCLATH, 3
$0716	$2082			CALL	_Motor_B_BWD
$0717	$118A			BCF	PCLATH, 3
;motor.h,111 :: 		
$0718	$0008			RETURN
$080B	$	_S_Left:
;motor.h,115 :: 		
;motor.h,117 :: 		
$080B	$118A			BCF	PCLATH, 3
$080C	$26B0			CALL	_Motor_Init
$080D	$158A			BSF	PCLATH, 3
;motor.h,118 :: 		
$080E	$0834			MOVF	FARG_S_Left+0, 0
$080F	$00C2			MOVWF	FARG_Change_Duty+0
$0810	$118A			BCF	PCLATH, 3
$0811	$2719			CALL	_Change_Duty
$0812	$158A			BSF	PCLATH, 3
;motor.h,119 :: 		
$0813	$2086			CALL	_Motor_A_BWD
;motor.h,120 :: 		
$0814	$206A			CALL	_Motor_B_FWD
;motor.h,121 :: 		
$0815	$0008			RETURN
$0800	$	_Forward:
;motor.h,85 :: 		
;motor.h,87 :: 		
$0800	$118A			BCF	PCLATH, 3
$0801	$26B0			CALL	_Motor_Init
$0802	$158A			BSF	PCLATH, 3
;motor.h,88 :: 		
$0803	$0834			MOVF	FARG_Forward+0, 0
$0804	$00C2			MOVWF	FARG_Change_Duty+0
$0805	$118A			BCF	PCLATH, 3
$0806	$2719			CALL	_Change_Duty
$0807	$158A			BSF	PCLATH, 3
;motor.h,89 :: 		
$0808	$206E			CALL	_Motor_A_FWD
;motor.h,90 :: 		
$0809	$206A			CALL	_Motor_B_FWD
;motor.h,91 :: 		
$080A	$0008			RETURN
$0827	$	GlobalIniObstacle_robot:
$0827	$307F			MOVLW	127
$0828	$1303			BCF	STATUS, RP1
$0829	$1283			BCF	STATUS, RP0
$082A	$00A4			MOVWF	_motor_duty_+0
$082B	$3000			MOVLW	0
$082C	$00A3			MOVWF	_motor_init_+0
$082D	$3000			MOVLW	0
$082E	$00A8			MOVWF	_GP2+0
$082F	$3000			MOVLW	0
$0830	$00A9			MOVWF	_GP2+1
$0831	$3000			MOVLW	0
$0832	$00AA			MOVWF	_CNT+0
$0833	$3000			MOVLW	0
$0834	$00AB			MOVWF	_CNT+1
$0835	$3000			MOVLW	0
$0836	$00AC			MOVWF	_Round+0
$0837	$0008			RETURN
$0455	$	_Div_16x16_S:
$0455	$1303			BCF	STATUS, RP1
$0456	$1283			BCF	STATUS, RP0
$0457	$01FD			CLRF	STACK_13
$0458	$01F9			CLRF	STACK_9
$0459	$01F8			CLRF	STACK_8
$045A	$0871			MOVF	STACK_1, W
$045B	$0470			IORWF	STACK_0, W
$045C	$1903			BTFSC	STATUS, Z
$045D	$3400			RETLW	0
$045E	$0871			MOVF	STACK_1, W
$045F	$0675			XORWF	STACK_5, W
$0460	$00FA			MOVWF	STACK_10
$0461	$1BFA			BTFSC	STACK_10, 7
$0462	$09FD			COMF	STACK_13, F
$0463	$01FB			CLRF	STACK_11
$0464	$1FF5			BTFSS	STACK_5, 7
$0465	$2C6B			GOTO	$+6
$0466	$09F4			COMF	STACK_4, F
$0467	$09F5			COMF	STACK_5, F
$0468	$0AF4			INCF	STACK_4, F
$0469	$1903			BTFSC	STATUS, Z
$046A	$0AF5			INCF	STACK_5, F
$046B	$1FF1			BTFSS	STACK_1, 7
$046C	$2C72			GOTO	$+6
$046D	$09F0			COMF	STACK_0, F
$046E	$09F1			COMF	STACK_1, F
$046F	$0AF0			INCF	STACK_0, F
$0470	$1903			BTFSC	STATUS, Z
$0471	$0AF1			INCF	STACK_1, F
$0472	$0871			MOVF	STACK_1, W
$0473	$0475			IORWF	STACK_5, W
$0474	$00FA			MOVWF	STACK_10
$0475	$1BFA			BTFSC	STACK_10, 7
$0476	$2C87			GOTO	$+17
$0477	$2682			CALL	_Div_16x16_S_L
$0478	$187B			BTFSC	STACK_11, 0
$0479	$2C9A			GOTO	$+33
$047A	$1FFD			BTFSS	STACK_13, 7
$047B	$3400			RETLW	0
$047C	$09F0			COMF	STACK_0, F
$047D	$09F1			COMF	STACK_1, F
$047E	$0AF0			INCF	STACK_0, F
$047F	$1903			BTFSC	STATUS, Z
$0480	$0AF1			INCF	STACK_1, F
$0481	$09F8			COMF	STACK_8, F
$0482	$09F9			COMF	STACK_9, F
$0483	$0AF8			INCF	STACK_8, F
$0484	$1903			BTFSC	STATUS, Z
$0485	$0AF9			INCF	STACK_9, F
$0486	$3400			RETLW	0
$0487	$1FF5			BTFSS	STACK_5, 7
$0488	$2C96			GOTO	$+14
$0489	$1BF1			BTFSC	STACK_1, 7
$048A	$2C92			GOTO	$+8
$048B	$0871			MOVF	STACK_1, W
$048C	$00F9			MOVWF	STACK_9
$048D	$0870			MOVF	STACK_0, W
$048E	$00F8			MOVWF	STACK_8
$048F	$01F1			CLRF	STACK_1
$0490	$01F0			CLRF	STACK_0
$0491	$2C7A			GOTO	$-23
$0492	$01F1			CLRF	STACK_1
$0493	$01F0			CLRF	STACK_0
$0494	$0AF0			INCF	STACK_0, F
$0495	$3400			RETLW	0
$0496	$09F1			COMF	STACK_1, F
$0497	$09F0			COMF	STACK_0, F
$0498	$0AFB			INCF	STACK_11, F
$0499	$2C77			GOTO	$-34
$049A	$0AF8			INCF	STACK_8, F
$049B	$1903			BTFSC	STATUS, Z
$049C	$0AF9			INCF	STACK_9, F
$049D	$0874			MOVF	STACK_4, W
$049E	$0278			SUBWF	STACK_8, W
$049F	$1D03			BTFSS	STATUS, Z
$04A0	$2C7A			GOTO	$-38
$04A1	$0875			MOVF	STACK_5, W
$04A2	$0279			SUBWF	STACK_9, W
$04A3	$1D03			BTFSS	STATUS, Z
$04A4	$2C7A			GOTO	$-42
$04A5	$01F9			CLRF	STACK_9
$04A6	$01F8			CLRF	STACK_8
$04A7	$0AF0			INCF	STACK_0, F
$04A8	$1903			BTFSC	STATUS, Z
$04A9	$0AF1			INCF	STACK_1, F
$04AA	$1FF1			BTFSS	STACK_1, 7
$04AB	$2C7A			GOTO	$-49
$04AC	$0000			NOP
$04AD	$34FF			RETLW	255
$04AE	$0008			RETURN
$0004	$	_main:
;Obstacle_robot.c,8 :: 		void main()
;Obstacle_robot.c,10 :: 		Sound_Init(&PORTC,0);               // Init Sound ==> RC0
$0004	$158A			BSF	PCLATH, 3
$0005	$2027			CALL	GlobalIniObstacle_robot
$0006	$118A			BCF	PCLATH, 3
$0007	$3007			MOVLW	PORTC
$0008	$00B4			MOVWF	FARG_Sound_Init+0
$0009	$01B5			CLRF	FARG_Sound_Init+1, 1
$000A	$26F2			CALL	_Sound_Init
;Obstacle_robot.c,11 :: 		Lcd_Init(&PORTD);                   // Init LCD PORT D
$000B	$3008			MOVLW	PORTD
$000C	$00B4			MOVWF	FARG_Lcd_Init+0
$000D	$23F3			CALL	_Lcd_Init
;Obstacle_robot.c,12 :: 		Lcd_Cmd(LCD_CURSOR_OFF);            // LCD cursor off
$000E	$300C			MOVLW	12
$000F	$00C3			MOVWF	FARG_Lcd_Cmd+0
$0010	$2504			CALL	_Lcd_Cmd
;Obstacle_robot.c,13 :: 		Lcd_Cmd(LCD_CLEAR);
$0011	$3001			MOVLW	1
$0012	$00C3			MOVWF	FARG_Lcd_Cmd+0
$0013	$2504			CALL	_Lcd_Cmd
;Obstacle_robot.c,16 :: 		while(PORTA.F4==1);                 // Start Program when Press RA4
$0014	$	L_main_13:
$0014	$3000			MOVLW	0
$0015	$1A05			BTFSC	PORTA, 4
$0016	$3001			MOVLW	1
$0017	$00F2			MOVWF	STACK_2
$0018	$0872			MOVF	STACK_2, 0
$0019	$3A01			XORLW	1
$001A	$1903			BTFSC	STATUS, Z
$001B	$2814			GOTO	L_main_13
$001C	$	L_main_14:
;Obstacle_robot.c,18 :: 		Lcd_Cmd(LCD_CLEAR);                 // Show Text
$001C	$3001			MOVLW	1
$001D	$00C3			MOVWF	FARG_Lcd_Cmd+0
$001E	$2504			CALL	_Lcd_Cmd
;Obstacle_robot.c,21 :: 		while(1)
$001F	$	L_main_15:
;Obstacle_robot.c,23 :: 		for (i=0;i<10;i++)GP2+=Adc_Rd(2);  // Read Gp2 10 Time
$001F	$01AD			CLRF	_i, 1
$0020	$	L_main_17:
$0020	$300A			MOVLW	10
$0021	$022D			SUBWF	_i, 0
$0022	$1803			BTFSC	STATUS, C
$0023	$282F			GOTO	L_main_18
$0024	$3002			MOVLW	2
$0025	$00B4			MOVWF	FARG_Adc_Rd+0
$0026	$236B			CALL	_Adc_Rd
$0027	$0870			MOVF	STACK_0, 0
$0028	$07A8			ADDWF	_GP2, 1
$0029	$0871			MOVF	STACK_0+1, 0
$002A	$1803			BTFSC	STATUS, C
$002B	$3F01			ADDLW	1
$002C	$07A9			ADDWF	_GP2+1, 1
$002D	$	L_main_19:
$002D	$0AAD			INCF	_i, 1
$002E	$2820			GOTO	L_main_17
$002F	$	L_main_18:
;Obstacle_robot.c,24 :: 		GP2=GP2/10;                        // and Average
$002F	$300A			MOVLW	10
$0030	$00F4			MOVWF	STACK_4
$0031	$3000			MOVLW	0
$0032	$00F5			MOVWF	STACK_4+1
$0033	$0828			MOVF	_GP2, 0
$0034	$00F0			MOVWF	STACK_0
$0035	$0829			MOVF	_GP2+1, 0
$0036	$00F1			MOVWF	STACK_0+1
$0037	$2455			CALL	_div_16x16_s
$0038	$0870			MOVF	STACK_0, 0
$0039	$00A8			MOVWF	_GP2
$003A	$0871			MOVF	STACK_0+1, 0
$003B	$00A9			MOVWF	_GP2+1
;Obstacle_robot.c,25 :: 		CNT++;                             // Counter For Show LCD
$003C	$0AAA			INCF	_CNT, 1
$003D	$1903			BTFSC	STATUS, Z
$003E	$0AAB			INCF	_CNT+1, 1
;Obstacle_robot.c,26 :: 		if (CNT>600)
$003F	$3080			MOVLW	128
$0040	$3A02			XORLW	2
$0041	$00F0			MOVWF	STACK_0
$0042	$3080			MOVLW	128
$0043	$062B			XORWF	_CNT+1, 0
$0044	$0270			SUBWF	STACK_0, 0
$0045	$1D03			BTFSS	STATUS, Z
$0046	$2849			GOTO	L_main_36
$0047	$082A			MOVF	_CNT, 0
$0048	$3C58			SUBLW	88
$0049	$	L_main_36:
$0049	$1803			BTFSC	STATUS, C
$004A	$285B			GOTO	L_main_20
;Obstacle_robot.c,28 :: 		CNT=0;
$004B	$01AA			CLRF	_CNT
$004C	$01AB			CLRF	_CNT+1
;Obstacle_robot.c,29 :: 		WordToStr(GP2,Txt);               // Show LCD
$004D	$0828			MOVF	_GP2, 0
$004E	$00B4			MOVWF	FARG_WordToStr+0
$004F	$0829			MOVF	_GP2+1, 0
$0050	$00B5			MOVWF	FARG_WordToStr+1
$0051	$302E			MOVLW	_txt
$0052	$00B6			MOVWF	FARG_WordToStr+2
$0053	$24AF			CALL	_WordToStr
;Obstacle_robot.c,30 :: 		Lcd_Out(2,11,Txt);
$0054	$3002			MOVLW	2
$0055	$00B4			MOVWF	FARG_LCD_Out+0
$0056	$300B			MOVLW	11
$0057	$00B5			MOVWF	FARG_LCD_Out+1
$0058	$302E			MOVLW	_txt
$0059	$00B6			MOVWF	FARG_LCD_Out+2
$005A	$254A			CALL	_LCD_Out
;Obstacle_robot.c,31 :: 		}
$005B	$	L_main_20:
;Obstacle_robot.c,32 :: 		if (GP2>500)                       // Check Gp2 Out of Range ?
$005B	$3080			MOVLW	128
$005C	$3A01			XORLW	1
$005D	$00F0			MOVWF	STACK_0
$005E	$3080			MOVLW	128
$005F	$0629			XORWF	_GP2+1, 0
$0060	$0270			SUBWF	STACK_0, 0
$0061	$1D03			BTFSS	STATUS, Z
$0062	$2865			GOTO	L_main_37
$0063	$0828			MOVF	_GP2, 0
$0064	$3CF4			SUBLW	244
$0065	$	L_main_37:
$0065	$1803			BTFSC	STATUS, C
$0066	$28F0			GOTO	L_main_21
;Obstacle_robot.c,34 :: 		Round++;                          // Counter For Rotate Robot
$0067	$0AAC			INCF	_Round, 1
;Obstacle_robot.c,35 :: 		Backward(255);
$0068	$30FF			MOVLW	255
$0069	$00B4			MOVWF	FARG_Backward+0
$006A	$2728			CALL	_Backward
;Obstacle_robot.c,36 :: 		WordToStr(GP2,Txt);
$006B	$0828			MOVF	_GP2, 0
$006C	$00B4			MOVWF	FARG_WordToStr+0
$006D	$0829			MOVF	_GP2+1, 0
$006E	$00B5			MOVWF	FARG_WordToStr+1
$006F	$302E			MOVLW	_txt
$0070	$00B6			MOVWF	FARG_WordToStr+2
$0071	$24AF			CALL	_WordToStr
;Obstacle_robot.c,37 :: 		Lcd_Out(2,11,Txt);
$0072	$3002			MOVLW	2
$0073	$00B4			MOVWF	FARG_LCD_Out+0
$0074	$300B			MOVLW	11
$0075	$00B5			MOVWF	FARG_LCD_Out+1
$0076	$302E			MOVLW	_txt
$0077	$00B6			MOVWF	FARG_LCD_Out+2
$0078	$254A			CALL	_LCD_Out
;Obstacle_robot.c,38 :: 		Sound_Play(250,100);
$0079	$30FA			MOVLW	250
$007A	$00B4			MOVWF	FARG_Sound_Play+0
$007B	$01B5			CLRF	FARG_Sound_Play+1
$007C	$3064			MOVLW	100
$007D	$00B6			MOVWF	FARG_Sound_Play+2
$007E	$3000			MOVLW	0
$007F	$00B7			MOVWF	FARG_Sound_Play+3
$0080	$2225			CALL	_Sound_Play
;Obstacle_robot.c,39 :: 		Delay_ms(500);
$0081	$300D			MOVLW	13
$0082	$00FC			MOVWF	STACK_12
$0083	$30FF			MOVLW	255
$0084	$00FB			MOVWF	STACK_11
$0085	$30FF			MOVLW	255
$0086	$00FA			MOVWF	STACK_10
$0087	$0BFC			DECFSZ	STACK_12, F
$0088	$288A			GOTO	$+2
$0089	$2891			GOTO	$+8
$008A	$0BFB			DECFSZ	STACK_11, F
$008B	$288D			GOTO	$+2
$008C	$2890			GOTO	$+4
$008D	$0BFA			DECFSZ	STACK_10, F
$008E	$288D			GOTO	$-1
$008F	$288A			GOTO	$-5
$0090	$2887			GOTO	$-9
$0091	$30BF			MOVLW	191
$0092	$00FB			MOVWF	STACK_11
$0093	$30FF			MOVLW	255
$0094	$00FA			MOVWF	STACK_10
$0095	$0BFB			DECFSZ	STACK_11, F
$0096	$2898			GOTO	$+2
$0097	$289B			GOTO	$+4
$0098	$0BFA			DECFSZ	STACK_10, F
$0099	$2898			GOTO	$-1
$009A	$2895			GOTO	$-5
$009B	$302B			MOVLW	43
$009C	$00FA			MOVWF	STACK_10
$009D	$0BFA			DECFSZ	STACK_10, F
$009E	$289D			GOTO	$-1
$009F	$0000			NOP
$00A0	$0000			NOP
$00A1	$0000			NOP
;Obstacle_robot.c,40 :: 		if (Round>5)                      // Right 5 Time ?
$00A2	$082C			MOVF	_Round, 0
$00A3	$3C05			SUBLW	5
$00A4	$1803			BTFSC	STATUS, C
$00A5	$28CB			GOTO	L_main_22
;Obstacle_robot.c,42 :: 		Round=0;
$00A6	$01AC			CLRF	_Round, 1
;Obstacle_robot.c,43 :: 		S_Right(255);
$00A7	$30FF			MOVLW	255
$00A8	$00B4			MOVWF	FARG_S_Right+0
$00A9	$270E			CALL	_S_Right
;Obstacle_robot.c,44 :: 		Delay_ms(1000);
$00AA	$301A			MOVLW	26
$00AB	$00FC			MOVWF	STACK_12
$00AC	$30FF			MOVLW	255
$00AD	$00FB			MOVWF	STACK_11
$00AE	$30FF			MOVLW	255
$00AF	$00FA			MOVWF	STACK_10
$00B0	$0BFC			DECFSZ	STACK_12, F
$00B1	$28B3			GOTO	$+2
$00B2	$28BA			GOTO	$+8
$00B3	$0BFB			DECFSZ	STACK_11, F
$00B4	$28B6			GOTO	$+2
$00B5	$28B9			GOTO	$+4
$00B6	$0BFA			DECFSZ	STACK_10, F
$00B7	$28B6			GOTO	$-1
$00B8	$28B3			GOTO	$-5
$00B9	$28B0			GOTO	$-9
$00BA	$307F			MOVLW	127
$00BB	$00FB			MOVWF	STACK_11
$00BC	$30FF			MOVLW	255
$00BD	$00FA			MOVWF	STACK_10
$00BE	$0BFB			DECFSZ	STACK_11, F
$00BF	$28C1			GOTO	$+2
$00C0	$28C4			GOTO	$+4
$00C1	$0BFA			DECFSZ	STACK_10, F
$00C2	$28C1			GOTO	$-1
$00C3	$28BE			GOTO	$-5
$00C4	$3058			MOVLW	88
$00C5	$00FA			MOVWF	STACK_10
$00C6	$0BFA			DECFSZ	STACK_10, F
$00C7	$28C6			GOTO	$-1
$00C8	$0000			NOP
$00C9	$0000			NOP
;Obstacle_robot.c,45 :: 		}
$00CA	$28F0			GOTO	L_main_23
$00CB	$	L_main_22:
;Obstacle_robot.c,48 :: 		S_Left(255);
$00CB	$30FF			MOVLW	255
$00CC	$00B4			MOVWF	FARG_S_Left+0
$00CD	$158A			BSF	PCLATH, 3
$00CE	$200B			CALL	_S_Left
$00CF	$118A			BCF	PCLATH, 3
;Obstacle_robot.c,49 :: 		Delay_ms(1000);
$00D0	$301A			MOVLW	26
$00D1	$00FC			MOVWF	STACK_12
$00D2	$30FF			MOVLW	255
$00D3	$00FB			MOVWF	STACK_11
$00D4	$30FF			MOVLW	255
$00D5	$00FA			MOVWF	STACK_10
$00D6	$0BFC			DECFSZ	STACK_12, F
$00D7	$28D9			GOTO	$+2
$00D8	$28E0			GOTO	$+8
$00D9	$0BFB			DECFSZ	STACK_11, F
$00DA	$28DC			GOTO	$+2
$00DB	$28DF			GOTO	$+4
$00DC	$0BFA			DECFSZ	STACK_10, F
$00DD	$28DC			GOTO	$-1
$00DE	$28D9			GOTO	$-5
$00DF	$28D6			GOTO	$-9
$00E0	$307F			MOVLW	127
$00E1	$00FB			MOVWF	STACK_11
$00E2	$30FF			MOVLW	255
$00E3	$00FA			MOVWF	STACK_10
$00E4	$0BFB			DECFSZ	STACK_11, F
$00E5	$28E7			GOTO	$+2
$00E6	$28EA			GOTO	$+4
$00E7	$0BFA			DECFSZ	STACK_10, F
$00E8	$28E7			GOTO	$-1
$00E9	$28E4			GOTO	$-5
$00EA	$3058			MOVLW	88
$00EB	$00FA			MOVWF	STACK_10
$00EC	$0BFA			DECFSZ	STACK_10, F
$00ED	$28EC			GOTO	$-1
$00EE	$0000			NOP
$00EF	$0000			NOP
;Obstacle_robot.c,50 :: 		}
$00F0	$	L_main_23:
;Obstacle_robot.c,51 :: 		}
$00F0	$	L_main_21:
;Obstacle_robot.c,52 :: 		Forward(255);                      // Not Found Object => Forward
$00F0	$30FF			MOVLW	255
$00F1	$00B4			MOVWF	FARG_Forward+0
$00F2	$158A			BSF	PCLATH, 3
$00F3	$2000			CALL	_Forward
$00F4	$118A			BCF	PCLATH, 3
;Obstacle_robot.c,53 :: 		}
$00F5	$281F			GOTO	L_main_15
;Obstacle_robot.c,54 :: 		}
$00F6	$28F6			GOTO	$


//** Procedures locations **
//ADDRESS		PROCEDURE
//----------------------------------------------
$0004		main
$00F7		SDIV3232L
$0225		Sound_Play
$02CF		Div_32x32_S
$036B		Adc_Rd
$03F3		Lcd_Init
$0455		Div_16x16_S
$04AF		WordToStr
$0504		Lcd_Cmd
$054A		LCD_Out
$058F		Mul_16x16_S
$05D9		PWM2_Change_Duty
$0612		PWM1_Change_Duty
$064B		Mul_32x32_U
$0682		Div_16x16_S_L
$06B0		Motor_Init
$06D5		Div_16x16_U
$06F2		Sound_Init
$070E		S_Right
$0719		Change_Duty
$0728		Backward
$0733		Get_Fosc_kHz
$0800		Forward
$080B		S_Left
$0816		Delay_5500us
$0827		GlobalIniObstacle_robot
$0838		Delay_Cyc
$0849		COMFREM
$0857		Lcd_Chr_CP
$0862		Delay_1us
$086A		Motor_B_FWD
$086E		Motor_A_FWD
$0872		PWM1_Start
$087A		PWM2_Start
$0882		Motor_B_BWD
$0886		Motor_A_BWD
$088A		Delay_50us
$0891		PWM2_Init
$0897		PWM1_Init


//** Labels locations **
//ADDRESS		LABEL
//----------------------------------------------
$0004		_main:
$0014		L_main_13:
$001C		L_main_14:
$001F		L_main_15:
$0020		L_main_17:
$002D		L_main_19:
$002F		L_main_18:
$0049		L_main_36:
$005B		L_main_20:
$0065		L_main_37:
$00CB		L_main_22:
$00F0		L_main_21:
$00F0		L_main_23:
$00F7		_SDIV3232L:
$010A		LOOPS3232A:
$0120		SADD22LA:
$012D		SOK22LA:
$0146		SADD22L8:
$0153		SOK22L8:
$0156		LOOPS3232B:
$016C		SADD22LB:
$0179		SOK22LB:
$0192		SADD22L16:
$019F		SOK22L16:
$01A2		LOOPS3232C:
$01B8		SADD22LC:
$01C5		SOK22LC:
$01DE		SADD22L24:
$01EB		SOK22L24:
$01EE		LOOPS3232D:
$0204		SADD22LD:
$0211		SOK22LD:
$0224		SOK22L:
$0225		_Sound_Play:
$0247		L_Sound_Play_5:
$0250		L_Sound_Play_6:
$026D		L_Sound_Play_7:
$0276		L_Sound_Play_8:
$02A2		L_Sound_Play_9:
$02A5		L_Sound_Play_0:
$02A7		L_Sound_Play_1:
$02CC		L_Sound_Play_2:
$02CF		_Div_32x32_S:
$02D1		FXD3232S:
$02F1		CA3232S:
$02FE		C3232SX:
$0303		C3232S:
$0304		C3232S2:
$0306		C3232SOK:
$031F		C3232SX1:
$0330		C3232SX2:
$0336		C3232SX3:
$033C		C3232SX4:
$0363		END_ALL:
$0369		avoid_comfrem:
$036B		_Adc_Rd:
$0375		L10_ex_L_Adc_Rd_2:
$037A		L_Adc_Rd_24:
$0380		L_Adc_Rd_25:
$0384		L_Adc_Rd_2:
$038C		L_Adc_Rd_4:
$0395		L33_ex_L_Adc_Rd_8:
$039D		L_Adc_Rd_26:
$03A3		L_Adc_Rd_27:
$03A6		L_Adc_Rd_3:
$03A6		L_Adc_Rd_5:
$03A6		L_Adc_Rd_8:
$03AE		L_Adc_Rd_28:
$03B4		L_Adc_Rd_29:
$03BF		L_Adc_Rd_30:
$03C5		L_Adc_Rd_31:
$03CE		L_Adc_Rd_9:
$03D0		L_Adc_Rd_10:
$03D6		L_Adc_Rd_32:
$03DD		L_Adc_Rd_33:
$03E3		L_Adc_Rd_34:
$03E9		L_Adc_Rd_35:
$03F3		_Lcd_Init:
$0455		_Div_16x16_S:
$04AF		_WordToStr:
$04D8		L_WordToStr_4:
$04DE		L_WordToStr_51:
$0503		L_WordToStr_5:
$0504		_Lcd_Cmd:
$050B		L_Lcd_Cmd_0:
$051E		L_Lcd_Cmd_1:
$051F		L_Lcd_Cmd_2:
$0526		L_Lcd_Cmd_3:
$0539		L_Lcd_Cmd_4:
$053A		L_Lcd_Cmd_5:
$0546		L_Lcd_Cmd_6:
$0549		L_Lcd_Cmd_7:
$054A		_LCD_Out:
$054B		L_LCD_Out_19:
$0550		L_LCD_Out_20:
$0553		L_LCD_Out_21:
$0556		L_LCD_Out_22:
$0559		L_LCD_Out_23:
$055C		L_LCD_Out_17:
$056F		L_LCD_Out_18:
$057A		L_LCD_Out_24:
$058C		L_LCD_Out_25:
$058F		_Mul_16x16_S:
$05D9		_PWM2_Change_Duty:
$05ED		L_PWM2_Change_Duty_0:
$05F4		L_PWM2_Change_Duty_1:
$0612		_PWM1_Change_Duty:
$0626		L_PWM1_Change_Duty_2:
$062D		L_PWM1_Change_Duty_3:
$064B		_Mul_32x32_U:
$0653		_NEXT:
$0657		_LOOP:
$0673		_EXIT1:
$0681		_EXIT2:
$0682		_Div_16x16_S_L:
$06B0		_Motor_Init:
$06D4		L_Motor_Init_11:
$06D5		_Div_16x16_U:
$06F2		_Sound_Init:
$06FB		L_Sound_Init_3:
$0701		L_Sound_Init_4:
$070E		_S_Right:
$0719		_Change_Duty:
$0727		L_Change_Duty_12:
$0728		_Backward:
$0733		_Get_Fosc_kHz:
$0800		_Forward:
$080B		_S_Left:
$0816		_Delay_5500us:
$0827		GlobalIniObstacle_robot:
$0838		_Delay_Cyc:
$083C		L_Delay_Cyc_0:
$0845		L_Delay_Cyc_1:
$0849		_COMFREM:
$0857		_Lcd_Chr_CP:
$0862		_Delay_1us:
$086A		_Motor_B_FWD:
$086E		_Motor_A_FWD:
$0872		_PWM1_Start:
$087A		_PWM2_Start:
$0882		_Motor_B_BWD:
$0886		_Motor_A_BWD:
$088A		_Delay_50us:
$0891		_PWM2_Init:
$0897		_PWM1_Init:


//** Variables locations **
//ADDRESS		VARIABLE
//----------------------------------------------
$0000		INDF
$0002		PCL
$0003		STATUS
$0004		FSR
$0005		PORTA
$0006		PORTB
$0007		PORTC
$0008		PORTD
$000A		PCLATH
$0012		T2CON
$0015		CCPR1L
$0017		CCP1CON
$001B		CCPR2L
$001D		CCP2CON
$001E		ADRESH
$001F		ADCON0
$0020		___math_tempb
$0021		LCD_port_address
$0022		LCD_cmd_status
$0023		_motor_init_
$0024		_motor_duty_
$0025		Sound_soundPortAddr
$0026		Sound_pinMask1
$0027		Sound_pinMask0
$0028		_GP2
$002A		_CNT
$002C		_Round
$002D		_i
$002E		_txt
$0034		FARG_Adc_Rd+0
$0034		FARG_Backward+0
$0034		FARG_Forward+0
$0034		FARG_Lcd_Init+0
$0034		FARG_LCD_Out+0
$0034		FARG_S_Left+0
$0034		FARG_S_Right+0
$0034		FARG_Sound_Init+0
$0034		FARG_Sound_Play+0
$0034		FARG_WordToStr+0
$0035		
$0035		FARG_LCD_Out+1
$0035		FARG_Sound_Init+1
$0036		FARG_LCD_Out+2
$0036		FARG_Sound_Play+2
$0036		FARG_WordToStr+2
$0037		LCD_Out_i_L0
$0037		WordToStr_pos_L0
$0038		
$0038		Sound_Play_nc_L0
$003A		Sound_Play_per_nc_L0
$003E		
$0042		FARG_Change_Duty+0
$0042		FARG_Delay_Cyc+0
$0042		FARG_Lcd_Chr_CP+0
$0043		FARG_Lcd_Cmd+0
$0043		FARG_PWM1_Change_Duty+0
$0043		FARG_PWM1_Init+0
$0043		FARG_PWM2_Change_Duty+0
$0043		FARG_PWM2_Init+0
$0070		STACK_0
$0071		STACK_1
$0072		STACK_2
$0073		STACK_3
$0074		STACK_4
$0075		STACK_5
$0076		STACK_6
$0077		STACK_7
$0078		STACK_8
$0079		STACK_9
$007A		STACK_10
$007B		STACK_11
$007C		STACK_12
$007D		STACK_13
$007E		STACK_14
$007F		STACK_15
$0085		TRISA
$0086		TRISB
$0087		TRISC
$0088		TRISD
$0089		TRISE
$0092		PR2
$009E		ADRESL
$0188		ANSEL
$0189		ANSELH


