;  ASM code generated by mikroVirtualMachine for PIC - V. 8.2.0.0
;  Date/Time: 4/6/2008 15:06:46
;  Info: http://www.mikroe.com


; ADDRESS	OPCODE	ASM
; ----------------------------------------------
$0000	$2932			GOTO	_main
$03AB	$	_Mul_16x16_S:
$03AB	$1303			BCF	STATUS, RP1
$03AC	$1283			BCF	STATUS, RP0
$03AD	$01FB			CLRF	STACK_11
$03AE	$01FA			CLRF	STACK_10
$03AF	$01F9			CLRF	STACK_9
$03B0	$3080			MOVLW	128
$03B1	$00F8			MOVWF	STACK_8
$03B2	$01FD			CLRF	STACK_13
$03B3	$1FF1			BTFSS	STACK_1, 7
$03B4	$2BBB			GOTO	$+7
$03B5	$09F1			COMF	STACK_1, F
$03B6	$09F0			COMF	STACK_0, F
$03B7	$0AF0			INCF	STACK_0, F
$03B8	$1903			BTFSC	STATUS, Z
$03B9	$0AF1			INCF	STACK_1, F
$03BA	$0AFD			INCF	STACK_13, F
$03BB	$1FF5			BTFSS	STACK_5, 7
$03BC	$2BC3			GOTO	$+7
$03BD	$09F5			COMF	STACK_5, F
$03BE	$09F4			COMF	STACK_4, F
$03BF	$0AF4			INCF	STACK_4, F
$03C0	$1903			BTFSC	STATUS, Z
$03C1	$0AF5			INCF	STACK_5, F
$03C2	$0AFD			INCF	STACK_13, F
$03C3	$0CF1			RRF	STACK_1, F
$03C4	$0CF0			RRF	STACK_0, F
$03C5	$1C03			BTFSS	STATUS, C
$03C6	$2BD0			GOTO	$+10
$03C7	$0874			MOVF	STACK_4, W
$03C8	$07F9			ADDWF	STACK_9, F
$03C9	$0875			MOVF	STACK_5, W
$03CA	$1803			BTFSC	STATUS, C
$03CB	$0F75			INCFSZ	STACK_5, W
$03CC	$07FA			ADDWF	STACK_10, F
$03CD	$1803			BTFSC	STATUS, C
$03CE	$0AFB			INCF	STACK_11, F
$03CF	$1003			BCF	STATUS, C
$03D0	$1FF0			BTFSS	STACK_0, 7
$03D1	$2BD8			GOTO	$+7
$03D2	$0874			MOVF	STACK_4, W
$03D3	$07FA			ADDWF	STACK_10, F
$03D4	$1803			BTFSC	STATUS, C
$03D5	$0AFB			INCF	STACK_11, F
$03D6	$0875			MOVF	STACK_5, W
$03D7	$07FB			ADDWF	STACK_11, F
$03D8	$0CFB			RRF	STACK_11, F
$03D9	$0CFA			RRF	STACK_10, F
$03DA	$0CF9			RRF	STACK_9, F
$03DB	$0CF8			RRF	STACK_8, F
$03DC	$1C03			BTFSS	STATUS, C
$03DD	$2BC3			GOTO	$-26
$03DE	$1C7D			BTFSS	STACK_13, 0
$03DF	$2BEB			GOTO	$+12
$03E0	$09FB			COMF	STACK_11, F
$03E1	$09FA			COMF	STACK_10, F
$03E2	$09F9			COMF	STACK_9, F
$03E3	$09F8			COMF	STACK_8, F
$03E4	$0AF8			INCF	STACK_8, F
$03E5	$1903			BTFSC	STATUS, Z
$03E6	$0AF9			INCF	STACK_9, F
$03E7	$1903			BTFSC	STATUS, Z
$03E8	$0AFA			INCF	STACK_10, F
$03E9	$1903			BTFSC	STATUS, Z
$03EA	$0AFB			INCF	STACK_11, F
$03EB	$087B			MOVF	STACK_11, W
$03EC	$00F3			MOVWF	STACK_3
$03ED	$087A			MOVF	STACK_10, W
$03EE	$00F2			MOVWF	STACK_2
$03EF	$0879			MOVF	STACK_9, W
$03F0	$00F1			MOVWF	STACK_1
$03F1	$0878			MOVF	STACK_8, W
$03F2	$00F0			MOVWF	STACK_0
$03F3	$0000			NOP
$03F4	$0008			RETURN
$0004	$	_SDIV3232L:
$0004	$1303			BCF	STATUS, RP1
$0005	$1283			BCF	STATUS, RP0
$0006	$0874			MOVF	STACK_4, W
$0007	$02F8			SUBWF	STACK_8, F
$0008	$0875			MOVF	STACK_5, W
$0009	$1C03			BTFSS	STATUS, C
$000A	$0F75			INCFSZ	STACK_5, W
$000B	$02F9			SUBWF	STACK_9, F
$000C	$0876			MOVF	STACK_6, W
$000D	$1C03			BTFSS	STATUS, C
$000E	$0F76			INCFSZ	STACK_6, W
$000F	$02FA			SUBWF	STACK_10, F
$0010	$0877			MOVF	STACK_7, W
$0011	$1C03			BTFSS	STATUS, C
$0012	$0F77			INCFSZ	STACK_7, W
$0013	$02FB			SUBWF	STACK_11, F
$0014	$0DF3			RLF	STACK_3, F
$0015	$3007			MOVLW	7
$0016	$00FC			MOVWF	STACK_12
$0017	$	LOOPS3232A:
$0017	$0D73			RLF	STACK_3, W
$0018	$0DF8			RLF	STACK_8, F
$0019	$0DF9			RLF	STACK_9, F
$001A	$0DFA			RLF	STACK_10, F
$001B	$0DFB			RLF	STACK_11, F
$001C	$0874			MOVF	STACK_4, W
$001D	$1C73			BTFSS	STACK_3, 0
$001E	$282D			GOTO	SADD22LA
$001F	$02F8			SUBWF	STACK_8, F
$0020	$0875			MOVF	STACK_5, W
$0021	$1C03			BTFSS	STATUS, C
$0022	$0F75			INCFSZ	STACK_5, W
$0023	$02F9			SUBWF	STACK_9, F
$0024	$0876			MOVF	STACK_6, W
$0025	$1C03			BTFSS	STATUS, C
$0026	$0F76			INCFSZ	STACK_6, W
$0027	$02FA			SUBWF	STACK_10, F
$0028	$0877			MOVF	STACK_7, W
$0029	$1C03			BTFSS	STATUS, C
$002A	$0F77			INCFSZ	STACK_7, W
$002B	$02FB			SUBWF	STACK_11, F
$002C	$283A			GOTO	SOK22LA
$002D	$	SADD22LA:
$002D	$07F8			ADDWF	STACK_8, F
$002E	$0875			MOVF	STACK_5, W
$002F	$1803			BTFSC	STATUS, C
$0030	$0F75			INCFSZ	STACK_5, W
$0031	$07F9			ADDWF	STACK_9, F
$0032	$0876			MOVF	STACK_6, W
$0033	$1803			BTFSC	STATUS, C
$0034	$0F76			INCFSZ	STACK_6, W
$0035	$07FA			ADDWF	STACK_10, F
$0036	$0877			MOVF	STACK_7, W
$0037	$1803			BTFSC	STATUS, C
$0038	$0F77			INCFSZ	STACK_7, W
$0039	$07FB			ADDWF	STACK_11, F
$003A	$	SOK22LA:
$003A	$0DF3			RLF	STACK_3, F
$003B	$0BFC			DECFSZ	STACK_12, F
$003C	$2817			GOTO	LOOPS3232A
$003D	$0D72			RLF	STACK_2, W
$003E	$0DF8			RLF	STACK_8, F
$003F	$0DF9			RLF	STACK_9, F
$0040	$0DFA			RLF	STACK_10, F
$0041	$0DFB			RLF	STACK_11, F
$0042	$0874			MOVF	STACK_4, W
$0043	$1C73			BTFSS	STACK_3, 0
$0044	$2853			GOTO	SADD22L8
$0045	$02F8			SUBWF	STACK_8, F
$0046	$0875			MOVF	STACK_5, W
$0047	$1C03			BTFSS	STATUS, C
$0048	$0F75			INCFSZ	STACK_5, W
$0049	$02F9			SUBWF	STACK_9, F
$004A	$0876			MOVF	STACK_6, W
$004B	$1C03			BTFSS	STATUS, C
$004C	$0F76			INCFSZ	STACK_6, W
$004D	$02FA			SUBWF	STACK_10, F
$004E	$0877			MOVF	STACK_7, W
$004F	$1C03			BTFSS	STATUS, C
$0050	$0F77			INCFSZ	STACK_7, W
$0051	$02FB			SUBWF	STACK_11, F
$0052	$2860			GOTO	SOK22L8
$0053	$	SADD22L8:
$0053	$07F8			ADDWF	STACK_8, F
$0054	$0875			MOVF	STACK_5, W
$0055	$1803			BTFSC	STATUS, C
$0056	$0F75			INCFSZ	STACK_5, W
$0057	$07F9			ADDWF	STACK_9, F
$0058	$0876			MOVF	STACK_6, W
$0059	$1803			BTFSC	STATUS, C
$005A	$0F76			INCFSZ	STACK_6, W
$005B	$07FA			ADDWF	STACK_10, F
$005C	$0877			MOVF	STACK_7, W
$005D	$1803			BTFSC	STATUS, C
$005E	$0F77			INCFSZ	STACK_7, W
$005F	$07FB			ADDWF	STACK_11, F
$0060	$	SOK22L8:
$0060	$0DF2			RLF	STACK_2, F
$0061	$3007			MOVLW	7
$0062	$00FC			MOVWF	STACK_12
$0063	$	LOOPS3232B:
$0063	$0D72			RLF	STACK_2, W
$0064	$0DF8			RLF	STACK_8, F
$0065	$0DF9			RLF	STACK_9, F
$0066	$0DFA			RLF	STACK_10, F
$0067	$0DFB			RLF	STACK_11, F
$0068	$0874			MOVF	STACK_4, W
$0069	$1C72			BTFSS	STACK_2, 0
$006A	$2879			GOTO	SADD22LB
$006B	$02F8			SUBWF	STACK_8, F
$006C	$0875			MOVF	STACK_5, W
$006D	$1C03			BTFSS	STATUS, C
$006E	$0F75			INCFSZ	STACK_5, W
$006F	$02F9			SUBWF	STACK_9, F
$0070	$0876			MOVF	STACK_6, W
$0071	$1C03			BTFSS	STATUS, C
$0072	$0F76			INCFSZ	STACK_6, W
$0073	$02FA			SUBWF	STACK_10, F
$0074	$0877			MOVF	STACK_7, W
$0075	$1C03			BTFSS	STATUS, C
$0076	$0F77			INCFSZ	STACK_7, W
$0077	$02FB			SUBWF	STACK_11, F
$0078	$2886			GOTO	SOK22LB
$0079	$	SADD22LB:
$0079	$07F8			ADDWF	STACK_8, F
$007A	$0875			MOVF	STACK_5, W
$007B	$1803			BTFSC	STATUS, C
$007C	$0F75			INCFSZ	STACK_5, W
$007D	$07F9			ADDWF	STACK_9, F
$007E	$0876			MOVF	STACK_6, W
$007F	$1803			BTFSC	STATUS, C
$0080	$0F76			INCFSZ	STACK_6, W
$0081	$07FA			ADDWF	STACK_10, F
$0082	$0877			MOVF	STACK_7, W
$0083	$1803			BTFSC	STATUS, C
$0084	$0F77			INCFSZ	STACK_7, W
$0085	$07FB			ADDWF	STACK_11, F
$0086	$	SOK22LB:
$0086	$0DF2			RLF	STACK_2, F
$0087	$0BFC			DECFSZ	STACK_12, F
$0088	$2863			GOTO	LOOPS3232B
$0089	$0D71			RLF	STACK_1, W
$008A	$0DF8			RLF	STACK_8, F
$008B	$0DF9			RLF	STACK_9, F
$008C	$0DFA			RLF	STACK_10, F
$008D	$0DFB			RLF	STACK_11, F
$008E	$0874			MOVF	STACK_4, W
$008F	$1C72			BTFSS	STACK_2, 0
$0090	$289F			GOTO	SADD22L16
$0091	$02F8			SUBWF	STACK_8, F
$0092	$0875			MOVF	STACK_5, W
$0093	$1C03			BTFSS	STATUS, C
$0094	$0F75			INCFSZ	STACK_5, W
$0095	$02F9			SUBWF	STACK_9, F
$0096	$0876			MOVF	STACK_6, W
$0097	$1C03			BTFSS	STATUS, C
$0098	$0F76			INCFSZ	STACK_6, W
$0099	$02FA			SUBWF	STACK_10, F
$009A	$0877			MOVF	STACK_7, W
$009B	$1C03			BTFSS	STATUS, C
$009C	$0F77			INCFSZ	STACK_7, W
$009D	$02FB			SUBWF	STACK_11, F
$009E	$28AC			GOTO	SOK22L16
$009F	$	SADD22L16:
$009F	$07F8			ADDWF	STACK_8, F
$00A0	$0875			MOVF	STACK_5, W
$00A1	$1803			BTFSC	STATUS, C
$00A2	$0F75			INCFSZ	STACK_5, W
$00A3	$07F9			ADDWF	STACK_9, F
$00A4	$0876			MOVF	STACK_6, W
$00A5	$1803			BTFSC	STATUS, C
$00A6	$0F76			INCFSZ	STACK_6, W
$00A7	$07FA			ADDWF	STACK_10, F
$00A8	$0877			MOVF	STACK_7, W
$00A9	$1803			BTFSC	STATUS, C
$00AA	$0F77			INCFSZ	STACK_7, W
$00AB	$07FB			ADDWF	STACK_11, F
$00AC	$	SOK22L16:
$00AC	$0DF1			RLF	STACK_1, F
$00AD	$3007			MOVLW	7
$00AE	$00FC			MOVWF	STACK_12
$00AF	$	LOOPS3232C:
$00AF	$0D71			RLF	STACK_1, W
$00B0	$0DF8			RLF	STACK_8, F
$00B1	$0DF9			RLF	STACK_9, F
$00B2	$0DFA			RLF	STACK_10, F
$00B3	$0DFB			RLF	STACK_11, F
$00B4	$0874			MOVF	STACK_4, W
$00B5	$1C71			BTFSS	STACK_1, 0
$00B6	$28C5			GOTO	SADD22LC
$00B7	$02F8			SUBWF	STACK_8, F
$00B8	$0875			MOVF	STACK_5, W
$00B9	$1C03			BTFSS	STATUS, C
$00BA	$0F75			INCFSZ	STACK_5, W
$00BB	$02F9			SUBWF	STACK_9, F
$00BC	$0876			MOVF	STACK_6, W
$00BD	$1C03			BTFSS	STATUS, C
$00BE	$0F76			INCFSZ	STACK_6, W
$00BF	$02FA			SUBWF	STACK_10, F
$00C0	$0877			MOVF	STACK_7, W
$00C1	$1C03			BTFSS	STATUS, C
$00C2	$0F77			INCFSZ	STACK_7, W
$00C3	$02FB			SUBWF	STACK_11, F
$00C4	$28D2			GOTO	SOK22LC
$00C5	$	SADD22LC:
$00C5	$07F8			ADDWF	STACK_8, F
$00C6	$0875			MOVF	STACK_5, W
$00C7	$1803			BTFSC	STATUS, C
$00C8	$0F75			INCFSZ	STACK_5, W
$00C9	$07F9			ADDWF	STACK_9, F
$00CA	$0876			MOVF	STACK_6, W
$00CB	$1803			BTFSC	STATUS, C
$00CC	$0F76			INCFSZ	STACK_6, W
$00CD	$07FA			ADDWF	STACK_10, F
$00CE	$0877			MOVF	STACK_7, W
$00CF	$1803			BTFSC	STATUS, C
$00D0	$0F77			INCFSZ	STACK_7, W
$00D1	$07FB			ADDWF	STACK_11, F
$00D2	$	SOK22LC:
$00D2	$0DF1			RLF	STACK_1, F
$00D3	$0BFC			DECFSZ	STACK_12, F
$00D4	$28AF			GOTO	LOOPS3232C
$00D5	$0D70			RLF	STACK_0, W
$00D6	$0DF8			RLF	STACK_8, F
$00D7	$0DF9			RLF	STACK_9, F
$00D8	$0DFA			RLF	STACK_10, F
$00D9	$0DFB			RLF	STACK_11, F
$00DA	$0874			MOVF	STACK_4, W
$00DB	$1C71			BTFSS	STACK_1, 0
$00DC	$28EB			GOTO	SADD22L24
$00DD	$02F8			SUBWF	STACK_8, F
$00DE	$0875			MOVF	STACK_5, W
$00DF	$1C03			BTFSS	STATUS, C
$00E0	$0F75			INCFSZ	STACK_5, W
$00E1	$02F9			SUBWF	STACK_9, F
$00E2	$0876			MOVF	STACK_6, W
$00E3	$1C03			BTFSS	STATUS, C
$00E4	$0F76			INCFSZ	STACK_6, W
$00E5	$02FA			SUBWF	STACK_10, F
$00E6	$0877			MOVF	STACK_7, W
$00E7	$1C03			BTFSS	STATUS, C
$00E8	$0F77			INCFSZ	STACK_7, W
$00E9	$02FB			SUBWF	STACK_11, F
$00EA	$28F8			GOTO	SOK22L24
$00EB	$	SADD22L24:
$00EB	$07F8			ADDWF	STACK_8, F
$00EC	$0875			MOVF	STACK_5, W
$00ED	$1803			BTFSC	STATUS, C
$00EE	$0F75			INCFSZ	STACK_5, W
$00EF	$07F9			ADDWF	STACK_9, F
$00F0	$0876			MOVF	STACK_6, W
$00F1	$1803			BTFSC	STATUS, C
$00F2	$0F76			INCFSZ	STACK_6, W
$00F3	$07FA			ADDWF	STACK_10, F
$00F4	$0877			MOVF	STACK_7, W
$00F5	$1803			BTFSC	STATUS, C
$00F6	$0F77			INCFSZ	STACK_7, W
$00F7	$07FB			ADDWF	STACK_11, F
$00F8	$	SOK22L24:
$00F8	$0DF0			RLF	STACK_0, F
$00F9	$3007			MOVLW	7
$00FA	$00FC			MOVWF	STACK_12
$00FB	$	LOOPS3232D:
$00FB	$0D70			RLF	STACK_0, W
$00FC	$0DF8			RLF	STACK_8, F
$00FD	$0DF9			RLF	STACK_9, F
$00FE	$0DFA			RLF	STACK_10, F
$00FF	$0DFB			RLF	STACK_11, F
$0100	$0874			MOVF	STACK_4, W
$0101	$1C70			BTFSS	STACK_0, 0
$0102	$2911			GOTO	SADD22LD
$0103	$02F8			SUBWF	STACK_8, F
$0104	$0875			MOVF	STACK_5, W
$0105	$1C03			BTFSS	STATUS, C
$0106	$0F75			INCFSZ	STACK_5, W
$0107	$02F9			SUBWF	STACK_9, F
$0108	$0876			MOVF	STACK_6, W
$0109	$1C03			BTFSS	STATUS, C
$010A	$0F76			INCFSZ	STACK_6, W
$010B	$02FA			SUBWF	STACK_10, F
$010C	$0877			MOVF	STACK_7, W
$010D	$1C03			BTFSS	STATUS, C
$010E	$0F77			INCFSZ	STACK_7, W
$010F	$02FB			SUBWF	STACK_11, F
$0110	$291E			GOTO	SOK22LD
$0111	$	SADD22LD:
$0111	$07F8			ADDWF	STACK_8, F
$0112	$0875			MOVF	STACK_5, W
$0113	$1803			BTFSC	STATUS, C
$0114	$0F75			INCFSZ	STACK_5, W
$0115	$07F9			ADDWF	STACK_9, F
$0116	$0876			MOVF	STACK_6, W
$0117	$1803			BTFSC	STATUS, C
$0118	$0F76			INCFSZ	STACK_6, W
$0119	$07FA			ADDWF	STACK_10, F
$011A	$0877			MOVF	STACK_7, W
$011B	$1803			BTFSC	STATUS, C
$011C	$0F77			INCFSZ	STACK_7, W
$011D	$07FB			ADDWF	STACK_11, F
$011E	$	SOK22LD:
$011E	$0DF0			RLF	STACK_0, F
$011F	$0BFC			DECFSZ	STACK_12, F
$0120	$28FB			GOTO	LOOPS3232D
$0121	$1870			BTFSC	STACK_0, 0
$0122	$2931			GOTO	SOK22L
$0123	$0874			MOVF	STACK_4, W
$0124	$07F8			ADDWF	STACK_8, F
$0125	$0875			MOVF	STACK_5, W
$0126	$1803			BTFSC	STATUS, C
$0127	$0F75			INCFSZ	STACK_5, W
$0128	$07F9			ADDWF	STACK_9, F
$0129	$0876			MOVF	STACK_6, W
$012A	$1803			BTFSC	STATUS, C
$012B	$0F76			INCFSZ	STACK_6, W
$012C	$07FA			ADDWF	STACK_10, F
$012D	$0877			MOVF	STACK_7, W
$012E	$1803			BTFSC	STATUS, C
$012F	$0F77			INCFSZ	STACK_7, W
$0130	$07FB			ADDWF	STACK_11, F
$0131	$	SOK22L:
$0131	$0008			RETURN
$0540	$	_COMFREM:
$0540	$1303			BCF	STATUS, RP1
$0541	$1283			BCF	STATUS, RP0
$0542	$09FB			COMF	STACK_11, F
$0543	$09FA			COMF	STACK_10, F
$0544	$09F9			COMF	STACK_9, F
$0545	$09F8			COMF	STACK_8, F
$0546	$0AF8			INCF	STACK_8, F
$0547	$1903			BTFSC	STATUS, Z
$0548	$0AF9			INCF	STACK_9, F
$0549	$1903			BTFSC	STATUS, Z
$054A	$0AFA			INCF	STACK_10, F
$054B	$1903			BTFSC	STATUS, Z
$054C	$0AFB			INCF	STACK_11, F
$054D	$0008			RETURN
$057D	$	_PWM1_Init:
$057D	$1303			BCF	STATUS, RP1
$057E	$1283			BCF	STATUS, RP0
$057F	$0195			CLRF	CCPR1L, 1
$0580	$1217			BCF	CCP1CON, 4
$0581	$1297			BCF	CCP1CON, 5
$0582	$0008			RETURN
$0577	$	_PWM2_Init:
$0577	$1303			BCF	STATUS, RP1
$0578	$1283			BCF	STATUS, RP0
$0579	$019B			CLRF	CCPR2L, 1
$057A	$121D			BCF	CCP2CON, 4
$057B	$129D			BCF	CCP2CON, 5
$057C	$0008			RETURN
$03F5	$	_PWM1_Change_Duty:
$03F5	$1303			BCF	STATUS, RP1
$03F6	$1683			BSF	STATUS, RP0
$03F7	$0812			MOVF	PR2, 0
$03F8	$3F01			ADDLW	1
$03F9	$00F0			MOVWF	STACK_0
$03FA	$01F1			CLRF	STACK_0+1
$03FB	$1803			BTFSC	STATUS, C
$03FC	$0AF1			INCF	STACK_0+1, 1
$03FD	$1283			BCF	STATUS, RP0
$03FE	$083B			MOVF	FARG_PWM1_Change_Duty+0, 0
$03FF	$00F4			MOVWF	STACK_4
$0400	$01F5			CLRF	STACK_4+1
$0401	$23AB			CALL	_mul_16x16_s
$0402	$3006			MOVLW	6
$0403	$00F2			MOVWF	STACK_2
$0404	$0870			MOVF	STACK_0, 0
$0405	$00F4			MOVWF	STACK_4
$0406	$0871			MOVF	STACK_0+1, 0
$0407	$00F5			MOVWF	STACK_4+1
$0408	$0872			MOVF	STACK_2, 0
$0409	$	L_PWM1_Change_Duty_2:
$0409	$1903			BTFSC	STATUS, Z
$040A	$2C10			GOTO	L_PWM1_Change_Duty_3
$040B	$0CF5			RRF	STACK_4+1, 1
$040C	$0CF4			RRF	STACK_4, 1
$040D	$13F5			BCF	STACK_4+1, 7
$040E	$3FFF			ADDLW	255
$040F	$2C09			GOTO	L_PWM1_Change_Duty_2
$0410	$	L_PWM1_Change_Duty_3:
$0410	$0874			MOVF	STACK_4, 0
$0411	$00F0			MOVWF	STACK_0
$0412	$0DF0			RLF	STACK_0, 1
$0413	$1070			BCF	STACK_0, 0
$0414	$0DF0			RLF	STACK_0, 1
$0415	$1070			BCF	STACK_0, 0
$0416	$0DF0			RLF	STACK_0, 1
$0417	$1070			BCF	STACK_0, 0
$0418	$0DF0			RLF	STACK_0, 1
$0419	$1070			BCF	STACK_0, 0
$041A	$3030			MOVLW	48
$041B	$0570			ANDWF	STACK_0, 0
$041C	$00F3			MOVWF	STACK_3
$041D	$0874			MOVF	STACK_4, 0
$041E	$00F0			MOVWF	STACK_0
$041F	$0875			MOVF	STACK_4+1, 0
$0420	$00F1			MOVWF	STACK_0+1
$0421	$0CF1			RRF	STACK_0+1, 1
$0422	$0CF0			RRF	STACK_0, 1
$0423	$13F1			BCF	STACK_0+1, 7
$0424	$0CF1			RRF	STACK_0+1, 1
$0425	$0CF0			RRF	STACK_0, 1
$0426	$13F1			BCF	STACK_0+1, 7
$0427	$0870			MOVF	STACK_0, 0
$0428	$0095			MOVWF	CCPR1L
$0429	$300F			MOVLW	15
$042A	$0597			ANDWF	CCP1CON, 1
$042B	$0873			MOVF	STACK_3, 0
$042C	$0497			IORWF	CCP1CON, 1
$042D	$0008			RETURN
$042E	$	_PWM2_Change_Duty:
$042E	$1303			BCF	STATUS, RP1
$042F	$1683			BSF	STATUS, RP0
$0430	$0812			MOVF	PR2, 0
$0431	$3F01			ADDLW	1
$0432	$00F0			MOVWF	STACK_0
$0433	$01F1			CLRF	STACK_0+1
$0434	$1803			BTFSC	STATUS, C
$0435	$0AF1			INCF	STACK_0+1, 1
$0436	$1283			BCF	STATUS, RP0
$0437	$083B			MOVF	FARG_PWM2_Change_Duty+0, 0
$0438	$00F4			MOVWF	STACK_4
$0439	$01F5			CLRF	STACK_4+1
$043A	$23AB			CALL	_mul_16x16_s
$043B	$3006			MOVLW	6
$043C	$00F2			MOVWF	STACK_2
$043D	$0870			MOVF	STACK_0, 0
$043E	$00F4			MOVWF	STACK_4
$043F	$0871			MOVF	STACK_0+1, 0
$0440	$00F5			MOVWF	STACK_4+1
$0441	$0872			MOVF	STACK_2, 0
$0442	$	L_PWM2_Change_Duty_0:
$0442	$1903			BTFSC	STATUS, Z
$0443	$2C49			GOTO	L_PWM2_Change_Duty_1
$0444	$0CF5			RRF	STACK_4+1, 1
$0445	$0CF4			RRF	STACK_4, 1
$0446	$13F5			BCF	STACK_4+1, 7
$0447	$3FFF			ADDLW	255
$0448	$2C42			GOTO	L_PWM2_Change_Duty_0
$0449	$	L_PWM2_Change_Duty_1:
$0449	$0874			MOVF	STACK_4, 0
$044A	$00F0			MOVWF	STACK_0
$044B	$0DF0			RLF	STACK_0, 1
$044C	$1070			BCF	STACK_0, 0
$044D	$0DF0			RLF	STACK_0, 1
$044E	$1070			BCF	STACK_0, 0
$044F	$0DF0			RLF	STACK_0, 1
$0450	$1070			BCF	STACK_0, 0
$0451	$0DF0			RLF	STACK_0, 1
$0452	$1070			BCF	STACK_0, 0
$0453	$3030			MOVLW	48
$0454	$0570			ANDWF	STACK_0, 0
$0455	$00F3			MOVWF	STACK_3
$0456	$0874			MOVF	STACK_4, 0
$0457	$00F0			MOVWF	STACK_0
$0458	$0875			MOVF	STACK_4+1, 0
$0459	$00F1			MOVWF	STACK_0+1
$045A	$0CF1			RRF	STACK_0+1, 1
$045B	$0CF0			RRF	STACK_0, 1
$045C	$13F1			BCF	STACK_0+1, 7
$045D	$0CF1			RRF	STACK_0+1, 1
$045E	$0CF0			RRF	STACK_0, 1
$045F	$13F1			BCF	STACK_0+1, 7
$0460	$0870			MOVF	STACK_0, 0
$0461	$009B			MOVWF	CCPR2L
$0462	$300F			MOVLW	15
$0463	$059D			ANDWF	CCP2CON, 1
$0464	$0873			MOVF	STACK_3, 0
$0465	$049D			IORWF	CCP2CON, 1
$0466	$0008			RETURN
$0557	$	_PWM1_Start:
$0557	$1303			BCF	STATUS, RP1
$0558	$1683			BSF	STATUS, RP0
$0559	$1107			BCF	TRISC, 2
$055A	$1283			BCF	STATUS, RP0
$055B	$1512			BSF	T2CON, 2
$055C	$300C			MOVLW	12
$055D	$0497			IORWF	CCP1CON, 1
$055E	$0008			RETURN
$056B	$	_PWM2_Start:
$056B	$1303			BCF	STATUS, RP1
$056C	$1683			BSF	STATUS, RP0
$056D	$1087			BCF	TRISC, 1
$056E	$1283			BCF	STATUS, RP0
$056F	$1512			BSF	T2CON, 2
$0570	$300C			MOVLW	12
$0571	$049D			IORWF	CCP2CON, 1
$0572	$0008			RETURN
$054E	$	_Get_Fosc_kHz:
;delays.c,1 :: 		unsigned long Get_Fosc_kHz(){
;delays.c,3 :: 		return Clock_kHz();
$054E	$3020			MOVLW	32
$054F	$1303			BCF	STATUS, RP1
$0550	$1283			BCF	STATUS, RP0
$0551	$00F0			MOVWF	STACK_0
$0552	$304E			MOVLW	78
$0553	$00F1			MOVWF	STACK_0+1
$0554	$01F2			CLRF	STACK_0+2
$0555	$01F3			CLRF	STACK_0+3
;delays.c,5 :: 		}
$0556	$0008			RETURN
$052F	$	_Delay_Cyc:
;delays.c,53 :: 		void Delay_Cyc(char cycles_div_by_10)  { // Cycles_div_by_10: min 3, max 255
;delays.c,55 :: 		--cycles_div_by_10;
$052F	$1303			BCF	STATUS, RP1
$0530	$1283			BCF	STATUS, RP0
$0531	$03BA			DECF	FARG_Delay_Cyc+0, 1
;delays.c,56 :: 		--cycles_div_by_10;
$0532	$03BA			DECF	FARG_Delay_Cyc+0, 1
;delays.c,57 :: 		while (cycles_div_by_10 > 0) {
$0533	$	L_Delay_Cyc_0:
$0533	$083A			MOVF	FARG_Delay_Cyc+0, 0
$0534	$3C00			SUBLW	0
$0535	$1803			BTFSC	STATUS, C
$0536	$2D3C			GOTO	L_Delay_Cyc_1
;delays.c,58 :: 		--cycles_div_by_10;
$0537	$03BA			DECF	FARG_Delay_Cyc+0, 1
;delays.c,59 :: 		asm nop;
$0538	$0000			NOP
;delays.c,60 :: 		asm nop;
$0539	$0000			NOP
;delays.c,61 :: 		asm nop;
$053A	$0000			NOP
;delays.c,62 :: 		}
$053B	$2D33			GOTO	L_Delay_Cyc_0
$053C	$	L_Delay_Cyc_1:
;delays.c,63 :: 		asm nop;
$053C	$0000			NOP
;delays.c,64 :: 		asm nop;
$053D	$0000			NOP
;delays.c,65 :: 		asm nop;
$053E	$0000			NOP
;delays.c,66 :: 		}
$053F	$0008			RETURN
$0467	$	_Mul_32x32_U:
$0467	$1303			BCF	STATUS, RP1
$0468	$1283			BCF	STATUS, RP0
$0469	$3022			MOVLW	34
$046A	$00FC			MOVWF	STACK_12
$046B	$01F8			CLRF	STACK_8
$046C	$01F9			CLRF	STACK_9
$046D	$01FA			CLRF	STACK_10
$046E	$01FB			CLRF	STACK_11
$046F	$	_NEXT:
$046F	$03FC			DECF	STACK_12, F
$0470	$1903			BTFSC	STATUS, Z
$0471	$2C9D			GOTO	_EXIT2
$0472	$1003			BCF	STATUS, C
$0473	$	_LOOP:
$0473	$0CFB			RRF	STACK_11, F
$0474	$0CFA			RRF	STACK_10, F
$0475	$0CF9			RRF	STACK_9, F
$0476	$0CF8			RRF	STACK_8, F
$0477	$0CF3			RRF	STACK_3, F
$0478	$0CF2			RRF	STACK_2, F
$0479	$0CF1			RRF	STACK_1, F
$047A	$0CF0			RRF	STACK_0, F
$047B	$1C03			BTFSS	STATUS, C
$047C	$2C6F			GOTO	_NEXT
$047D	$03FC			DECF	STACK_12, F
$047E	$1903			BTFSC	STATUS, Z
$047F	$2C8F			GOTO	_EXIT1
$0480	$0874			MOVF	STACK_4, W
$0481	$07F8			ADDWF	STACK_8, F
$0482	$0875			MOVF	STACK_5, W
$0483	$1803			BTFSC	STATUS, C
$0484	$0F75			INCFSZ	STACK_5, W
$0485	$07F9			ADDWF	STACK_9, F
$0486	$0876			MOVF	STACK_6, W
$0487	$1803			BTFSC	STATUS, C
$0488	$0F76			INCFSZ	STACK_6, W
$0489	$07FA			ADDWF	STACK_10, F
$048A	$0877			MOVF	STACK_7, W
$048B	$1803			BTFSC	STATUS, C
$048C	$0F77			INCFSZ	STACK_7, W
$048D	$07FB			ADDWF	STACK_11, F
$048E	$2C73			GOTO	_LOOP
$048F	$	_EXIT1:
$048F	$0874			MOVF	STACK_4, W
$0490	$07F8			ADDWF	STACK_8, F
$0491	$0875			MOVF	STACK_5, W
$0492	$1803			BTFSC	STATUS, C
$0493	$0F75			INCFSZ	STACK_5, W
$0494	$07F9			ADDWF	STACK_9, F
$0495	$0876			MOVF	STACK_6, W
$0496	$1803			BTFSC	STATUS, C
$0497	$0F76			INCFSZ	STACK_6, W
$0498	$07FA			ADDWF	STACK_10, F
$0499	$0877			MOVF	STACK_7, W
$049A	$1803			BTFSC	STATUS, C
$049B	$0F77			INCFSZ	STACK_7, W
$049C	$07FB			ADDWF	STACK_11, F
$049D	$	_EXIT2:
$049D	$0008			RETURN
$0289	$	_Div_32x32_S:
$0289	$1303			BCF	STATUS, RP1
$028A	$1283			BCF	STATUS, RP0
$028B	$	FXD3232S:
$028B	$01FC			CLRF	STACK_12
$028C	$1BF7			BTFSC	STACK_7, 7
$028D	$0AFC			INCF	STACK_12, F
$028E	$01FD			CLRF	STACK_13
$028F	$01FB			CLRF	STACK_11
$0290	$01FA			CLRF	STACK_10
$0291	$01F9			CLRF	STACK_9
$0292	$01F8			CLRF	STACK_8
$0293	$0873			MOVF	STACK_3, W
$0294	$0472			IORWF	STACK_2, W
$0295	$0471			IORWF	STACK_1, W
$0296	$0470			IORWF	STACK_0, W
$0297	$1903			BTFSC	STATUS, Z
$0298	$2B1D			GOTO	END_ALL
$0299	$0873			MOVF	STACK_3, W
$029A	$0677			XORWF	STACK_7, W
$029B	$00A0			MOVWF	___math_tempb
$029C	$1BA0			BTFSC	___math_tempb, 7
$029D	$09FD			COMF	STACK_13, F
$029E	$1FF7			BTFSS	STACK_7, 7
$029F	$2AAB			GOTO	CA3232S
$02A0	$09F4			COMF	STACK_4, F
$02A1	$09F5			COMF	STACK_5, F
$02A2	$09F6			COMF	STACK_6, F
$02A3	$09F7			COMF	STACK_7, F
$02A4	$0AF4			INCF	STACK_4, F
$02A5	$1903			BTFSC	STATUS, Z
$02A6	$0AF5			INCF	STACK_5, F
$02A7	$1903			BTFSC	STATUS, Z
$02A8	$0AF6			INCF	STACK_6, F
$02A9	$1903			BTFSC	STATUS, Z
$02AA	$0AF7			INCF	STACK_7, F
$02AB	$	CA3232S:
$02AB	$1FF3			BTFSS	STACK_3, 7
$02AC	$2AB8			GOTO	C3232SX
$02AD	$09F0			COMF	STACK_0, F
$02AE	$09F1			COMF	STACK_1, F
$02AF	$09F2			COMF	STACK_2, F
$02B0	$09F3			COMF	STACK_3, F
$02B1	$0AF0			INCF	STACK_0, F
$02B2	$1903			BTFSC	STATUS, Z
$02B3	$0AF1			INCF	STACK_1, F
$02B4	$1903			BTFSC	STATUS, Z
$02B5	$0AF2			INCF	STACK_2, F
$02B6	$1903			BTFSC	STATUS, Z
$02B7	$0AF3			INCF	STACK_3, F
$02B8	$	C3232SX:
$02B8	$0873			MOVF	STACK_3, W
$02B9	$0477			IORWF	STACK_7, W
$02BA	$00A0			MOVWF	___math_tempb
$02BB	$1BA0			BTFSC	___math_tempb, 7
$02BC	$2AD9			GOTO	C3232SX1
$02BD	$	C3232S:
$02BD	$2004			CALL	_SDIV3232L
$02BE	$	C3232S2:
$02BE	$1BFC			BTFSC	STACK_12, 7
$02BF	$2AF6			GOTO	C3232SX4
$02C0	$	C3232SOK:
$02C0	$1FFD			BTFSS	STACK_13, 7
$02C1	$2B1D			GOTO	END_ALL
$02C2	$09F0			COMF	STACK_0, F
$02C3	$09F1			COMF	STACK_1, F
$02C4	$09F2			COMF	STACK_2, F
$02C5	$09F3			COMF	STACK_3, F
$02C6	$0AF0			INCF	STACK_0, F
$02C7	$1903			BTFSC	STATUS, Z
$02C8	$0AF1			INCF	STACK_1, F
$02C9	$1903			BTFSC	STATUS, Z
$02CA	$0AF2			INCF	STACK_2, F
$02CB	$1903			BTFSC	STATUS, Z
$02CC	$0AF3			INCF	STACK_3, F
$02CD	$09F8			COMF	STACK_8, F
$02CE	$09F9			COMF	STACK_9, F
$02CF	$09FA			COMF	STACK_10, F
$02D0	$09FB			COMF	STACK_11, F
$02D1	$0AF8			INCF	STACK_8, F
$02D2	$1903			BTFSC	STATUS, Z
$02D3	$0AF9			INCF	STACK_9, F
$02D4	$1903			BTFSC	STATUS, Z
$02D5	$0AFA			INCF	STACK_10, F
$02D6	$1903			BTFSC	STATUS, Z
$02D7	$0AFB			INCF	STACK_11, F
$02D8	$2B1D			GOTO	END_ALL
$02D9	$	C3232SX1:
$02D9	$1FF7			BTFSS	STACK_7, 7
$02DA	$2AF0			GOTO	C3232SX3
$02DB	$1BF3			BTFSC	STACK_3, 7
$02DC	$2AEA			GOTO	C3232SX2
$02DD	$0873			MOVF	STACK_3, W
$02DE	$00FB			MOVWF	STACK_11
$02DF	$0872			MOVF	STACK_2, W
$02E0	$00FA			MOVWF	STACK_10
$02E1	$0871			MOVF	STACK_1, W
$02E2	$00F9			MOVWF	STACK_9
$02E3	$0870			MOVF	STACK_0, W
$02E4	$00F8			MOVWF	STACK_8
$02E5	$01F3			CLRF	STACK_3
$02E6	$01F2			CLRF	STACK_2
$02E7	$01F1			CLRF	STACK_1
$02E8	$01F0			CLRF	STACK_0
$02E9	$2AC0			GOTO	C3232SOK
$02EA	$	C3232SX2:
$02EA	$01F3			CLRF	STACK_3
$02EB	$01F2			CLRF	STACK_2
$02EC	$01F1			CLRF	STACK_1
$02ED	$01F0			CLRF	STACK_0
$02EE	$0AF0			INCF	STACK_0, F
$02EF	$3400			RETLW	0x00
$02F0	$	C3232SX3:
$02F0	$09F3			COMF	STACK_3, F
$02F1	$09F2			COMF	STACK_2, F
$02F2	$09F1			COMF	STACK_1, F
$02F3	$09F0			COMF	STACK_0, F
$02F4	$17FC			BSF	STACK_12, 7
$02F5	$2ABD			GOTO	C3232S
$02F6	$	C3232SX4:
$02F6	$0AF8			INCF	STACK_8, F
$02F7	$1903			BTFSC	STATUS, Z
$02F8	$0AF9			INCF	STACK_9, F
$02F9	$1903			BTFSC	STATUS, Z
$02FA	$0AFA			INCF	STACK_10, F
$02FB	$1903			BTFSC	STATUS, Z
$02FC	$0AFB			INCF	STACK_11, F
$02FD	$0874			MOVF	STACK_4, W
$02FE	$0278			SUBWF	STACK_8, W
$02FF	$1D03			BTFSS	STATUS, Z
$0300	$2AC0			GOTO	C3232SOK
$0301	$0875			MOVF	STACK_5, W
$0302	$0279			SUBWF	STACK_9, W
$0303	$1D03			BTFSS	STATUS, Z
$0304	$2AC0			GOTO	C3232SOK
$0305	$0876			MOVF	STACK_6, W
$0306	$027A			SUBWF	STACK_10, W
$0307	$1D03			BTFSS	STATUS, Z
$0308	$2AC0			GOTO	C3232SOK
$0309	$0877			MOVF	STACK_7, W
$030A	$027B			SUBWF	STACK_11, W
$030B	$1D03			BTFSS	STATUS, Z
$030C	$2AC0			GOTO	C3232SOK
$030D	$01FB			CLRF	STACK_11
$030E	$01FA			CLRF	STACK_10
$030F	$01F9			CLRF	STACK_9
$0310	$01F8			CLRF	STACK_8
$0311	$0AF0			INCF	STACK_0, F
$0312	$1903			BTFSC	STATUS, Z
$0313	$0AF1			INCF	STACK_1, F
$0314	$1903			BTFSC	STATUS, Z
$0315	$0AF2			INCF	STACK_2, F
$0316	$1903			BTFSC	STATUS, Z
$0317	$0AF3			INCF	STACK_3, F
$0318	$1FF3			BTFSS	STACK_3, 7
$0319	$2AC0			GOTO	C3232SOK
$031A	$01A0			CLRF	___math_tempb
$031B	$1620			BSF	___math_tempb, 4
$031C	$34FF			RETLW	0xFF
$031D	$	END_ALL:
$031D	$01A0			CLRF	___math_tempb
$031E	$1C7C			BTFSS	STACK_12, 0
$031F	$2B21			GOTO	avoid_comfrem
$0320	$2540			CALL	_COMFREM
$0321	$	avoid_comfrem:
$0321	$3F00			ADDLW	0x00
$0322	$0008			RETURN
$04BF	$	_Div_16x16_U:
$04BF	$1303			BCF	STATUS, RP1
$04C0	$1283			BCF	STATUS, RP0
$04C1	$01F8			CLRF	STACK_8
$04C2	$01F9			CLRF	STACK_9
$04C3	$3010			MOVLW	16
$04C4	$00FC			MOVWF	STACK_12
$04C5	$0D71			RLF	STACK_1, W
$04C6	$0DF8			RLF	STACK_8, F
$04C7	$0DF9			RLF	STACK_9, F
$04C8	$0874			MOVF	STACK_4, W
$04C9	$02F8			SUBWF	STACK_8, F
$04CA	$0875			MOVF	STACK_5, W
$04CB	$1C03			BTFSS	STATUS, C
$04CC	$0F75			INCFSZ	STACK_5, W
$04CD	$02F9			SUBWF	STACK_9, F
$04CE	$1803			BTFSC	STATUS, C
$04CF	$2CD7			GOTO	$+8
$04D0	$0874			MOVF	STACK_4, W
$04D1	$07F8			ADDWF	STACK_8, F
$04D2	$0875			MOVF	STACK_5, W
$04D3	$1803			BTFSC	STATUS, C
$04D4	$0F75			INCFSZ	STACK_5, W
$04D5	$07F9			ADDWF	STACK_9, F
$04D6	$1003			BCF	STATUS, C
$04D7	$0DF0			RLF	STACK_0, F
$04D8	$0DF1			RLF	STACK_1, F
$04D9	$0BFC			DECFSZ	STACK_12, F
$04DA	$2CC5			GOTO	$-21
$04DB	$0008			RETURN
$049E	$	_Motor_Init:
;motor.h,17 :: 		
;motor.h,19 :: 		
$049E	$1303			BCF	STATUS, RP1
$049F	$1283			BCF	STATUS, RP0
$04A0	$0821			MOVF	_motor_init_, 0
$04A1	$3A00			XORLW	0
$04A2	$1D03			BTFSS	STATUS, Z
$04A3	$2CBE			GOTO	L_Motor_Init_0
;motor.h,21 :: 		
$04A4	$3001			MOVLW	1
$04A5	$00A1			MOVWF	_motor_init_
;motor.h,22 :: 		
$04A6	$1703			BSF	STATUS, RP1
$04A7	$1683			BSF	STATUS, RP0
$04A8	$1009			BCF	ANSELH, 0
;motor.h,23 :: 		
$04A9	$1109			BCF	ANSELH, 2
;motor.h,24 :: 		
$04AA	$1303			BCF	STATUS, RP1
$04AB	$1086			BCF	TRISB, 1
;motor.h,25 :: 		
$04AC	$1106			BCF	TRISB, 2
;motor.h,26 :: 		
$04AD	$1008			BCF	TRISD, 0
;motor.h,27 :: 		
$04AE	$1088			BCF	TRISD, 1
;motor.h,28 :: 		
$04AF	$1283			BCF	STATUS, RP0
$04B0	$1012			BCF	T2CON, T2CKPS0
$04B1	$1092			BCF	T2CON, T2CKPS1
$04B2	$1412			BSF	T2CON, T2CKPS0
$04B3	$30F9			MOVLW	249
$04B4	$1683			BSF	STATUS, RP0
$04B5	$0092			MOVWF	PR2
$04B6	$257D			CALL	_PWM1_Init
;motor.h,29 :: 		
$04B7	$1012			BCF	T2CON, T2CKPS0
$04B8	$1092			BCF	T2CON, T2CKPS1
$04B9	$1412			BSF	T2CON, T2CKPS0
$04BA	$30F9			MOVLW	249
$04BB	$1683			BSF	STATUS, RP0
$04BC	$0092			MOVWF	PR2
$04BD	$2577			CALL	_PWM2_Init
;motor.h,30 :: 		
$04BE	$	L_Motor_Init_0:
;motor.h,31 :: 		
$04BE	$0008			RETURN
$0506	$	_Change_Duty:
;motor.h,37 :: 		
;motor.h,39 :: 		
$0506	$1303			BCF	STATUS, RP1
$0507	$1283			BCF	STATUS, RP0
$0508	$083A			MOVF	FARG_Change_Duty+0, 0
$0509	$0622			XORWF	_motor_duty_, 0
$050A	$1903			BTFSC	STATUS, Z
$050B	$2D14			GOTO	L_Change_Duty_1
;motor.h,41 :: 		
$050C	$083A			MOVF	FARG_Change_Duty+0, 0
$050D	$00A2			MOVWF	_motor_duty_
;motor.h,42 :: 		
$050E	$083A			MOVF	FARG_Change_Duty+0, 0
$050F	$00BB			MOVWF	FARG_PWM1_Change_Duty+0
$0510	$23F5			CALL	_PWM1_Change_Duty
;motor.h,43 :: 		
$0511	$083A			MOVF	FARG_Change_Duty+0, 0
$0512	$00BB			MOVWF	FARG_PWM2_Change_Duty+0
$0513	$242E			CALL	_PWM2_Change_Duty
;motor.h,44 :: 		
$0514	$	L_Change_Duty_1:
;motor.h,45 :: 		
$0514	$0008			RETURN
$0567	$	_Motor_A_FWD:
;motor.h,49 :: 		
;motor.h,51 :: 		
$0567	$2557			CALL	_PWM1_Start
;motor.h,52 :: 		
$0568	$1008			BCF	PORTD, 0
;motor.h,53 :: 		
$0569	$1488			BSF	PORTD, 1
;motor.h,54 :: 		
$056A	$0008			RETURN
$055F	$	_Motor_B_FWD:
;motor.h,58 :: 		
;motor.h,60 :: 		
$055F	$256B			CALL	_PWM2_Start
;motor.h,61 :: 		
$0560	$1086			BCF	PORTB, 1
;motor.h,62 :: 		
$0561	$1506			BSF	PORTB, 2
;motor.h,63 :: 		
$0562	$0008			RETURN
$0563	$	_Motor_A_BWD:
;motor.h,67 :: 		
;motor.h,69 :: 		
$0563	$2557			CALL	_PWM1_Start
;motor.h,70 :: 		
$0564	$1408			BSF	PORTD, 0
;motor.h,71 :: 		
$0565	$1088			BCF	PORTD, 1
;motor.h,72 :: 		
$0566	$0008			RETURN
$0573	$	_Motor_B_BWD:
;motor.h,76 :: 		
;motor.h,78 :: 		
$0573	$256B			CALL	_PWM2_Start
;motor.h,79 :: 		
$0574	$1486			BSF	PORTB, 1
;motor.h,80 :: 		
$0575	$1106			BCF	PORTB, 2
;motor.h,81 :: 		
$0576	$0008			RETURN
$04DC	$	_Sound_Init:
$04DC	$1303			BCF	STATUS, RP1
$04DD	$1283			BCF	STATUS, RP0
$04DE	$082C			MOVF	FARG_Sound_Init+0, 0
$04DF	$00A3			MOVWF	Sound_soundPortAddr
$04E0	$082D			MOVF	FARG_Sound_Init+1, 0
$04E1	$00F1			MOVWF	STACK_1
$04E2	$3001			MOVLW	1
$04E3	$00F0			MOVWF	STACK_0
$04E4	$0871			MOVF	STACK_1, 0
$04E5	$	L_Sound_Init_3:
$04E5	$1903			BTFSC	STATUS, Z
$04E6	$2CEB			GOTO	L_Sound_Init_4
$04E7	$0DF0			RLF	STACK_0, 1
$04E8	$1070			BCF	STACK_0, 0
$04E9	$3FFF			ADDLW	255
$04EA	$2CE5			GOTO	L_Sound_Init_3
$04EB	$	L_Sound_Init_4:
$04EB	$0870			MOVF	STACK_0, 0
$04EC	$00A4			MOVWF	Sound_pinMask1
$04ED	$09F0			COMF	STACK_0, F
$04EE	$0870			MOVF	STACK_0, 0
$04EF	$00A5			MOVWF	Sound_pinMask0
$04F0	$082C			MOVF	FARG_Sound_Init+0, 0
$04F1	$0084			MOVWF	FSR
$04F2	$0870			MOVF	STACK_0, 0
$04F3	$0580			ANDWF	INDF, 1
$04F4	$1784			BSF	FSR, 7
$04F5	$0870			MOVF	STACK_0, 0
$04F6	$0580			ANDWF	INDF, 1
$04F7	$0008			RETURN
$0323	$	_Adc_Rd:
;adc.h,1 :: 		
;adc.h,4 :: 		
$0323	$3000			MOVLW	0
$0324	$1303			BCF	STATUS, RP1
$0325	$1283			BCF	STATUS, RP0
$0326	$022C			SUBWF	FARG_Adc_Rd+0, 0
$0327	$1C03			BTFSS	STATUS, C
$0328	$2B3C			GOTO	L_Adc_Rd_4
$0329	$082C			MOVF	FARG_Adc_Rd+0, 0
$032A	$3C03			SUBLW	3
$032B	$1C03			BTFSS	STATUS, C
$032C	$2B3C			GOTO	L_Adc_Rd_4
$032D	$	L107_ex_L_Adc_Rd_4:
;adc.h,5 :: 		
$032D	$082C			MOVF	FARG_Adc_Rd+0, 0
$032E	$00F2			MOVWF	STACK_2
$032F	$3001			MOVLW	1
$0330	$00F0			MOVWF	STACK_0
$0331	$0872			MOVF	STACK_2, 0
$0332	$	L_Adc_Rd_29:
$0332	$1903			BTFSC	STATUS, Z
$0333	$2B38			GOTO	L_Adc_Rd_30
$0334	$0DF0			RLF	STACK_0, 1
$0335	$1070			BCF	STACK_0, 0
$0336	$3FFF			ADDLW	255
$0337	$2B32			GOTO	L_Adc_Rd_29
$0338	$	L_Adc_Rd_30:
$0338	$0870			MOVF	STACK_0, 0
$0339	$1683			BSF	STATUS, RP0
$033A	$0485			IORWF	TRISA, 1
$033B	$2B5E			GOTO	L_Adc_Rd_5
$033C	$	L_Adc_Rd_4:
;adc.h,6 :: 		
$033C	$1283			BCF	STATUS, RP0
$033D	$082C			MOVF	FARG_Adc_Rd+0, 0
$033E	$3A04			XORLW	4
$033F	$1D03			BTFSS	STATUS, Z
$0340	$2B44			GOTO	L_Adc_Rd_6
;adc.h,7 :: 		
$0341	$1683			BSF	STATUS, RP0
$0342	$1685			BSF	TRISA, 5
$0343	$2B5E			GOTO	L_Adc_Rd_7
$0344	$	L_Adc_Rd_6:
;adc.h,8 :: 		
$0344	$3005			MOVLW	5
$0345	$1283			BCF	STATUS, RP0
$0346	$022C			SUBWF	FARG_Adc_Rd+0, 0
$0347	$1C03			BTFSS	STATUS, C
$0348	$2B5E			GOTO	L_Adc_Rd_10
$0349	$082C			MOVF	FARG_Adc_Rd+0, 0
$034A	$3C07			SUBLW	7
$034B	$1C03			BTFSS	STATUS, C
$034C	$2B5E			GOTO	L_Adc_Rd_10
$034D	$	L130_ex_L_Adc_Rd_10:
;adc.h,9 :: 		
$034D	$3005			MOVLW	5
$034E	$022C			SUBWF	FARG_Adc_Rd+0, 0
$034F	$00F0			MOVWF	STACK_0
$0350	$0870			MOVF	STACK_0, 0
$0351	$00F2			MOVWF	STACK_2
$0352	$3001			MOVLW	1
$0353	$00F0			MOVWF	STACK_0
$0354	$0872			MOVF	STACK_2, 0
$0355	$	L_Adc_Rd_31:
$0355	$1903			BTFSC	STATUS, Z
$0356	$2B5B			GOTO	L_Adc_Rd_32
$0357	$0DF0			RLF	STACK_0, 1
$0358	$1070			BCF	STACK_0, 0
$0359	$3FFF			ADDLW	255
$035A	$2B55			GOTO	L_Adc_Rd_31
$035B	$	L_Adc_Rd_32:
$035B	$0870			MOVF	STACK_0, 0
$035C	$1683			BSF	STATUS, RP0
$035D	$0489			IORWF	TRISE, 1
$035E	$	L_Adc_Rd_10:
$035E	$	L_Adc_Rd_7:
$035E	$	L_Adc_Rd_5:
;adc.h,10 :: 		
$035E	$1303			BCF	STATUS, RP1
$035F	$1683			BSF	STATUS, RP0
$0360	$1283			BCF	STATUS, RP0
$0361	$082C			MOVF	FARG_Adc_Rd+0, 0
$0362	$00F2			MOVWF	STACK_2
$0363	$3001			MOVLW	1
$0364	$00F0			MOVWF	STACK_0
$0365	$0872			MOVF	STACK_2, 0
$0366	$	L_Adc_Rd_33:
$0366	$1903			BTFSC	STATUS, Z
$0367	$2B6C			GOTO	L_Adc_Rd_34
$0368	$0DF0			RLF	STACK_0, 1
$0369	$1070			BCF	STACK_0, 0
$036A	$3FFF			ADDLW	255
$036B	$2B66			GOTO	L_Adc_Rd_33
$036C	$	L_Adc_Rd_34:
$036C	$0870			MOVF	STACK_0, 0
$036D	$1703			BSF	STATUS, RP1
$036E	$1683			BSF	STATUS, RP0
$036F	$0488			IORWF	ANSEL, 1
;adc.h,11 :: 		
$0370	$3002			MOVLW	2
$0371	$00F4			MOVWF	STACK_4
$0372	$1303			BCF	STATUS, RP1
$0373	$1283			BCF	STATUS, RP0
$0374	$082C			MOVF	FARG_Adc_Rd+0, 0
$0375	$00F0			MOVWF	STACK_0
$0376	$0874			MOVF	STACK_4, 0
$0377	$	L_Adc_Rd_35:
$0377	$1903			BTFSC	STATUS, Z
$0378	$2B7D			GOTO	L_Adc_Rd_36
$0379	$0DF0			RLF	STACK_0, 1
$037A	$1070			BCF	STACK_0, 0
$037B	$3FFF			ADDLW	255
$037C	$2B77			GOTO	L_Adc_Rd_35
$037D	$	L_Adc_Rd_36:
$037D	$0870			MOVF	STACK_0, 0
$037E	$3FC1			ADDLW	193
$037F	$009F			MOVWF	ADCON0
;adc.h,12 :: 		
$0380	$3010			MOVLW	16
$0381	$00FA			MOVWF	STACK_10
$0382	$0BFA			DECFSZ	STACK_10, F
$0383	$2B82			GOTO	$-1
$0384	$0000			NOP
;adc.h,13 :: 		
$0385	$149F			BSF	ADCON0, 1
;adc.h,14 :: 		
$0386	$	L_Adc_Rd_11:
$0386	$189F			BTFSC	ADCON0, 1
$0387	$2B86			GOTO	L_Adc_Rd_11
$0388	$	L_Adc_Rd_12:
;adc.h,15 :: 		
$0388	$3002			MOVLW	2
$0389	$00F4			MOVWF	STACK_4
$038A	$081E			MOVF	ADRESH, 0
$038B	$00AD			MOVWF	FLOC_Adc_Rd+0
$038C	$01AE			CLRF	FLOC_Adc_Rd+1
$038D	$0874			MOVF	STACK_4, 0
$038E	$	L_Adc_Rd_37:
$038E	$1903			BTFSC	STATUS, Z
$038F	$2B95			GOTO	L_Adc_Rd_38
$0390	$0DAD			RLF	FLOC_Adc_Rd+0, 1
$0391	$0DAE			RLF	FLOC_Adc_Rd+1, 1
$0392	$102D			BCF	FLOC_Adc_Rd+0, 0
$0393	$3FFF			ADDLW	255
$0394	$2B8E			GOTO	L_Adc_Rd_37
$0395	$	L_Adc_Rd_38:
$0395	$3006			MOVLW	6
$0396	$00F4			MOVWF	STACK_4
$0397	$1683			BSF	STATUS, RP0
$0398	$081E			MOVF	ADRESL, 0
$0399	$00F0			MOVWF	STACK_0
$039A	$0874			MOVF	STACK_4, 0
$039B	$	L_Adc_Rd_39:
$039B	$1903			BTFSC	STATUS, Z
$039C	$2BA1			GOTO	L_Adc_Rd_40
$039D	$0CF0			RRF	STACK_0, 1
$039E	$13F0			BCF	STACK_0, 7
$039F	$3FFF			ADDLW	255
$03A0	$2B9B			GOTO	L_Adc_Rd_39
$03A1	$	L_Adc_Rd_40:
$03A1	$3000			MOVLW	0
$03A2	$00F1			MOVWF	STACK_0+1
$03A3	$1283			BCF	STATUS, RP0
$03A4	$082D			MOVF	FLOC_Adc_Rd+0, 0
$03A5	$07F0			ADDWF	STACK_0, 1
$03A6	$082E			MOVF	FLOC_Adc_Rd+1, 0
$03A7	$1803			BTFSC	STATUS, C
$03A8	$3F01			ADDLW	1
$03A9	$07F1			ADDWF	STACK_0+1, 1
;adc.h,16 :: 		
;adc.h,17 :: 		
$03AA	$0008			RETURN
$01E3	$	_Sound_Play:
$01E3	$254E			CALL	_Get_Fosc_kHz
$01E4	$30E8			MOVLW	232
$01E5	$00F4			MOVWF	STACK_4
$01E6	$3003			MOVLW	3
$01E7	$00F5			MOVWF	STACK_4+1
$01E8	$01F6			CLRF	STACK_4+2
$01E9	$01F7			CLRF	STACK_4+3
$01EA	$2467			CALL	_mul_32x32_u
$01EB	$0870			MOVF	STACK_0, 0
$01EC	$00B2			MOVWF	Sound_Play_per_nc_L0
$01ED	$0871			MOVF	STACK_0+1, 0
$01EE	$00B3			MOVWF	Sound_Play_per_nc_L0+1
$01EF	$0872			MOVF	STACK_0+2, 0
$01F0	$00B4			MOVWF	Sound_Play_per_nc_L0+2
$01F1	$0873			MOVF	STACK_0+3, 0
$01F2	$00B5			MOVWF	Sound_Play_per_nc_L0+3
$01F3	$082C			MOVF	FARG_Sound_Play+0, 0
$01F4	$00F4			MOVWF	STACK_4
$01F5	$082D			MOVF	FARG_Sound_Play+1, 0
$01F6	$00F5			MOVWF	STACK_4+1
$01F7	$01F6			CLRF	STACK_4+2
$01F8	$01F7			CLRF	STACK_4+3
$01F9	$2289			CALL	_div_32x32_s
$01FA	$0870			MOVF	STACK_0, 0
$01FB	$00B2			MOVWF	Sound_Play_per_nc_L0
$01FC	$0871			MOVF	STACK_0+1, 0
$01FD	$00B3			MOVWF	Sound_Play_per_nc_L0+1
$01FE	$0872			MOVF	STACK_0+2, 0
$01FF	$00B4			MOVWF	Sound_Play_per_nc_L0+2
$0200	$0873			MOVF	STACK_0+3, 0
$0201	$00B5			MOVWF	Sound_Play_per_nc_L0+3
$0202	$3003			MOVLW	3
$0203	$00F4			MOVWF	STACK_4
$0204	$0874			MOVF	STACK_4, 0
$0205	$	L_Sound_Play_5:
$0205	$1903			BTFSC	STATUS, Z
$0206	$2A0E			GOTO	L_Sound_Play_6
$0207	$0CF3			RRF	STACK_0+3, 1
$0208	$0CF2			RRF	STACK_0+2, 1
$0209	$0CF1			RRF	STACK_0+1, 1
$020A	$0CF0			RRF	STACK_0, 1
$020B	$13F3			BCF	STACK_0+3, 7
$020C	$3FFF			ADDLW	255
$020D	$2A05			GOTO	L_Sound_Play_5
$020E	$	L_Sound_Play_6:
$020E	$0870			MOVF	STACK_0, 0
$020F	$00B0			MOVWF	Sound_Play_nc_L0
$0210	$0871			MOVF	STACK_0+1, 0
$0211	$00B1			MOVWF	Sound_Play_nc_L0+1
$0212	$254E			CALL	_Get_Fosc_kHz
$0213	$082E			MOVF	FARG_Sound_Play+2, 0
$0214	$00F4			MOVWF	STACK_4
$0215	$082F			MOVF	FARG_Sound_Play+3, 0
$0216	$00F5			MOVWF	STACK_4+1
$0217	$01F6			CLRF	STACK_4+2
$0218	$01F7			CLRF	STACK_4+3
$0219	$2467			CALL	_mul_32x32_u
$021A	$0870			MOVF	STACK_0, 0
$021B	$00B6			MOVWF	FLOC_Sound_Play+6
$021C	$0871			MOVF	STACK_0+1, 0
$021D	$00B7			MOVWF	FLOC_Sound_Play+7
$021E	$0872			MOVF	STACK_0+2, 0
$021F	$00B8			MOVWF	FLOC_Sound_Play+8
$0220	$0873			MOVF	STACK_0+3, 0
$0221	$00B9			MOVWF	FLOC_Sound_Play+9
$0222	$0830			MOVF	Sound_Play_nc_L0, 0
$0223	$00F0			MOVWF	STACK_0
$0224	$0831			MOVF	Sound_Play_nc_L0+1, 0
$0225	$00F1			MOVWF	STACK_0+1
$0226	$01F2			CLRF	STACK_0+2
$0227	$01F3			CLRF	STACK_0+3
$0228	$3003			MOVLW	3
$0229	$00F4			MOVWF	STACK_4
$022A	$0874			MOVF	STACK_4, 0
$022B	$	L_Sound_Play_7:
$022B	$1903			BTFSC	STATUS, Z
$022C	$2A34			GOTO	L_Sound_Play_8
$022D	$0DF0			RLF	STACK_0, 1
$022E	$0DF1			RLF	STACK_0+1, 1
$022F	$0DF2			RLF	STACK_0+2, 1
$0230	$0DF3			RLF	STACK_0+3, 1
$0231	$1070			BCF	STACK_0, 0
$0232	$3FFF			ADDLW	255
$0233	$2A2B			GOTO	L_Sound_Play_7
$0234	$	L_Sound_Play_8:
$0234	$0870			MOVF	STACK_0, 0
$0235	$00F4			MOVWF	STACK_4
$0236	$0871			MOVF	STACK_0+1, 0
$0237	$00F5			MOVWF	STACK_4+1
$0238	$0872			MOVF	STACK_0+2, 0
$0239	$00F6			MOVWF	STACK_4+2
$023A	$0873			MOVF	STACK_0+3, 0
$023B	$00F7			MOVWF	STACK_4+3
$023C	$0836			MOVF	FLOC_Sound_Play+6, 0
$023D	$00F0			MOVWF	STACK_0
$023E	$0837			MOVF	FLOC_Sound_Play+7, 0
$023F	$00F1			MOVWF	STACK_0+1
$0240	$0838			MOVF	FLOC_Sound_Play+8, 0
$0241	$00F2			MOVWF	STACK_0+2
$0242	$0839			MOVF	FLOC_Sound_Play+9, 0
$0243	$00F3			MOVWF	STACK_0+3
$0244	$2289			CALL	_div_32x32_s
$0245	$0870			MOVF	STACK_0, 0
$0246	$00B2			MOVWF	Sound_Play_per_nc_L0
$0247	$0871			MOVF	STACK_0+1, 0
$0248	$00B3			MOVWF	Sound_Play_per_nc_L0+1
$0249	$0872			MOVF	STACK_0+2, 0
$024A	$00B4			MOVWF	Sound_Play_per_nc_L0+2
$024B	$0873			MOVF	STACK_0+3, 0
$024C	$00B5			MOVWF	Sound_Play_per_nc_L0+3
$024D	$300A			MOVLW	10
$024E	$00F4			MOVWF	STACK_4
$024F	$3000			MOVLW	0
$0250	$00F5			MOVWF	STACK_4+1
$0251	$0830			MOVF	Sound_Play_nc_L0, 0
$0252	$00F0			MOVWF	STACK_0
$0253	$0831			MOVF	Sound_Play_nc_L0+1, 0
$0254	$00F1			MOVWF	STACK_0+1
$0255	$24BF			CALL	_div_16x16_u
$0256	$0870			MOVF	STACK_0, 0
$0257	$00B0			MOVWF	Sound_Play_nc_L0
$0258	$0871			MOVF	STACK_0+1, 0
$0259	$00B1			MOVWF	Sound_Play_nc_L0+1
$025A	$3000			MOVLW	0
$025B	$0271			SUBWF	STACK_0+1, 0
$025C	$1D03			BTFSS	STATUS, Z
$025D	$2A60			GOTO	L_Sound_Play_9
$025E	$3003			MOVLW	3
$025F	$0270			SUBWF	STACK_0, 0
$0260	$	L_Sound_Play_9:
$0260	$1803			BTFSC	STATUS, C
$0261	$2A63			GOTO	L_Sound_Play_0
$0262	$0008			RETURN
$0263	$	L_Sound_Play_0:
$0263	$0823			MOVF	Sound_soundPortAddr, 0
$0264	$0084			MOVWF	FSR
$0265	$	L_Sound_Play_1:
$0265	$0832			MOVF	Sound_Play_per_nc_L0, 0
$0266	$00F0			MOVWF	STACK_0
$0267	$0833			MOVF	Sound_Play_per_nc_L0+1, 0
$0268	$00F1			MOVWF	STACK_0+1
$0269	$0834			MOVF	Sound_Play_per_nc_L0+2, 0
$026A	$00F2			MOVWF	STACK_0+2
$026B	$0835			MOVF	Sound_Play_per_nc_L0+3, 0
$026C	$00F3			MOVWF	STACK_0+3
$026D	$3001			MOVLW	1
$026E	$02B2			SUBWF	Sound_Play_per_nc_L0, 1
$026F	$1C03			BTFSS	STATUS, C
$0270	$02B3			SUBWF	Sound_Play_per_nc_L0+1, 1
$0271	$1C03			BTFSS	STATUS, C
$0272	$02B4			SUBWF	Sound_Play_per_nc_L0+2, 1
$0273	$1C03			BTFSS	STATUS, C
$0274	$02B5			SUBWF	Sound_Play_per_nc_L0+3, 1
$0275	$0870			MOVF	STACK_0, 0
$0276	$0471			IORWF	STACK_0+1, 0
$0277	$0472			IORWF	STACK_0+2, 0
$0278	$0473			IORWF	STACK_0+3, 0
$0279	$1903			BTFSC	STATUS, Z
$027A	$2A86			GOTO	L_Sound_Play_2
$027B	$0824			MOVF	Sound_pinMask1, 0
$027C	$0480			IORWF	INDF, 1
$027D	$0830			MOVF	Sound_Play_nc_L0, 0
$027E	$00BA			MOVWF	FARG_Delay_Cyc+0
$027F	$252F			CALL	_Delay_Cyc
$0280	$0825			MOVF	Sound_pinMask0, 0
$0281	$0580			ANDWF	INDF, 1
$0282	$0830			MOVF	Sound_Play_nc_L0, 0
$0283	$00BA			MOVWF	FARG_Delay_Cyc+0
$0284	$252F			CALL	_Delay_Cyc
$0285	$2A65			GOTO	L_Sound_Play_1
$0286	$	L_Sound_Play_2:
$0286	$0825			MOVF	Sound_pinMask0, 0
$0287	$0580			ANDWF	INDF, 1
$0288	$0008			RETURN
$04FF	$	_Forward:
;motor.h,85 :: 		
;motor.h,87 :: 		
$04FF	$249E			CALL	_Motor_Init
;motor.h,88 :: 		
$0500	$082C			MOVF	FARG_Forward+0, 0
$0501	$00BA			MOVWF	FARG_Change_Duty+0
$0502	$2506			CALL	_Change_Duty
;motor.h,89 :: 		
$0503	$2567			CALL	_Motor_A_FWD
;motor.h,90 :: 		
$0504	$255F			CALL	_Motor_B_FWD
;motor.h,91 :: 		
$0505	$0008			RETURN
$04F8	$	_S_Left:
;motor.h,115 :: 		
;motor.h,117 :: 		
$04F8	$249E			CALL	_Motor_Init
;motor.h,118 :: 		
$04F9	$082C			MOVF	FARG_S_Left+0, 0
$04FA	$00BA			MOVWF	FARG_Change_Duty+0
$04FB	$2506			CALL	_Change_Duty
;motor.h,119 :: 		
$04FC	$2563			CALL	_Motor_A_BWD
;motor.h,120 :: 		
$04FD	$255F			CALL	_Motor_B_FWD
;motor.h,121 :: 		
$04FE	$0008			RETURN
$0515	$	_S_Right:
;motor.h,105 :: 		
;motor.h,107 :: 		
$0515	$249E			CALL	_Motor_Init
;motor.h,108 :: 		
$0516	$082C			MOVF	FARG_S_Right+0, 0
$0517	$00BA			MOVWF	FARG_Change_Duty+0
$0518	$2506			CALL	_Change_Duty
;motor.h,109 :: 		
$0519	$2567			CALL	_Motor_A_FWD
;motor.h,110 :: 		
$051A	$2573			CALL	_Motor_B_BWD
;motor.h,111 :: 		
$051B	$0008			RETURN
$051C	$	GlobalIniTrackLineBot:
$051C	$307F			MOVLW	127
$051D	$1303			BCF	STATUS, RP1
$051E	$1283			BCF	STATUS, RP0
$051F	$00A2			MOVWF	_motor_duty_+0
$0520	$3000			MOVLW	0
$0521	$00A1			MOVWF	_motor_init_+0
$0522	$3000			MOVLW	0
$0523	$00A6			MOVWF	_Cnt+0
$0524	$3005			MOVLW	5
$0525	$00A7			MOVWF	_First_Time+0
$0526	$3000			MOVLW	0
$0527	$00A8			MOVWF	_ADC1+0
$0528	$3000			MOVLW	0
$0529	$00A9			MOVWF	_ADC1+1
$052A	$3000			MOVLW	0
$052B	$00AA			MOVWF	_ADC2+0
$052C	$3000			MOVLW	0
$052D	$00AB			MOVWF	_ADC2+1
$052E	$0008			RETURN
$0132	$	_main:
;TrackLineBot.c,17 :: 		void main()
;TrackLineBot.c,24 :: 		Sound_Init(&PORTC,0);
$0132	$251C			CALL	GlobalIniTrackLineBot
$0133	$3007			MOVLW	PORTC
$0134	$00AC			MOVWF	FARG_Sound_Init+0
$0135	$01AD			CLRF	FARG_Sound_Init+1, 1
$0136	$24DC			CALL	_Sound_Init
;TrackLineBot.c,28 :: 		while(PORTA.F4==1);                   // Start Program when Press RA4
$0137	$	L_main_13:
$0137	$3000			MOVLW	0
$0138	$1A05			BTFSC	PORTA, 4
$0139	$3001			MOVLW	1
$013A	$00F2			MOVWF	STACK_2
$013B	$0872			MOVF	STACK_2, 0
$013C	$3A01			XORLW	1
$013D	$1903			BTFSC	STATUS, Z
$013E	$2937			GOTO	L_main_13
$013F	$	L_main_14:
;TrackLineBot.c,30 :: 		while(1)
$013F	$	L_main_15:
;TrackLineBot.c,32 :: 		ADC1 =Adc_Rd(0);                   // Reading Sensor from Left
$013F	$01AC			CLRF	FARG_Adc_Rd+0, 1
$0140	$2323			CALL	_Adc_Rd
$0141	$0870			MOVF	STACK_0, 0
$0142	$00A8			MOVWF	_ADC1
$0143	$0871			MOVF	STACK_0+1, 0
$0144	$00A9			MOVWF	_ADC1+1
;TrackLineBot.c,33 :: 		ADC2 =Adc_Rd(1);                   // Reading Sensor from Right
$0145	$3001			MOVLW	1
$0146	$00AC			MOVWF	FARG_Adc_Rd+0
$0147	$2323			CALL	_Adc_Rd
$0148	$0870			MOVF	STACK_0, 0
$0149	$00AA			MOVWF	_ADC2
$014A	$0871			MOVF	STACK_0+1, 0
$014B	$00AB			MOVWF	_ADC2+1
;TrackLineBot.c,34 :: 		if ((ADC1<300)&&(ADC2<300))        // Check Both Sensor Found White
$014C	$3080			MOVLW	128
$014D	$0629			XORWF	_ADC1+1, 0
$014E	$00F0			MOVWF	STACK_0
$014F	$3080			MOVLW	128
$0150	$3A01			XORLW	1
$0151	$0270			SUBWF	STACK_0, 0
$0152	$1D03			BTFSS	STATUS, Z
$0153	$2956			GOTO	L_main_41
$0154	$302C			MOVLW	44
$0155	$0228			SUBWF	_ADC1, 0
$0156	$	L_main_41:
$0156	$1803			BTFSC	STATUS, C
$0157	$2996			GOTO	L_main_19
$0158	$3080			MOVLW	128
$0159	$062B			XORWF	_ADC2+1, 0
$015A	$00F0			MOVWF	STACK_0
$015B	$3080			MOVLW	128
$015C	$3A01			XORLW	1
$015D	$0270			SUBWF	STACK_0, 0
$015E	$1D03			BTFSS	STATUS, Z
$015F	$2962			GOTO	L_main_42
$0160	$302C			MOVLW	44
$0161	$022A			SUBWF	_ADC2, 0
$0162	$	L_main_42:
$0162	$1803			BTFSC	STATUS, C
$0163	$2996			GOTO	L_main_19
$0164	$	L178_ex_L_main_19:
;TrackLineBot.c,36 :: 		if (First_Time!=0)            // Check First Time ?
$0164	$0827			MOVF	_First_Time, 0
$0165	$3A00			XORLW	0
$0166	$1903			BTFSC	STATUS, Z
$0167	$2996			GOTO	L_main_20
;TrackLineBot.c,38 :: 		First_Time=0;            // Change Status => Second_Time
$0168	$01A7			CLRF	_First_Time, 1
;TrackLineBot.c,39 :: 		Cnt++;
$0169	$0AA6			INCF	_Cnt, 1
;TrackLineBot.c,45 :: 		Sound_Play(250,100);     // Play Sound When Found Cross
$016A	$30FA			MOVLW	250
$016B	$00AC			MOVWF	FARG_Sound_Play+0
$016C	$01AD			CLRF	FARG_Sound_Play+1
$016D	$3064			MOVLW	100
$016E	$00AE			MOVWF	FARG_Sound_Play+2
$016F	$3000			MOVLW	0
$0170	$00AF			MOVWF	FARG_Sound_Play+3
$0171	$21E3			CALL	_Sound_Play
;TrackLineBot.c,46 :: 		Forward(255);            // Running Robot
$0172	$30FF			MOVLW	255
$0173	$00AC			MOVWF	FARG_Forward+0
$0174	$24FF			CALL	_Forward
;TrackLineBot.c,47 :: 		Delay_ms(400);
$0175	$300B			MOVLW	11
$0176	$00FC			MOVWF	STACK_12
$0177	$30FF			MOVLW	255
$0178	$00FB			MOVWF	STACK_11
$0179	$30FF			MOVLW	255
$017A	$00FA			MOVWF	STACK_10
$017B	$0BFC			DECFSZ	STACK_12, F
$017C	$297E			GOTO	$+2
$017D	$2985			GOTO	$+8
$017E	$0BFB			DECFSZ	STACK_11, F
$017F	$2981			GOTO	$+2
$0180	$2984			GOTO	$+4
$0181	$0BFA			DECFSZ	STACK_10, F
$0182	$2981			GOTO	$-1
$0183	$297E			GOTO	$-5
$0184	$297B			GOTO	$-9
$0185	$3033			MOVLW	51
$0186	$00FB			MOVWF	STACK_11
$0187	$30FF			MOVLW	255
$0188	$00FA			MOVWF	STACK_10
$0189	$0BFB			DECFSZ	STACK_11, F
$018A	$298C			GOTO	$+2
$018B	$298F			GOTO	$+4
$018C	$0BFA			DECFSZ	STACK_10, F
$018D	$298C			GOTO	$-1
$018E	$2989			GOTO	$-5
$018F	$3087			MOVLW	135
$0190	$00FA			MOVWF	STACK_10
$0191	$0BFA			DECFSZ	STACK_10, F
$0192	$2991			GOTO	$-1
$0193	$0000			NOP
$0194	$0000			NOP
$0195	$0000			NOP
;TrackLineBot.c,48 :: 		}
$0196	$	L_main_20:
;TrackLineBot.c,49 :: 		}
$0196	$	L_main_19:
;TrackLineBot.c,50 :: 		if ((ADC1>300)&&(ADC2>300))        // Check Both Sensor Found White
$0196	$3080			MOVLW	128
$0197	$3A01			XORLW	1
$0198	$00F0			MOVWF	STACK_0
$0199	$3080			MOVLW	128
$019A	$0629			XORWF	_ADC1+1, 0
$019B	$0270			SUBWF	STACK_0, 0
$019C	$1D03			BTFSS	STATUS, Z
$019D	$29A0			GOTO	L_main_43
$019E	$0828			MOVF	_ADC1, 0
$019F	$3C2C			SUBLW	44
$01A0	$	L_main_43:
$01A0	$1803			BTFSC	STATUS, C
$01A1	$29B7			GOTO	L_main_23
$01A2	$3080			MOVLW	128
$01A3	$3A01			XORLW	1
$01A4	$00F0			MOVWF	STACK_0
$01A5	$3080			MOVLW	128
$01A6	$062B			XORWF	_ADC2+1, 0
$01A7	$0270			SUBWF	STACK_0, 0
$01A8	$1D03			BTFSS	STATUS, Z
$01A9	$29AC			GOTO	L_main_44
$01AA	$082A			MOVF	_ADC2, 0
$01AB	$3C2C			SUBLW	44
$01AC	$	L_main_44:
$01AC	$1803			BTFSC	STATUS, C
$01AD	$29B7			GOTO	L_main_23
$01AE	$	L234_ex_L_main_23:
;TrackLineBot.c,52 :: 		if (First_Time!=1)            // Check First Time ?
$01AE	$0827			MOVF	_First_Time, 0
$01AF	$3A01			XORLW	1
$01B0	$1903			BTFSC	STATUS, Z
$01B1	$29B7			GOTO	L_main_24
;TrackLineBot.c,54 :: 		First_Time=1;            // Change Status => Second_Time
$01B2	$3001			MOVLW	1
$01B3	$00A7			MOVWF	_First_Time
;TrackLineBot.c,58 :: 		Forward(255);            // Running Robot
$01B4	$30FF			MOVLW	255
$01B5	$00AC			MOVWF	FARG_Forward+0
$01B6	$24FF			CALL	_Forward
;TrackLineBot.c,59 :: 		}
$01B7	$	L_main_24:
;TrackLineBot.c,60 :: 		}
$01B7	$	L_main_23:
;TrackLineBot.c,61 :: 		if (ADC1<300)                      // Left Sensor Found Black
$01B7	$3080			MOVLW	128
$01B8	$0629			XORWF	_ADC1+1, 0
$01B9	$00F0			MOVWF	STACK_0
$01BA	$3080			MOVLW	128
$01BB	$3A01			XORLW	1
$01BC	$0270			SUBWF	STACK_0, 0
$01BD	$1D03			BTFSS	STATUS, Z
$01BE	$29C1			GOTO	L_main_45
$01BF	$302C			MOVLW	44
$01C0	$0228			SUBWF	_ADC1, 0
$01C1	$	L_main_45:
$01C1	$1803			BTFSC	STATUS, C
$01C2	$29CC			GOTO	L_main_25
;TrackLineBot.c,63 :: 		S_Left(255);                  // Turn Left
$01C3	$30FF			MOVLW	255
$01C4	$00AC			MOVWF	FARG_S_Left+0
$01C5	$24F8			CALL	_S_Left
;TrackLineBot.c,64 :: 		if (First_Time!=2)
$01C6	$0827			MOVF	_First_Time, 0
$01C7	$3A02			XORLW	2
$01C8	$1903			BTFSC	STATUS, Z
$01C9	$29CC			GOTO	L_main_26
;TrackLineBot.c,66 :: 		First_Time=2;             // Clear First Time Stutus
$01CA	$3002			MOVLW	2
$01CB	$00A7			MOVWF	_First_Time
;TrackLineBot.c,70 :: 		}
$01CC	$	L_main_26:
;TrackLineBot.c,71 :: 		}
$01CC	$	L_main_25:
;TrackLineBot.c,72 :: 		if (ADC2<300)                      // Right Sensor Found Black
$01CC	$3080			MOVLW	128
$01CD	$062B			XORWF	_ADC2+1, 0
$01CE	$00F0			MOVWF	STACK_0
$01CF	$3080			MOVLW	128
$01D0	$3A01			XORLW	1
$01D1	$0270			SUBWF	STACK_0, 0
$01D2	$1D03			BTFSS	STATUS, Z
$01D3	$29D6			GOTO	L_main_46
$01D4	$302C			MOVLW	44
$01D5	$022A			SUBWF	_ADC2, 0
$01D6	$	L_main_46:
$01D6	$1803			BTFSC	STATUS, C
$01D7	$29E1			GOTO	L_main_27
;TrackLineBot.c,74 :: 		S_Right(255);                 // Turn Right
$01D8	$30FF			MOVLW	255
$01D9	$00AC			MOVWF	FARG_S_Right+0
$01DA	$2515			CALL	_S_Right
;TrackLineBot.c,75 :: 		if (First_Time!=3)
$01DB	$0827			MOVF	_First_Time, 0
$01DC	$3A03			XORLW	3
$01DD	$1903			BTFSC	STATUS, Z
$01DE	$29E1			GOTO	L_main_28
;TrackLineBot.c,77 :: 		First_Time=3;             // Clear First Time Status
$01DF	$3003			MOVLW	3
$01E0	$00A7			MOVWF	_First_Time
;TrackLineBot.c,81 :: 		}
$01E1	$	L_main_28:
;TrackLineBot.c,82 :: 		}
$01E1	$	L_main_27:
;TrackLineBot.c,83 :: 		}
$01E1	$293F			GOTO	L_main_15
;TrackLineBot.c,84 :: 		}
$01E2	$29E2			GOTO	$


//** Procedures locations **
//ADDRESS		PROCEDURE
//----------------------------------------------
$0004		SDIV3232L
$0132		main
$01E3		Sound_Play
$0289		Div_32x32_S
$0323		Adc_Rd
$03AB		Mul_16x16_S
$03F5		PWM1_Change_Duty
$042E		PWM2_Change_Duty
$0467		Mul_32x32_U
$049E		Motor_Init
$04BF		Div_16x16_U
$04DC		Sound_Init
$04F8		S_Left
$04FF		Forward
$0506		Change_Duty
$0515		S_Right
$051C		GlobalIniTrackLineBot
$052F		Delay_Cyc
$0540		COMFREM
$054E		Get_Fosc_kHz
$0557		PWM1_Start
$055F		Motor_B_FWD
$0563		Motor_A_BWD
$0567		Motor_A_FWD
$056B		PWM2_Start
$0573		Motor_B_BWD
$0577		PWM2_Init
$057D		PWM1_Init


//** Labels locations **
//ADDRESS		LABEL
//----------------------------------------------
$0004		_SDIV3232L:
$0017		LOOPS3232A:
$002D		SADD22LA:
$003A		SOK22LA:
$0053		SADD22L8:
$0060		SOK22L8:
$0063		LOOPS3232B:
$0079		SADD22LB:
$0086		SOK22LB:
$009F		SADD22L16:
$00AC		SOK22L16:
$00AF		LOOPS3232C:
$00C5		SADD22LC:
$00D2		SOK22LC:
$00EB		SADD22L24:
$00F8		SOK22L24:
$00FB		LOOPS3232D:
$0111		SADD22LD:
$011E		SOK22LD:
$0131		SOK22L:
$0132		_main:
$0137		L_main_13:
$013F		L_main_14:
$013F		L_main_15:
$0156		L_main_41:
$0162		L_main_42:
$0164		L178_ex_L_main_19:
$0196		L_main_19:
$0196		L_main_20:
$01A0		L_main_43:
$01AC		L_main_44:
$01AE		L234_ex_L_main_23:
$01B7		L_main_23:
$01B7		L_main_24:
$01C1		L_main_45:
$01CC		L_main_25:
$01CC		L_main_26:
$01D6		L_main_46:
$01E1		L_main_27:
$01E1		L_main_28:
$01E3		_Sound_Play:
$0205		L_Sound_Play_5:
$020E		L_Sound_Play_6:
$022B		L_Sound_Play_7:
$0234		L_Sound_Play_8:
$0260		L_Sound_Play_9:
$0263		L_Sound_Play_0:
$0265		L_Sound_Play_1:
$0286		L_Sound_Play_2:
$0289		_Div_32x32_S:
$028B		FXD3232S:
$02AB		CA3232S:
$02B8		C3232SX:
$02BD		C3232S:
$02BE		C3232S2:
$02C0		C3232SOK:
$02D9		C3232SX1:
$02EA		C3232SX2:
$02F0		C3232SX3:
$02F6		C3232SX4:
$031D		END_ALL:
$0321		avoid_comfrem:
$0323		_Adc_Rd:
$032D		L107_ex_L_Adc_Rd_4:
$0332		L_Adc_Rd_29:
$0338		L_Adc_Rd_30:
$033C		L_Adc_Rd_4:
$0344		L_Adc_Rd_6:
$034D		L130_ex_L_Adc_Rd_10:
$0355		L_Adc_Rd_31:
$035B		L_Adc_Rd_32:
$035E		L_Adc_Rd_10:
$035E		L_Adc_Rd_5:
$035E		L_Adc_Rd_7:
$0366		L_Adc_Rd_33:
$036C		L_Adc_Rd_34:
$0377		L_Adc_Rd_35:
$037D		L_Adc_Rd_36:
$0386		L_Adc_Rd_11:
$0388		L_Adc_Rd_12:
$038E		L_Adc_Rd_37:
$0395		L_Adc_Rd_38:
$039B		L_Adc_Rd_39:
$03A1		L_Adc_Rd_40:
$03AB		_Mul_16x16_S:
$03F5		_PWM1_Change_Duty:
$0409		L_PWM1_Change_Duty_2:
$0410		L_PWM1_Change_Duty_3:
$042E		_PWM2_Change_Duty:
$0442		L_PWM2_Change_Duty_0:
$0449		L_PWM2_Change_Duty_1:
$0467		_Mul_32x32_U:
$046F		_NEXT:
$0473		_LOOP:
$048F		_EXIT1:
$049D		_EXIT2:
$049E		_Motor_Init:
$04BE		L_Motor_Init_0:
$04BF		_Div_16x16_U:
$04DC		_Sound_Init:
$04E5		L_Sound_Init_3:
$04EB		L_Sound_Init_4:
$04F8		_S_Left:
$04FF		_Forward:
$0506		_Change_Duty:
$0514		L_Change_Duty_1:
$0515		_S_Right:
$051C		GlobalIniTrackLineBot:
$052F		_Delay_Cyc:
$0533		L_Delay_Cyc_0:
$053C		L_Delay_Cyc_1:
$0540		_COMFREM:
$054E		_Get_Fosc_kHz:
$0557		_PWM1_Start:
$055F		_Motor_B_FWD:
$0563		_Motor_A_BWD:
$0567		_Motor_A_FWD:
$056B		_PWM2_Start:
$0573		_Motor_B_BWD:
$0577		_PWM2_Init:
$057D		_PWM1_Init:


//** Variables locations **
//ADDRESS		VARIABLE
//----------------------------------------------
$0000		INDF
$0002		PCL
$0003		STATUS
$0004		FSR
$0005		PORTA
$0006		PORTB
$0007		PORTC
$0008		PORTD
$000A		PCLATH
$0012		T2CON
$0015		CCPR1L
$0017		CCP1CON
$001B		CCPR2L
$001D		CCP2CON
$001E		ADRESH
$001F		ADCON0
$0020		___math_tempb
$0021		_motor_init_
$0022		_motor_duty_
$0023		Sound_soundPortAddr
$0024		Sound_pinMask1
$0025		Sound_pinMask0
$0026		_Cnt
$0027		_First_Time
$0028		_ADC1
$002A		_ADC2
$002C		FARG_Adc_Rd+0
$002C		FARG_Forward+0
$002C		FARG_S_Left+0
$002C		FARG_S_Right+0
$002C		FARG_Sound_Init+0
$002C		FARG_Sound_Play+0
$002D		
$002D		FARG_Sound_Init+1
$002E		FARG_Sound_Play+2
$0030		Sound_Play_nc_L0
$0032		Sound_Play_per_nc_L0
$0036		
$003A		FARG_Change_Duty+0
$003A		FARG_Delay_Cyc+0
$003B		FARG_PWM1_Change_Duty+0
$003B		FARG_PWM1_Init+0
$003B		FARG_PWM2_Change_Duty+0
$003B		FARG_PWM2_Init+0
$0070		STACK_0
$0071		STACK_1
$0072		STACK_2
$0073		STACK_3
$0074		STACK_4
$0075		STACK_5
$0076		STACK_6
$0077		STACK_7
$0078		STACK_8
$0079		STACK_9
$007A		STACK_10
$007B		STACK_11
$007C		STACK_12
$007D		STACK_13
$007E		STACK_14
$007F		STACK_15
$0085		TRISA
$0086		TRISB
$0087		TRISC
$0088		TRISD
$0089		TRISE
$0092		PR2
$009E		ADRESL
$0188		ANSEL
$0189		ANSELH


